START | Rank: 40
START | Rank: 46
START | Rank: 120
START | Rank: 139
START | Rank: 232
START | Rank: 168
START | Rank: 178
START | Rank: 239
START | Rank: 50
START | Rank: 49
START | Rank: 128
START | Rank: 131
START | Rank: 102
START | Rank: 140
START | Rank: 318
START | Rank: 151
START | Rank: 309
START | Rank: 174
START | Rank: 101
START | Rank: 220
START | Rank: 161
START | Rank: 133
START | Rank: 229
START | Rank: 194
START | Rank: 9
START | Rank: 3
START | Rank: 158
START | Rank: 53
START | Rank: 41
START | Rank: 288
START | Rank: 190
START | Rank: 274
START | Rank: 272
START | Rank: 137
START | Rank: 132
START | Rank: 113
START | Rank: 143
START | Rank: 317
START | Rank: 302
START | Rank: 246
START | Rank: 259
START | Rank: 187
START | Rank: 103
START | Rank: 362
START | Rank: 286
START | Rank: 392
START | Rank: 14
START | Rank: 97
START | Rank: 176
START | Rank: 47
START | Rank: 148
START | Rank: 384
START | Rank: 223
START | Rank: 99
START | Rank: 379
START | Rank: 276
START | Rank: 171
START | Rank: 17
START | Rank: 154
START | Rank: 189
START | Rank: 298
START | Rank: 135
START | Rank: 211
START | Rank: 76
START | Rank: 196
START | Rank: 58
START | Rank: 75
START | Rank: 291
START | Rank: 254
START | Rank: 126
START | Rank: 214
START | Rank: 159
START | Rank: 263
START | Rank: 93
START | Rank: 231
START | Rank: 111
START | Rank: 4
START | Rank: 377
START | Rank: 300
START | Rank: 304
START | Rank: 393
START | Rank: 250
START | Rank: 382
START | Rank: 105
START | Rank: 127
START | Rank: 96
START | Rank: 165
START | Rank: 179
START | Rank: 52
START | Rank: 221
START | Rank: 60
START | Rank: 361
START | Rank: 296
START | Rank: 197
START | Rank: 149
START | Rank: 264
START | Rank: 45
START | Rank: 78
START | Rank: 129
START | Rank: 6
START | Rank: 192
START | Rank: 205
START | Rank: 155
START | Rank: 316
START | Rank: 71
START | Rank: 134
START | Rank: 248
START | Rank: 284
START | Rank: 386
START | Rank: 162
START | Rank: 208
START | Rank: 24
START | Rank: 85
START | Rank: 32
START | Rank: 184
START | Rank: 295
START | Rank: 270
START | Rank: 228
START | Rank: 108
START | Rank: 247
START | Rank: 145
START | Rank: 107
START | Rank: 11
START | Rank: 396
START | Rank: 364
START | Rank: 160
START | Rank: 313
START | Rank: 201
START | Rank: 86
START | Rank: 367
START | Rank: 44
START | Rank: 233
START | Rank: 388
START | Rank: 136
START | Rank: 48
START | Rank: 147
START | Rank: 290
START | Rank: 262
START | Rank: 185
START | Rank: 142
START | Rank: 215
START | Rank: 64
START | Rank: 69
START | Rank: 121
START | Rank: 19
START | Rank: 245
START | Rank: 21
START | Rank: 301
START | Rank: 206
START | Rank: 81
START | Rank: 191
START | Rank: 299
START | Rank: 173
START | Rank: 114
START | Rank: 29
START | Rank: 282
START | Rank: 227
START | Rank: 261
START | Rank: 124
START | Rank: 395
START | Rank: 95
START | Rank: 251
START | Rank: 57
START | Rank: 308
START | Rank: 16
START | Rank: 365
START | Rank: 166
START | Rank: 104
START | Rank: 375
START | Rank: 380
START | Rank: 195
START | Rank: 54
START | Rank: 157
START | Rank: 79
START | Rank: 217
START | Rank: 234
START | Rank: 130
START | Rank: 394
START | Rank: 150
START | Rank: 199
START | Rank: 278
START | Rank: 370
START | Rank: 244
START | Rank: 202
START | Rank: 28
START | Rank: 285
START | Rank: 36
START | Rank: 62
START | Rank: 2
START | Rank: 125
START | Rank: 83
START | Rank: 183
START | Rank: 110
START | Rank: 175
START | Rank: 305
START | Rank: 144
START | Rank: 109
START | Rank: 80
START | Rank: 265
START | Rank: 218
START | Rank: 289
START | Rank: 172
START | Rank: 226
START | Rank: 43
START | Rank: 307
START | Rank: 258
START | Rank: 15
START | Rank: 123
START | Rank: 389
START | Rank: 369
START | Rank: 42
START | Rank: 152
START | Rank: 180
START | Rank: 287
START | Rank: 77
START | Rank: 30
START | Rank: 141
START | Rank: 236
START | Rank: 397
START | Rank: 122
START | Rank: 209
START | Rank: 63
START | Rank: 260
START | Rank: 372
START | Rank: 387
START | Rank: 20
START | Rank: 91
START | Rank: 181
START | Rank: 252
START | Rank: 292
START | Rank: 293
START | Rank: 18
START | Rank: 115
START | Rank: 118
START | Rank: 164
START | Rank: 311
START | Rank: 271
START | Rank: 167
START | Rank: 315
START | Rank: 193
START | Rank: 51
START | Rank: 153
START | Rank: 352
START | Rank: 222
START | Rank: 280
START | Rank: 84
START | Rank: 55
START | Rank: 371
START | Rank: 253
START | Rank: 7
START | Rank: 385
START | Rank: 26
START | Rank: 156
START | Rank: 186
START | Rank: 68
START | Rank: 116
START | Rank: 204
START | Rank: 22
START | Rank: 356
START | Rank: 138
START | Rank: 238
START | Rank: 294
START | Rank: 203
START | Rank: 340
START | Rank: 310
START | Rank: 74
START | Rank: 279
START | Rank: 383
START | Rank: 363
START | Rank: 170
START | Rank: 117
START | Rank: 92
START | Rank: 242
START | Rank: 56
START | Rank: 269
START | Rank: 10
START | Rank: 381
START | Rank: 163
START | Rank: 89
START | Rank: 314
START | Rank: 230
START | Rank: 59
START | Rank: 358
START | Rank: 255
START | Rank: 281
START | Rank: 146
START | Rank: 373
START | Rank: 8
START | Rank: 188
START | Rank: 23
START | Rank: 345
START | Rank: 106
START | Rank: 198
START | Rank: 25
START | Rank: 67
START | Rank: 297
START | Rank: 112
START | Rank: 391
START | Rank: 212
START | Rank: 213
START | Rank: 66
START | Rank: 273
START | Rank: 319
START | Rank: 225
START | Rank: 399
START | Rank: 169
START | Rank: 82
START | Rank: 277
START | Rank: 90
START | Rank: 366
START | Rank: 5
START | Rank: 303
START | Rank: 249
START | Rank: 224
START | Rank: 119
START | Rank: 257
START | Rank: 35
START | Rank: 346
START | Rank: 13
START | Rank: 216
START | Rank: 355
START | Rank: 378
START | Rank: 100
START | Rank: 27
START | Rank: 182
START | Rank: 219
START | Rank: 72
START | Rank: 70
START | Rank: 268
START | Rank: 177
START | Rank: 283
START | Rank: 390
START | Rank: 312
START | Rank: 306
START | Rank: 88
START | Rank: 275
START | Rank: 237
START | Rank: 235
START | Rank: 12
START | Rank: 353
START | Rank: 376
START | Rank: 256
START | Rank: 322
START | Rank: 38
START | Rank: 39
START | Rank: 65
START | Rank: 374
START | Rank: 333
START | Rank: 243
START | Rank: 94
START | Rank: 210
START | Rank: 73
START | Rank: 347
START | Rank: 200
START | Rank: 267
START | Rank: 266
START | Rank: 87
START | Rank: 354
START | Rank: 398
START | Rank: 0
START | Rank: 241
START | Rank: 368
START | Rank: 1
START | Rank: 337
START | Rank: 33
START | Rank: 240
START | Rank: 34
START | Rank: 360
START | Rank: 334
START | Rank: 350
START | Rank: 61
START | Rank: 207
START | Rank: 98
START | Rank: 336
START | Rank: 31
START | Rank: 37
START | Rank: 344
START | Rank: 329
START | Rank: 349
START | Rank: 330
START | Rank: 328
START | Rank: 357
START | Rank: 342
START | Rank: 323
START | Rank: 324
START | Rank: 341
START | Rank: 327
START | Rank: 351
START | Rank: 326
START | Rank: 331
START | Rank: 348
START | Rank: 343
START | Rank: 320
START | Rank: 335
START | Rank: 359
START | Rank: 338
START | Rank: 325
START | Rank: 339
START | Rank: 321
START | Rank: 332
Benchmark count 1
Benchmark count 2
Benchmark count 3
Benchmark count 4
Benchmark count 5
Benchmark count 6
Benchmark count 7
Benchmark count 8
Benchmark count 9
Benchmark count 10
Benchmark count 11
Benchmark count 12
Benchmark count 13
Benchmark count 14
Benchmark count 15
Benchmark count 16
Benchmark count 17
Benchmark count 18
Benchmark count 19
Benchmark count 20
Benchmark count 21
Benchmark count 22
Benchmark count 23
Benchmark count 24
Benchmark count 25
Benchmark count 26
Benchmark count 27
Benchmark count 28
Benchmark count 29
Benchmark count 30
Benchmark count 31
Benchmark count 32
Benchmark count 33
Benchmark count 34
Benchmark count 35
Benchmark count 36
Benchmark count 37
Benchmark count 38
Benchmark count 39
Benchmark count 40
Benchmark count 41
Benchmark count 42
Benchmark count 43
Benchmark count 44
srun: Job step aborted: Waiting up to 32 seconds for job step to finish.
slurmstepd: error: *** JOB 3234 ON hpcl1-1 CANCELLED AT 2020-12-17T23:11:03 ***
slurmstepd: error: *** STEP 3234.1 ON hpcl1-1 CANCELLED AT 2020-12-17T23:11:04 ***
