make: `main' is up to date.
	line 65 Rank: 144 | start: 360000001 | finish: 362500000
	line 65 Rank: 154 | start: 385000001 | finish: 387500000
	line 65 Rank: 158 | start: 395000001 | finish: 397500000
	line 65 Rank: 152 | start: 380000001 | finish: 382500000
	line 65 Rank: 7 | start: 17500001 | finish: 20000000
	line 65 Rank: 10 | start: 25000001 | finish: 27500000
	line 65 Rank: 211 | start: 527500001 | finish: 530000000
	line 65 Rank: 219 | start: 547500001 | finish: 550000000
	line 65 Rank: 95 | start: 237500001 | finish: 240000000
	line 65 Rank: 97 | start: 242500001 | finish: 245000000
	line 65 Rank: 140 | start: 350000001 | finish: 352500000
	line 65 Rank: 115 | start: 287500001 | finish: 290000000
	line 65 Rank: 266 | start: 665000001 | finish: 667500000
	line 65 Rank: 172 | start: 430000001 | finish: 432500000
	line 65 Rank: 164 | start: 410000001 | finish: 412500000
	line 65 Rank: 276 | start: 690000001 | finish: 692500000
	line 65 Rank: 141 | start: 352500001 | finish: 355000000
	line 65 Rank: 98 | start: 245000001 | finish: 247500000
	line 65 Rank: 356 | start: 890000001 | finish: 892500000
	line 65 Rank: 204 | start: 510000001 | finish: 512500000
	line 65 Rank: 357 | start: 892500001 | finish: 895000000
	line 65 Rank: 101 | start: 252500001 | finish: 255000000
	line 65 Rank: 6 | start: 15000001 | finish: 17500000
	line 65 Rank: 17 | start: 42500001 | finish: 45000000
	line 65 Rank: 287 | start: 717500001 | finish: 720000000
	line 65 Rank: 159 | start: 397500001 | finish: 400000000
	line 65 Rank: 252 | start: 630000001 | finish: 632500000
	line 65 Rank: 207 | start: 517500001 | finish: 520000000
	line 65 Rank: 81 | start: 202500001 | finish: 205000000
	line 65 Rank: 292 | start: 730000001 | finish: 732500000
	line 65 Rank: 251 | start: 627500001 | finish: 630000000
	line 65 Rank: 117 | start: 292500001 | finish: 295000000
	line 65 Rank: 340 | start: 850000001 | finish: 852500000
	line 65 Rank: 14 | start: 35000001 | finish: 37500000
	line 65 Rank: 265 | start: 662500001 | finish: 665000000
	line 65 Rank: 160 | start: 400000001 | finish: 402500000
	line 65 Rank: 90 | start: 225000001 | finish: 227500000
	line 65 Rank: 173 | start: 432500001 | finish: 435000000
	line 65 Rank: 271 | start: 677500001 | finish: 680000000
	line 65 Rank: 156 | start: 390000001 | finish: 392500000
	line 65 Rank: 253 | start: 632500001 | finish: 635000000
	line 65 Rank: 327 | start: 817500001 | finish: 820000000
	line 65 Rank: 37 | start: 92500001 | finish: 95000000
	line 65 Rank: 109 | start: 272500001 | finish: 275000000
	line 65 Rank: 32 | start: 80000001 | finish: 82500000
	line 65 Rank: 320 | start: 800000001 | finish: 802500000
	line 65 Rank: 11 | start: 27500001 | finish: 30000000
	line 65 Rank: 354 | start: 885000001 | finish: 887500000
	line 65 Rank: 213 | start: 532500001 | finish: 535000000
	line 65 Rank: 300 | start: 750000001 | finish: 752500000
	line 65 Rank: 308 | start: 770000001 | finish: 772500000
	line 65 Rank: 293 | start: 732500001 | finish: 735000000
	line 65 Rank: 250 | start: 625000001 | finish: 627500000
	line 65 Rank: 146 | start: 365000001 | finish: 367500000
	line 65 Rank: 165 | start: 412500001 | finish: 415000000
	line 65 Rank: 110 | start: 275000001 | finish: 277500000
	line 65 Rank: 208 | start: 520000001 | finish: 522500000
	line 65 Rank: 96 | start: 240000001 | finish: 242500000
	line 65 Rank: 303 | start: 757500001 | finish: 760000000
	line 65 Rank: 284 | start: 710000001 | finish: 712500000
	line 65 Rank: 131 | start: 327500001 | finish: 330000000
	line 65 Rank: 240 | start: 600000001 | finish: 602500000
	line 65 Rank: 25 | start: 62500001 | finish: 65000000
	line 65 Rank: 342 | start: 855000001 | finish: 857500000
	line 65 Rank: 129 | start: 322500001 | finish: 325000000
	line 65 Rank: 18 | start: 45000001 | finish: 47500000
	line 65 Rank: 341 | start: 852500001 | finish: 855000000
	line 65 Rank: 267 | start: 667500001 | finish: 670000000
	line 65 Rank: 270 | start: 675000001 | finish: 677500000
	line 65 Rank: 39 | start: 97500001 | finish: 100000000
	line 65 Rank: 374 | start: 935000001 | finish: 937500000
	line 65 Rank: 372 | start: 930000001 | finish: 932500000
	line 65 Rank: 157 | start: 392500001 | finish: 395000000
	line 65 Rank: 167 | start: 417500001 | finish: 420000000
	line 65 Rank: 382 | start: 955000001 | finish: 957500000
	line 65 Rank: 317 | start: 792500001 | finish: 795000000
	line 65 Rank: 83 | start: 207500001 | finish: 210000000
	line 65 Rank: 399 | start: 997500001 | finish: 1000000000
	line 65 Rank: 325 | start: 812500001 | finish: 815000000
	line 65 Rank: 330 | start: 825000001 | finish: 827500000
	line 65 Rank: 119 | start: 297500001 | finish: 300000000
	line 65 Rank: 184 | start: 460000001 | finish: 462500000
	line 65 Rank: 0 | start: 2 | finish: 2500000
	line 65 Rank: 36 | start: 90000001 | finish: 92500000
	line 65 Rank: 198 | start: 495000001 | finish: 497500000
	line 65 Rank: 315 | start: 787500001 | finish: 790000000
	line 65 Rank: 212 | start: 530000001 | finish: 532500000
	line 65 Rank: 155 | start: 387500001 | finish: 390000000
	line 65 Rank: 289 | start: 722500001 | finish: 725000000
	line 65 Rank: 247 | start: 617500001 | finish: 620000000
	line 65 Rank: 349 | start: 872500001 | finish: 875000000
	line 65 Rank: 118 | start: 295000001 | finish: 297500000
	line 65 Rank: 398 | start: 995000001 | finish: 997500000
	line 65 Rank: 209 | start: 522500001 | finish: 525000000
	line 65 Rank: 168 | start: 420000001 | finish: 422500000
	line 65 Rank: 55 | start: 137500001 | finish: 140000000
	line 65 Rank: 40 | start: 100000001 | finish: 102500000
	line 65 Rank: 273 | start: 682500001 | finish: 685000000
	line 65 Rank: 248 | start: 620000001 | finish: 622500000
	line 65 Rank: 38 | start: 95000001 | finish: 97500000
	line 65 Rank: 82 | start: 205000001 | finish: 207500000
	line 65 Rank: 100 | start: 250000001 | finish: 252500000
	line 65 Rank: 128 | start: 320000001 | finish: 322500000
	line 65 Rank: 299 | start: 747500001 | finish: 750000000
	line 65 Rank: 74 | start: 185000001 | finish: 187500000
	line 65 Rank: 66 | start: 165000001 | finish: 167500000
	line 65 Rank: 365 | start: 912500001 | finish: 915000000
	line 65 Rank: 1 | start: 2500001 | finish: 5000000
	line 65 Rank: 313 | start: 782500001 | finish: 785000000
	line 65 Rank: 384 | start: 960000001 | finish: 962500000
	line 65 Rank: 134 | start: 335000001 | finish: 337500000
	line 65 Rank: 376 | start: 940000001 | finish: 942500000
	line 65 Rank: 277 | start: 692500001 | finish: 695000000
	line 65 Rank: 326 | start: 815000001 | finish: 817500000
	line 65 Rank: 345 | start: 862500001 | finish: 865000000
	line 65 Rank: 254 | start: 635000001 | finish: 637500000
	line 65 Rank: 29 | start: 72500001 | finish: 75000000
	line 65 Rank: 92 | start: 230000001 | finish: 232500000
	line 65 Rank: 301 | start: 752500001 | finish: 755000000
	line 65 Rank: 350 | start: 875000001 | finish: 877500000
	line 65 Rank: 145 | start: 362500001 | finish: 365000000
	line 65 Rank: 166 | start: 415000001 | finish: 417500000
	line 65 Rank: 387 | start: 967500001 | finish: 970000000
	line 65 Rank: 339 | start: 847500001 | finish: 850000000
	line 65 Rank: 16 | start: 40000001 | finish: 42500000
	line 65 Rank: 188 | start: 470000001 | finish: 472500000
	line 65 Rank: 195 | start: 487500001 | finish: 490000000
	line 65 Rank: 126 | start: 315000001 | finish: 317500000
	line 65 Rank: 149 | start: 372500001 | finish: 375000000
	line 65 Rank: 205 | start: 512500001 | finish: 515000000
	line 65 Rank: 306 | start: 765000001 | finish: 767500000
	line 65 Rank: 283 | start: 707500001 | finish: 710000000
	line 65 Rank: 99 | start: 247500001 | finish: 250000000
	line 65 Rank: 68 | start: 170000001 | finish: 172500000
	line 65 Rank: 261 | start: 652500001 | finish: 655000000
	line 65 Rank: 45 | start: 112500001 | finish: 115000000
	line 65 Rank: 162 | start: 405000001 | finish: 407500000
	line 65 Rank: 355 | start: 887500001 | finish: 890000000
	line 65 Rank: 12 | start: 30000001 | finish: 32500000
	line 65 Rank: 53 | start: 132500001 | finish: 135000000
	line 65 Rank: 106 | start: 265000001 | finish: 267500000
	line 65 Rank: 26 | start: 65000001 | finish: 67500000
	line 65 Rank: 215 | start: 537500001 | finish: 540000000
	line 65 Rank: 63 | start: 157500001 | finish: 160000000
	line 65 Rank: 242 | start: 605000001 | finish: 607500000
	line 65 Rank: 116 | start: 290000001 | finish: 292500000
	line 65 Rank: 291 | start: 727500001 | finish: 730000000
	line 65 Rank: 138 | start: 345000001 | finish: 347500000
	line 65 Rank: 307 | start: 767500001 | finish: 770000000
	line 65 Rank: 31 | start: 77500001 | finish: 80000000
	line 65 Rank: 80 | start: 200000001 | finish: 202500000
	line 65 Rank: 367 | start: 917500001 | finish: 920000000
	line 65 Rank: 121 | start: 302500001 | finish: 305000000
	line 65 Rank: 369 | start: 922500001 | finish: 925000000
	line 65 Rank: 278 | start: 695000001 | finish: 697500000
	line 65 Rank: 344 | start: 860000001 | finish: 862500000
	line 65 Rank: 178 | start: 445000001 | finish: 447500000
	line 65 Rank: 244 | start: 610000001 | finish: 612500000
	line 65 Rank: 388 | start: 970000001 | finish: 972500000
	line 65 Rank: 151 | start: 377500001 | finish: 380000000
	line 65 Rank: 334 | start: 835000001 | finish: 837500000
	line 65 Rank: 338 | start: 845000001 | finish: 847500000
	line 65 Rank: 13 | start: 32500001 | finish: 35000000
	line 65 Rank: 24 | start: 60000001 | finish: 62500000
	line 65 Rank: 192 | start: 480000001 | finish: 482500000
	line 65 Rank: 383 | start: 957500001 | finish: 960000000
	line 65 Rank: 182 | start: 455000001 | finish: 457500000
	line 65 Rank: 75 | start: 187500001 | finish: 190000000
	line 65 Rank: 258 | start: 645000001 | finish: 647500000
	line 65 Rank: 272 | start: 680000001 | finish: 682500000
	line 65 Rank: 147 | start: 367500001 | finish: 370000000
	line 65 Rank: 163 | start: 407500001 | finish: 410000000
	line 65 Rank: 202 | start: 505000001 | finish: 507500000
	line 65 Rank: 290 | start: 725000001 | finish: 727500000
	line 65 Rank: 371 | start: 927500001 | finish: 930000000
	line 65 Rank: 351 | start: 877500001 | finish: 880000000
	line 65 Rank: 105 | start: 262500001 | finish: 265000000
	line 65 Rank: 380 | start: 950000001 | finish: 952500000
	line 65 Rank: 33 | start: 82500001 | finish: 85000000
	line 65 Rank: 102 | start: 255000001 | finish: 257500000
	line 65 Rank: 84 | start: 210000001 | finish: 212500000
	line 65 Rank: 133 | start: 332500001 | finish: 335000000
	line 65 Rank: 295 | start: 737500001 | finish: 740000000
	line 65 Rank: 41 | start: 102500001 | finish: 105000000
	line 65 Rank: 9 | start: 22500001 | finish: 25000000
	line 65 Rank: 57 | start: 142500001 | finish: 145000000
	line 65 Rank: 274 | start: 685000001 | finish: 687500000
	line 65 Rank: 214 | start: 535000001 | finish: 537500000
	line 65 Rank: 28 | start: 70000001 | finish: 72500000
	line 65 Rank: 364 | start: 910000001 | finish: 912500000
	line 65 Rank: 310 | start: 775000001 | finish: 777500000
	line 65 Rank: 69 | start: 172500001 | finish: 175000000
	line 65 Rank: 241 | start: 602500001 | finish: 605000000
	line 65 Rank: 177 | start: 442500001 | finish: 445000000
	line 65 Rank: 91 | start: 227500001 | finish: 230000000
	line 65 Rank: 123 | start: 307500001 | finish: 310000000
	line 65 Rank: 319 | start: 797500001 | finish: 800000000
	line 65 Rank: 61 | start: 152500001 | finish: 155000000
	line 65 Rank: 333 | start: 832500001 | finish: 835000000
	line 65 Rank: 259 | start: 647500001 | finish: 650000000
	line 65 Rank: 335 | start: 837500001 | finish: 840000000
	line 65 Rank: 353 | start: 882500001 | finish: 885000000
	line 65 Rank: 148 | start: 370000001 | finish: 372500000
	line 65 Rank: 394 | start: 985000001 | finish: 987500000
	line 65 Rank: 15 | start: 37500001 | finish: 40000000
	line 65 Rank: 48 | start: 120000001 | finish: 122500000
	line 65 Rank: 181 | start: 452500001 | finish: 455000000
	line 65 Rank: 393 | start: 982500001 | finish: 985000000
	line 65 Rank: 150 | start: 375000001 | finish: 377500000
	line 65 Rank: 183 | start: 457500001 | finish: 460000000
	line 65 Rank: 132 | start: 330000001 | finish: 332500000
	line 65 Rank: 296 | start: 740000001 | finish: 742500000
	line 65 Rank: 263 | start: 657500001 | finish: 660000000
	line 65 Rank: 222 | start: 555000001 | finish: 557500000
	line 65 Rank: 304 | start: 760000001 | finish: 762500000
	line 65 Rank: 218 | start: 545000001 | finish: 547500000
	line 65 Rank: 229 | start: 572500001 | finish: 575000000
	line 65 Rank: 373 | start: 932500001 | finish: 935000000
	line 65 Rank: 346 | start: 865000001 | finish: 867500000
	line 65 Rank: 174 | start: 435000001 | finish: 437500000
	line 65 Rank: 35 | start: 87500001 | finish: 90000000
	line 65 Rank: 103 | start: 257500001 | finish: 260000000
	line 65 Rank: 85 | start: 212500001 | finish: 215000000
	line 65 Rank: 137 | start: 342500001 | finish: 345000000
	line 65 Rank: 79 | start: 197500001 | finish: 200000000
	line 65 Rank: 44 | start: 110000001 | finish: 112500000
	line 65 Rank: 249 | start: 622500001 | finish: 625000000
	line 65 Rank: 3 | start: 7500001 | finish: 10000000
	line 65 Rank: 104 | start: 260000001 | finish: 262500000
	line 65 Rank: 206 | start: 515000001 | finish: 517500000
	line 65 Rank: 298 | start: 745000001 | finish: 747500000
	line 65 Rank: 363 | start: 907500001 | finish: 910000000
	line 65 Rank: 390 | start: 975000001 | finish: 977500000
	line 65 Rank: 275 | start: 687500001 | finish: 690000000
	line 65 Rank: 175 | start: 437500001 | finish: 440000000
	line 65 Rank: 352 | start: 880000001 | finish: 882500000
	line 65 Rank: 94 | start: 235000001 | finish: 237500000
	line 65 Rank: 30 | start: 75000001 | finish: 77500000
	line 65 Rank: 136 | start: 340000001 | finish: 342500000
	line 65 Rank: 65 | start: 162500001 | finish: 165000000
	line 65 Rank: 323 | start: 807500001 | finish: 810000000
	line 65 Rank: 153 | start: 382500001 | finish: 385000000
	line 65 Rank: 256 | start: 640000001 | finish: 642500000
	line 65 Rank: 329 | start: 822500001 | finish: 825000000
	line 65 Rank: 312 | start: 780000001 | finish: 782500000
	line 65 Rank: 20 | start: 50000001 | finish: 52500000
	line 65 Rank: 193 | start: 482500001 | finish: 485000000
	line 65 Rank: 111 | start: 277500001 | finish: 280000000
	line 65 Rank: 62 | start: 155000001 | finish: 157500000
	line 65 Rank: 5 | start: 12500001 | finish: 15000000
	line 65 Rank: 196 | start: 490000001 | finish: 492500000
	line 65 Rank: 395 | start: 987500001 | finish: 990000000
	line 65 Rank: 108 | start: 270000001 | finish: 272500000
	line 65 Rank: 210 | start: 525000001 | finish: 527500000
	line 65 Rank: 361 | start: 902500001 | finish: 905000000
	line 65 Rank: 43 | start: 107500001 | finish: 110000000
	line 65 Rank: 243 | start: 607500001 | finish: 610000000
	line 65 Rank: 143 | start: 357500001 | finish: 360000000
	line 65 Rank: 234 | start: 585000001 | finish: 587500000
	line 65 Rank: 280 | start: 700000001 | finish: 702500000
	line 65 Rank: 268 | start: 670000001 | finish: 672500000
	line 65 Rank: 169 | start: 422500001 | finish: 425000000
	line 65 Rank: 228 | start: 570000001 | finish: 572500000
	line 65 Rank: 396 | start: 990000001 | finish: 992500000
	line 65 Rank: 87 | start: 217500001 | finish: 220000000
	line 65 Rank: 309 | start: 772500001 | finish: 775000000
	line 65 Rank: 122 | start: 305000001 | finish: 307500000
	line 65 Rank: 56 | start: 140000001 | finish: 142500000
	line 65 Rank: 343 | start: 857500001 | finish: 860000000
	line 65 Rank: 2 | start: 5000001 | finish: 7500000
	line 65 Rank: 216 | start: 540000001 | finish: 542500000
	line 65 Rank: 297 | start: 742500001 | finish: 745000000
	line 65 Rank: 370 | start: 925000001 | finish: 927500000
	line 65 Rank: 135 | start: 337500001 | finish: 340000000
	line 65 Rank: 260 | start: 650000001 | finish: 652500000
	line 65 Rank: 246 | start: 615000001 | finish: 617500000
	line 65 Rank: 176 | start: 440000001 | finish: 442500000
	line 65 Rank: 34 | start: 85000001 | finish: 87500000
	line 65 Rank: 88 | start: 220000001 | finish: 222500000
	line 65 Rank: 305 | start: 762500001 | finish: 765000000
	line 65 Rank: 64 | start: 160000001 | finish: 162500000
	line 65 Rank: 328 | start: 820000001 | finish: 822500000
	line 65 Rank: 359 | start: 897500001 | finish: 900000000
	line 65 Rank: 245 | start: 612500001 | finish: 615000000
	line 65 Rank: 142 | start: 355000001 | finish: 357500000
	line 65 Rank: 107 | start: 267500001 | finish: 270000000
	line 65 Rank: 392 | start: 980000001 | finish: 982500000
	line 65 Rank: 22 | start: 55000001 | finish: 57500000
	line 65 Rank: 78 | start: 195000001 | finish: 197500000
	line 65 Rank: 337 | start: 842500001 | finish: 845000000
	line 65 Rank: 8 | start: 20000001 | finish: 22500000
	line 65 Rank: 189 | start: 472500001 | finish: 475000000
	line 65 Rank: 197 | start: 492500001 | finish: 495000000
	line 65 Rank: 125 | start: 312500001 | finish: 315000000
	line 65 Rank: 201 | start: 502500001 | finish: 505000000
	line 65 Rank: 50 | start: 125000001 | finish: 127500000
	line 65 Rank: 112 | start: 280000001 | finish: 282500000
	line 65 Rank: 179 | start: 447500001 | finish: 450000000
	line 65 Rank: 230 | start: 575000001 | finish: 577500000
	line 65 Rank: 282 | start: 705000001 | finish: 707500000
	line 65 Rank: 366 | start: 915000001 | finish: 917500000
	line 65 Rank: 264 | start: 660000001 | finish: 662500000
	line 65 Rank: 381 | start: 952500001 | finish: 955000000
	line 65 Rank: 220 | start: 550000001 | finish: 552500000
	line 65 Rank: 93 | start: 232500001 | finish: 235000000
	line 65 Rank: 311 | start: 777500001 | finish: 780000000
	line 65 Rank: 120 | start: 300000001 | finish: 302500000
	line 65 Rank: 286 | start: 715000001 | finish: 717500000
	line 65 Rank: 76 | start: 190000001 | finish: 192500000
	line 65 Rank: 47 | start: 117500001 | finish: 120000000
	line 65 Rank: 378 | start: 945000001 | finish: 947500000
	line 65 Rank: 348 | start: 870000001 | finish: 872500000
	line 65 Rank: 19 | start: 47500001 | finish: 50000000
	line 65 Rank: 269 | start: 672500001 | finish: 675000000
	line 65 Rank: 217 | start: 542500001 | finish: 545000000
	line 65 Rank: 124 | start: 310000001 | finish: 312500000
	line 65 Rank: 70 | start: 175000001 | finish: 177500000
	line 65 Rank: 161 | start: 402500001 | finish: 405000000
	line 65 Rank: 190 | start: 475000001 | finish: 477500000
	line 65 Rank: 322 | start: 805000001 | finish: 807500000
	line 65 Rank: 347 | start: 867500001 | finish: 870000000
	line 65 Rank: 255 | start: 637500001 | finish: 640000000
	line 65 Rank: 4 | start: 10000001 | finish: 12500000
	line 65 Rank: 113 | start: 282500001 | finish: 285000000
	line 65 Rank: 397 | start: 992500001 | finish: 995000000
	line 65 Rank: 316 | start: 790000001 | finish: 792500000
	line 65 Rank: 324 | start: 810000001 | finish: 812500000
	line 65 Rank: 51 | start: 127500001 | finish: 130000000
	line 65 Rank: 185 | start: 462500001 | finish: 465000000
	line 65 Rank: 170 | start: 425000001 | finish: 427500000
	line 65 Rank: 21 | start: 52500001 | finish: 55000000
	line 65 Rank: 23 | start: 57500001 | finish: 60000000
	line 65 Rank: 114 | start: 285000001 | finish: 287500000
	line 65 Rank: 203 | start: 507500001 | finish: 510000000
	line 65 Rank: 227 | start: 567500001 | finish: 570000000
	line 65 Rank: 288 | start: 720000001 | finish: 722500000
	line 65 Rank: 86 | start: 215000001 | finish: 217500000
	line 65 Rank: 362 | start: 905000001 | finish: 907500000
	line 65 Rank: 262 | start: 655000001 | finish: 657500000
	line 65 Rank: 385 | start: 962500001 | finish: 965000000
	line 65 Rank: 236 | start: 590000001 | finish: 592500000
	line 65 Rank: 89 | start: 222500001 | finish: 225000000
	line 65 Rank: 127 | start: 317500001 | finish: 320000000
	line 65 Rank: 281 | start: 702500001 | finish: 705000000
	line 65 Rank: 71 | start: 177500001 | finish: 180000000
	line 65 Rank: 52 | start: 130000001 | finish: 132500000
	line 65 Rank: 377 | start: 942500001 | finish: 945000000
	line 65 Rank: 200 | start: 500000001 | finish: 502500000
	line 65 Rank: 279 | start: 697500001 | finish: 700000000
	line 65 Rank: 358 | start: 895000001 | finish: 897500000
	line 65 Rank: 171 | start: 427500001 | finish: 430000000
	line 65 Rank: 180 | start: 450000001 | finish: 452500000
	line 65 Rank: 139 | start: 347500001 | finish: 350000000
	line 65 Rank: 77 | start: 192500001 | finish: 195000000
	line 65 Rank: 321 | start: 802500001 | finish: 805000000
	line 65 Rank: 257 | start: 642500001 | finish: 645000000
	line 65 Rank: 186 | start: 465000001 | finish: 467500000
	line 65 Rank: 302 | start: 755000001 | finish: 757500000
	line 65 Rank: 42 | start: 105000001 | finish: 107500000
	line 65 Rank: 336 | start: 840000001 | finish: 842500000
	line 65 Rank: 386 | start: 965000001 | finish: 967500000
	line 65 Rank: 27 | start: 67500001 | finish: 70000000
	line 65 Rank: 238 | start: 595000001 | finish: 597500000
	line 65 Rank: 314 | start: 785000001 | finish: 787500000
	line 65 Rank: 285 | start: 712500001 | finish: 715000000
	line 65 Rank: 239 | start: 597500001 | finish: 600000000
	line 65 Rank: 368 | start: 920000001 | finish: 922500000
	line 65 Rank: 389 | start: 972500001 | finish: 975000000
	line 65 Rank: 294 | start: 735000001 | finish: 737500000
	line 65 Rank: 73 | start: 182500001 | finish: 185000000
	line 65 Rank: 49 | start: 122500001 | finish: 125000000
	line 65 Rank: 130 | start: 325000001 | finish: 327500000
	line 65 Rank: 375 | start: 937500001 | finish: 940000000
	line 65 Rank: 72 | start: 180000001 | finish: 182500000
	line 65 Rank: 191 | start: 477500001 | finish: 480000000
	line 65 Rank: 318 | start: 795000001 | finish: 797500000
	line 65 Rank: 332 | start: 830000001 | finish: 832500000
	line 65 Rank: 59 | start: 147500001 | finish: 150000000
	line 65 Rank: 331 | start: 827500001 | finish: 830000000
	line 65 Rank: 199 | start: 497500001 | finish: 500000000
	line 65 Rank: 360 | start: 900000001 | finish: 902500000
	line 65 Rank: 237 | start: 592500001 | finish: 595000000
	line 65 Rank: 221 | start: 552500001 | finish: 555000000
	line 65 Rank: 46 | start: 115000001 | finish: 117500000
	line 65 Rank: 391 | start: 977500001 | finish: 980000000
	line 65 Rank: 379 | start: 947500001 | finish: 950000000
	line 65 Rank: 60 | start: 150000001 | finish: 152500000
	line 65 Rank: 187 | start: 467500001 | finish: 470000000
	line 65 Rank: 67 | start: 167500001 | finish: 170000000
	line 65 Rank: 194 | start: 485000001 | finish: 487500000
	line 65 Rank: 58 | start: 145000001 | finish: 147500000
	line 65 Rank: 223 | start: 557500001 | finish: 560000000
	line 65 Rank: 232 | start: 580000001 | finish: 582500000
	line 65 Rank: 54 | start: 135000001 | finish: 137500000
	line 65 Rank: 226 | start: 565000001 | finish: 567500000
	line 65 Rank: 235 | start: 587500001 | finish: 590000000
	line 65 Rank: 233 | start: 582500001 | finish: 585000000
	line 65 Rank: 231 | start: 577500001 | finish: 580000000
	line 65 Rank: 224 | start: 560000001 | finish: 562500000
	line 65 Rank: 225 | start: 562500001 | finish: 565000000
local_fact: 
local_fact: 
local_fact: 
local_fact: 
local_fact: 
local_fact: 
local_fact: 
local_fact: 
local_fact: 
local_fact: 
local_fact: 
local_fact: 
local_fact: 
local_fact: 
local_fact: 
local_fact: 
local_fact: 
local_fact: 
local_fact: 
local_fact: 
local_fact: 
local_fact: 
local_fact: 
local_fact: 
local_fact: 
local_fact: 
local_fact: 
local_fact: 
local_fact: 
local_fact: 
local_fact: 
local_fact: 
local_fact: 
local_fact: 
local_fact: 
local_fact: 
local_fact: 
local_fact: 
local_fact: 
local_fact: 
local_fact: 
local_fact: 
local_fact: 
local_fact: 
local_fact: 
local_fact: 
local_fact: 
local_fact: 
local_fact: 
local_fact: 
local_fact: 
local_fact: 
local_fact: 
local_fact: 
local_fact: 
local_fact: 
local_fact: 
local_fact: 
local_fact: 
local_fact: 
local_fact: 
local_fact: 
local_fact: 
local_fact: 
local_fact: 
local_fact: 
local_fact: 
local_fact: 
local_fact: 
local_fact: 
local_fact: 
local_fact: 
local_fact: 
local_fact: 
local_fact: 
local_fact: 
local_fact: 
local_fact: 
local_fact: 
local_fact: 
local_fact: 
local_fact: 
local_fact: 
local_fact: 
local_fact: 
local_fact: 
local_fact: 
local_fact: 
local_fact: 
local_fact: 
local_fact: 
local_fact: 
local_fact: 
local_fact: 
local_fact: 
local_fact: 
local_fact: 
local_fact: 
local_fact: 
local_fact: 
local_fact: 
local_fact: 
local_fact: 
local_fact: 
local_fact: 
local_fact: 
local_fact: 
local_fact: 
local_fact: 
local_fact: 
local_fact: 
local_fact: 
local_fact: 
local_fact: 
local_fact: 
local_fact: 
local_fact: 
local_fact: 
local_fact: 
local_fact: 
local_fact: 
local_fact: 
local_fact: 
local_fact: 
local_fact: 
local_fact: 
local_fact: 
local_fact: 
local_fact: 
local_fact: 
local_fact: 
local_fact: 
local_fact: 
local_fact: 
local_fact: 
local_fact: 
local_fact: 
local_fact: 
local_fact: 
local_fact: 
local_fact: 
local_fact: 
local_fact: 
local_fact: 
local_fact: 
local_fact: 
local_fact: 
local_fact: 
local_fact: 
local_fact: 
local_fact: 
local_fact: 
local_fact: 
local_fact: 
local_fact: 
local_fact: 
local_fact: 
local_fact: 
local_fact: 
local_fact: 
local_fact: 
local_fact: 
local_fact: 
local_fact: 
local_fact: 
local_fact: 
local_fact: 
local_fact: 
local_fact: 
local_fact: 
local_fact: 
local_fact: 
local_fact: 
local_fact: 
local_fact: 
local_fact: 
local_fact: 
local_fact: 
local_fact: 
local_fact: 
local_fact: 
local_fact: 
local_fact: 
local_fact: 
local_fact: 
local_fact: 
local_fact: 
local_fact: 
local_fact: 
local_fact: 
local_fact: 
local_fact: 
local_fact: 
local_fact: 
local_fact: 
local_fact: 
local_fact: 
local_fact: 
local_fact: 
local_fact: 
local_fact: 
local_fact: 
local_fact: 
local_fact: 
local_fact: 
local_fact: 
local_fact: 
local_fact: 
local_fact: 
local_fact: 
local_fact: 
local_fact: 
local_fact: 
local_fact: 
local_fact: 
local_fact: 
local_fact: 
local_fact: 
local_fact: 
local_fact: 
local_fact: 
local_fact: 
local_fact: 
local_fact: 
local_fact: 
local_fact: 
local_fact: 
local_fact: 
local_fact: 
local_fact: 
local_fact: 
local_fact: 
local_fact: 
local_fact: 
local_fact: 
local_fact: 
local_fact: 
local_fact: 
local_fact: 
local_fact: 
local_fact: 
local_fact: 
local_fact: 
local_fact: 
local_fact: 
local_fact: 
local_fact: 
local_fact: 
local_fact: 
local_fact: 
local_fact: 
local_fact: 
local_fact: 
local_fact: 
local_fact: 
local_fact: 
local_fact: 
local_fact: 
local_fact: 
local_fact: 
local_fact: 
local_fact: 
local_fact: 
local_fact: 
local_fact: 
local_fact: 
local_fact: 
local_fact: 
local_fact: 
local_fact: 
local_fact: 
local_fact: 
local_fact: 
local_fact: 
local_fact: 
local_fact: 
local_fact: 
local_fact: 
local_fact: 
local_fact: 
local_fact: 
local_fact: 
local_fact: 
local_fact: 
local_fact: 
local_fact: 
local_fact: 
local_fact: 
local_fact: 
local_fact: 
local_fact: 
local_fact: 
local_fact: 
local_fact: 
local_fact: 
local_fact: 
local_fact: 
local_fact: 
local_fact: 
local_fact: 
local_fact: 
local_fact: 
local_fact: 
local_fact: 
local_fact: 
local_fact: 
local_fact: 
local_fact: 
local_fact: 
local_fact: 
local_fact: 
local_fact: 
local_fact: 
local_fact: 
local_fact: 
local_fact: 
local_fact: 
local_fact: 
local_fact: 
local_fact: 
local_fact: 
local_fact: 
local_fact: 
local_fact: 
local_fact: 
local_fact: 
local_fact: 
local_fact: 
local_fact: 
local_fact: 
local_fact: 
local_fact: 
local_fact: 
local_fact: 
local_fact: 
local_fact: 
local_fact: 
local_fact: 
local_fact: 
local_fact: 
local_fact: 
local_fact: 
local_fact: 
local_fact: 
local_fact: 
local_fact: 
local_fact: 
local_fact: 
local_fact: 
local_fact: 
local_fact: 
local_fact: 
local_fact: 
local_fact: 
local_fact: 
local_fact: 
local_fact: 
local_fact: 
local_fact: 
local_fact: 
local_fact: 
local_fact: 
local_fact: 
local_fact: 
local_fact: 
local_fact: 
local_fact: 
local_fact: 
local_fact: 
local_fact: 
local_fact: 
local_fact: 
local_fact: 
local_fact: 
local_fact: 
local_fact: 
local_fact: 
local_fact: 
local_fact: 
local_fact: 
local_fact: 
local_fact: 
local_fact: 
local_fact: 
local_fact: 
local_fact: 
local_fact: 
local_fact: 
local_fact: 
local_fact: 
local_fact: 
local_fact: 
local_fact: 
local_fact: 
local_fact: 
local_fact: 
local_fact: 
local_fact: 
local_fact: 
local_fact: 
79 41
local_num = 85332728807424 | Rank: 41 
79 169
local_num = 745375795208192 | Rank: 169 
79 238
local_num = 610626447056896 | Rank: 238 
79 40
local_num = 169203858448384 | Rank: 40 
79 233
local_num = 845645529595904 | Rank: 233 
79 75
79 110
local_num = 133549011894272 | Rank: 75 
local_num = 979193120301056 | Rank: 110 
79 73
local_num = 152497859936256 | Rank: 73 
79 105
local_num = 216146609635328 | Rank: 105 
79 120
local_num = 296968253874176 | Rank: 120 
79 206
local_num = 488811364089856 | Rank: 206 
79 78
local_num = 465942789873664 | Rank: 78 
79 88
local_num = 419911881424896 | Rank: 88 
79 216
local_num = 41441642848256 | Rank: 216 
79 217
local_num = 938829302562816 | Rank: 217 
79 265
local_num = 986950622527488 | Rank: 265 
79 112
79 240
local_num = 493129782009856 | Rank: 112 
local_num = 354823157579776 | Rank: 240 
79 384
local_num = 732875098660864 | Rank: 384 
79 24
local_num = 35111234914304 | Rank: 24 
79 174
local_num = 80240631568384 | Rank: 174 
79 89
local_num = 346139027283968 | Rank: 89 
79 168
local_num = 293900112601088 | Rank: 168 
79 9
local_num = 136563049775104 | Rank: 9 
79 219
local_num = 498881936326656 | Rank: 219 
79 46
local_num = 477853501857792 | Rank: 46 
79 248
local_num = 42454068723712 | Rank: 248 
79 361
local_num = 882710315614208 | Rank: 361 
79 360
local_num = 907551201755136 | Rank: 360 
79 104
local_num = 469325707296768 | Rank: 104 
79 139
79 283
local_num = 165920594149376 | Rank: 139 
local_num = 262952318435328 | Rank: 283 
79 235
local_num = 67876763959296 | Rank: 235 
79 106
local_num = 353568622690304 | Rank: 106 
79 157
79 363
79 107
local_num = 199291366621184 | Rank: 157 
local_num = 829105822466048 | Rank: 363 
local_num = 548661372813312 | Rank: 107 
79 43
79 234
local_num = 361070801911808 | Rank: 43 
local_num = 380671207817216 | Rank: 234 
79 91
local_num = 21338041778176 | Rank: 91 
79 267
local_num = 150502433128448 | Rank: 267 
79 125
local_num = 408703671238656 | Rank: 125 
79 232
local_num = 348074402906112 | Rank: 232 
79 271
79 15
local_num = 410516274905088 | Rank: 271 
local_num = 327469037912064 | Rank: 15 
79 190
local_num = 939508992114688 | Rank: 190 
79 137
local_num = 983006459265024 | Rank: 137 
79 239
local_num = 599185651859456 | Rank: 239 
79 312
local_num = 192811994218496 | Rank: 312 
79 155
local_num = 925411519332352 | Rank: 155 
79 392
local_num = 137378684059648 | Rank: 392 
79 80
local_num = 956208913096704 | Rank: 80 
79 171
local_num = 337749825060864 | Rank: 171 
79 376
local_num = 273357938049024 | Rank: 376 
79 184
local_num = 657427700682752 | Rank: 184 
79 281
local_num = 609700256743424 | Rank: 281 
79 212
local_num = 386988498812928 | Rank: 212 
79 27
local_num = 96530380259328 | Rank: 27 
79 42
local_num = 677219389014016 | Rank: 42 
79 203
local_num = 75370541973504 | Rank: 203 
79 377
79 121
local_num = 799879797899264 | Rank: 121 
79 152
local_num = 469452569133056 | Rank: 152 
79 170
local_num = 185770137853952 | Rank: 170 
79 153
local_num = 642959328493568 | Rank: 153 
79 328
79 270
local_num = 205256282882048 | Rank: 328 
local_num = 663129337462784 | Rank: 270 
79 93
local_num = 934006607118336 | Rank: 93 
79 201
local_num = 424819201540096 | Rank: 201 
79 60
local_num = 900222126809088 | Rank: 60 
79 11
local_num = 715731864715264 | Rank: 11 
79 264
local_num = 103087343988736 | Rank: 264 
79 350
local_num = 817946669400064 | Rank: 350 
79 56
local_num = 564863637946368 | Rank: 56 
79 379
local_num = 480050689687552 | Rank: 379 
79 187
local_num = 968068180606976 | Rank: 187 
79 142
local_num = 643832523726848 | Rank: 142 
79 313
local_num = 430685818355712 | Rank: 313 
79 314
local_num = 126026379214848 | Rank: 314 
79 58
local_num = 508084381130752 | Rank: 58 
79 28
local_num = 873275309211648 | Rank: 28 
79 347
local_num = 414824578973696 | Rank: 347 
79 382
79 126
local_num = 883065293832192 | Rank: 382 
local_num = 124122270531584 | Rank: 126 
79 86
local_num = 488092334473216 | Rank: 86 
79 334
local_num = 578683913261056 | Rank: 334 
79 59
local_num = 93052738732032 | Rank: 59 
79 299
local_num = 472091327668224 | Rank: 299 
79 156
local_num = 521170188730368 | Rank: 156 
79 111
79 25
local_num = 74945823244288 | Rank: 111 
local_num = 837587360104448 | Rank: 25 
79 236
local_num = 433430327861248 | Rank: 236 
79 380
79 90
local_num = 127555077881856 | Rank: 380 
local_num = 626540995796992 | Rank: 90 
79 47
local_num = 793052146925568 | Rank: 47 
79 218
local_num = 658823686569984 | Rank: 218 
79 296
79 297
local_num = 526664529788928 | Rank: 297 
local_num = 324275729309696 | Rank: 296 
79 253
local_num = 992571642068992 | Rank: 253 
79 71
local_num = 794798629421056 | Rank: 71 
79 175
79 84
local_num = 430846717218816 | Rank: 84 
local_num = 242937302286336 | Rank: 175 
79 200
local_num = 611023607980032 | Rank: 200 
79 148
local_num = 717991665238016 | Rank: 148 
79 251
local_num = 377547894882304 | Rank: 251 
79 255
local_num = 889723637170176 | Rank: 255 
79 399
local_num = 782266443792384 | Rank: 399 
79 378
local_num = 11229732315136 | Rank: 378 
79 122
local_num = 655535649038336 | Rank: 122 
79 14
local_num = 126079052783616 | Rank: 14 
79 72
local_num = 861303665721344 | Rank: 72 
79 395
local_num = 25886099636224 | Rank: 395 
79 262
local_num = 758367702564864 | Rank: 262 
79 266
local_num = 996264350957568 | Rank: 266 
79 185
local_num = 91784190476288 | Rank: 185 
79 318
local_num = 526066089984 | Rank: 318 
79 136
79 280
local_num = 268806579806208 | Rank: 136 
local_num = 948556621791232 | Rank: 280 
79 79
local_num = 89875878150144 | Rank: 79 
79 257
local_num = 386053065621504 | Rank: 257 
79 397
local_num = 810917363187712 | Rank: 397 
79 344
local_num = 643181268770816 | Rank: 344 
79 8
local_num = 610761552551936 | Rank: 8 
79 315
local_num = 344921893470208 | Rank: 315 
79 254
local_num = 860682176172032 | Rank: 254 
79 29
local_num = 39456543891456 | Rank: 29 
local_num = 590240426164224 | Rank: 377 
79 345
local_num = 623037329686528 | Rank: 345 
79 69
local_num = 801230081777664 | Rank: 69 
79 186
local_num = 257774956806144 | Rank: 186 
79 154
local_num = 615030695960576 | Rank: 154 
79 138
local_num = 222918938312704 | Rank: 138 
79 298
local_num = 388046196318208 | Rank: 298 
79 325
79 181
local_num = 64247045931008 | Rank: 181 
79 191
local_num = 320039581679616 | Rank: 191 
local_num = 77341605281792 | Rank: 325 
79 150
local_num = 372557509623808 | Rank: 150 
79 383
local_num = 272892946415616 | Rank: 383 
79 124
79 214
local_num = 802970633719808 | Rank: 214 
local_num = 4226611038208 | Rank: 124 
79 220
local_num = 232686430527488 | Rank: 220 
79 364
local_num = 655775768170496 | Rank: 364 
79 263
79 7
local_num = 282655416909824 | Rank: 263 
local_num = 180361879912448 | Rank: 7 
79 331
local_num = 328671506333696 | Rank: 331 
79 57
local_num = 53845258829824 | Rank: 57 
79 134
79 282
local_num = 19323604865024 | Rank: 134 
local_num = 525253824159744 | Rank: 282 
79 62
local_num = 153278901460992 | Rank: 62 
79 398
local_num = 293534794891264 | Rank: 398 
79 26
local_num = 985714485526528 | Rank: 26 
79 32
79 202
local_num = 743172926849024 | Rank: 32 
local_num = 468963108134912 | Rank: 202 
79 362
local_num = 450144152641536 | Rank: 362 
79 6
local_num = 638631871700992 | Rank: 6 
79 95
local_num = 36226310504448 | Rank: 95 
79 329
local_num = 821541248630784 | Rank: 329 
79 143
local_num = 58107475361792 | Rank: 143 
79 129
local_num = 41472963264512 | Rank: 129 
79 33
local_num = 152421646123008 | Rank: 33 
79 74
local_num = 103637382334464 | Rank: 74 
79 123
79 94
local_num = 941985058947072 | Rank: 123 
local_num = 321945486442496 | Rank: 94 
79 330
local_num = 71590659211264 | Rank: 330 
79 160
local_num = 929204688994304 | Rank: 160 
79 161
local_num = 85641730506752 | Rank: 161 
79 167
79 208
local_num = 827450931478528 | Rank: 167 
local_num = 55517177167872 | Rank: 208 
79 224
local_num = 380953275789312 | Rank: 224 
79 368
local_num = 750863113445376 | Rank: 368 
79 10
local_num = 4783712935936 | Rank: 10 
79 335
local_num = 411462583648256 | Rank: 335 
79 304
local_num = 717106274111488 | Rank: 304 
79 183
79 327
local_num = 805883074871296 | Rank: 183 
local_num = 456023949115392 | Rank: 327 
79 352
local_num = 681417403957248 | Rank: 352 
79 278
local_num = 965564142092288 | Rank: 278 
79 118
local_num = 646405157257216 | Rank: 118 
79 252
local_num = 766633113452544 | Rank: 252 
79 242
local_num = 38139371307008 | Rank: 242 
79 172
local_num = 515776624181248 | Rank: 172 
79 115
local_num = 171377917689856 | Rank: 115 
79 16
local_num = 995731173572608 | Rank: 16 
79 20
79 144
local_num = 332056892923904 | Rank: 20 
local_num = 237989980307456 | Rank: 144 
79 246
local_num = 68031081275392 | Rank: 246 
79 231
local_num = 364704851001344 | Rank: 231 
79 207
local_num = 318904687034368 | Rank: 207 
79 386
79 1
local_num = 613364125376512 | Rank: 386 
local_num = 288727528996864 | Rank: 1 
79 319
local_num = 716628509097984 | Rank: 319 
79 256
79 0
local_num = 192852267753472 | Rank: 256 
local_num = 154203821162496 | Rank: 0 
79 22
local_num = 481855279439872 | Rank: 22 
79 113
local_num = 161920601964544 | Rank: 113 
79 127
local_num = 973965911588864 | Rank: 127 
79 87
local_num = 882295959257088 | Rank: 87 
79 53
local_num = 140862193778688 | Rank: 53 
79 300
local_num = 911682878857216 | Rank: 300 
79 288
local_num = 718717801873408 | Rank: 288 
79 358
local_num = 959076537892864 | Rank: 358 
79 188
local_num = 617451398971392 | Rank: 188 
79 221
local_num = 842014856953856 | Rank: 221 
79 197
local_num = 634981213159424 | Rank: 197 
79 63
local_num = 922539597955072 | Rank: 63 
79 44
local_num = 416060811436032 | Rank: 44 
79 332
79 54
79 108
local_num = 50826251534336 | Rank: 332 
local_num = 410304195026944 | Rank: 108 
local_num = 196616929439744 | Rank: 54 
79 103
local_num = 895519145590784 | Rank: 103 
79 346
local_num = 305704547721216 | Rank: 346 
79 390
local_num = 861074022793216 | Rank: 390 
79 194
local_num = 288438917197824 | Rank: 194 
79 66
local_num = 353103921840128 | Rank: 66 
79 292
local_num = 927129482698752 | Rank: 292 
79 23
local_num = 959098749550592 | Rank: 23 
79 249
local_num = 62491876499456 | Rank: 249 
79 258
79 245
local_num = 144102296764416 | Rank: 245 
79 102
79 250
local_num = 381771364130816 | Rank: 250 
79 199
local_num = 304196682457088 | Rank: 102 
local_num = 759640652333056 | Rank: 258 
local_num = 431444575420416 | Rank: 199 
79 222
local_num = 209902405378048 | Rank: 222 
79 211
local_num = 279158033022976 | Rank: 211 
79 83
local_num = 171616205504512 | Rank: 83 
79 164
local_num = 455193064992768 | Rank: 164 
79 393
local_num = 456552726577152 | Rank: 393 
79 51
local_num = 531135355256832 | Rank: 51 
79 117
local_num = 803593894674432 | Rank: 117 
79 229
local_num = 295514827890688 | Rank: 229 
79 316
79 305
local_num = 703195133820928 | Rank: 305 
local_num = 371440779976704 | Rank: 316 
79 182
79 37
local_num = 514409100222464 | Rank: 182 
local_num = 642370721431552 | Rank: 37 
79 223
79 204
local_num = 742606135558144 | Rank: 223 
local_num = 75327224766464 | Rank: 204 
79 2
local_num = 352089418973184 | Rank: 2 
79 268
local_num = 990569687785472 | Rank: 268 
79 96
local_num = 987789637124096 | Rank: 96 
79 48
local_num = 36547561750528 | Rank: 48 
79 147
local_num = 729196279857152 | Rank: 147 
79 166
79 310
local_num = 139406931247104 | Rank: 166 
local_num = 784896351961088 | Rank: 310 
79 396
local_num = 502152305983488 | Rank: 396 
79 36
79 228
local_num = 578581321531392 | Rank: 36 
local_num = 583363751542784 | Rank: 228 
79 389
local_num = 770837360541696 | Rank: 389 
79 92
local_num = 554729310560256 | Rank: 92 
79 76
local_num = 473075772235776 | Rank: 76 
79 273
local_num = 632235928141824 | Rank: 273 
79 151
79 64
79 356
local_num = 764730179944448 | Rank: 151 
79 295
local_num = 819478221672448 | Rank: 64 
local_num = 919871885328384 | Rank: 356 
local_num = 360366903918592 | Rank: 295 
79 198
local_num = 231299435421696 | Rank: 198 
79 225
local_num = 934445264175104 | Rank: 225 
79 128
local_num = 262440785936384 | Rank: 128 
79 176
local_num = 488072659197952 | Rank: 176 
79 179
local_num = 923578569097216 | Rank: 179 
79 323
local_num = 427828419035136 | Rank: 323 
79 97
local_num = 84769783791616 | Rank: 97 
79 372
local_num = 591902562820096 | Rank: 372 
79 68
local_num = 650263366836224 | Rank: 68 
79 241
local_num = 108588478267392 | Rank: 241 
79 133
79 17
79 277
local_num = 619056438378496 | Rank: 133 
local_num = 783495686094848 | Rank: 17 
local_num = 606523722563584 | Rank: 277 
79 130
local_num = 101494560874496 | Rank: 130 
79 140
79 230
local_num = 863644651544576 | Rank: 230 
local_num = 430506929790976 | Rank: 140 
79 286
local_num = 805327689818112 | Rank: 286 
79 70
79 342
local_num = 767333157462016 | Rank: 70 
local_num = 804859518590976 | Rank: 342 
79 243
local_num = 671967430967296 | Rank: 243 
79 189
79 21
local_num = 436027409358848 | Rank: 189 
local_num = 14036637401088 | Rank: 21 
79 348
local_num = 585902888157184 | Rank: 348 
79 178
local_num = 575021664083968 | Rank: 178 
79 322
local_num = 770717003669504 | Rank: 322 
79 366
local_num = 393694855708672 | Rank: 366 
79 260
79 100
local_num = 192163912966144 | Rank: 100 
local_num = 884878618361856 | Rank: 260 
79 291
local_num = 348922412662784 | Rank: 291 
79 67
local_num = 130495358631936 | Rank: 67 
79 333
79 192
local_num = 612286984159232 | Rank: 333 
79 39
local_num = 401859690520576 | Rank: 192 
local_num = 427758286372864 | Rank: 39 
79 162
local_num = 319332299579392 | Rank: 162 
79 369
local_num = 400231351042048 | Rank: 369 
79 343
local_num = 561971557138432 | Rank: 343 
79 387
local_num = 570115679944704 | Rank: 387 
79 326
local_num = 786600067260416 | Rank: 326 
79 367
local_num = 923460003987456 | Rank: 367 
79 101
79 261
local_num = 142942751195136 | Rank: 101 
local_num = 662418328682496 | Rank: 261 
79 141
local_num = 822857807577088 | Rank: 141 
79 285
local_num = 260975279276032 | Rank: 285 
79 19
local_num = 199868122169344 | Rank: 19 
79 338
local_num = 468171553652736 | Rank: 338 
79 34
local_num = 778897798934528 | Rank: 34 
79 210
79 81
79 213
local_num = 646185317154816 | Rank: 213 
local_num = 338264280662016 | Rank: 81 
79 209
local_num = 688348463783936 | Rank: 209 
79 354
local_num = 478204681412608 | Rank: 354 
local_num = 487849886285824 | Rank: 210 
79 341
local_num = 545411790094336 | Rank: 341 
79 85
local_num = 559367544881152 | Rank: 85 
79 149
local_num = 277909984395264 | Rank: 149 
79 135
local_num = 837282039300096 | Rank: 135 
79 145
local_num = 577535239225344 | Rank: 145 
79 61
local_num = 710733396803584 | Rank: 61 
79 320
local_num = 137484153462784 | Rank: 320 
79 177
local_num = 742213329534976 | Rank: 177 
79 355
79 99
local_num = 49271946215424 | Rank: 355 
local_num = 162983198810112 | Rank: 99 
79 353
local_num = 699038899011584 | Rank: 353 
79 321
local_num = 932493203931136 | Rank: 321 
79 196
local_num = 817675529527296 | Rank: 196 
79 279
local_num = 258246229917696 | Rank: 279 
79 375
local_num = 296256563838976 | Rank: 375 
79 35
local_num = 498635107598336 | Rank: 35 
79 158
local_num = 464163131015168 | Rank: 158 
79 308
79 293
79 294
local_num = 452422273380352 | Rank: 294 
local_num = 9644910927872 | Rank: 308 
local_num = 582512419258368 | Rank: 293 
79 351
local_num = 452658647629824 | Rank: 351 
79 259
79 385
79 12
local_num = 230523459026944 | Rank: 259 
local_num = 764878358921216 | Rank: 385 
local_num = 262957620445184 | Rank: 12 
79 114
79 195
local_num = 517729904214016 | Rank: 114 
local_num = 740029031776256 | Rank: 195 
79 132
local_num = 789544532320256 | Rank: 132 
79 82
79 163
local_num = 43642153148416 | Rank: 82 
79 276
local_num = 47287592378368 | Rank: 276 
local_num = 437381675122688 | Rank: 163 
79 336
local_num = 61654197108736 | Rank: 336 
79 373
local_num = 68839721828352 | Rank: 373 
79 287
local_num = 543698780127232 | Rank: 287 
79 394
local_num = 782700977471488 | Rank: 394 
79 272
79 49
local_num = 801296389906432 | Rank: 272 
local_num = 95953185234944 | Rank: 49 
79 116
79 30
local_num = 481563584602112 | Rank: 116 
local_num = 398211130089472 | Rank: 30 
79 227
local_num = 55944119943168 | Rank: 227 
79 159
local_num = 465847986126848 | Rank: 159 
79 374
local_num = 29289479967744 | Rank: 374 
79 311
79 284
local_num = 766458817671168 | Rank: 284 
local_num = 304592684744704 | Rank: 311 
79 77
79 357
local_num = 577031961362432 | Rank: 77 
local_num = 500558974861312 | Rank: 357 
79 131
79 98
local_num = 485210161119232 | Rank: 131 
local_num = 735454224687104 | Rank: 98 
79 340
local_num = 409805260562432 | Rank: 340 
79 65
local_num = 885855424135168 | Rank: 65 
79 289
local_num = 27654659629056 | Rank: 289 
79 4
local_num = 62418532564992 | Rank: 4 
79 339
local_num = 173253514493952 | Rank: 339 
79 269
local_num = 172147704553472 | Rank: 269 
79 31
local_num = 753488650305536 | Rank: 31 
79 226
local_num = 959835769765888 | Rank: 226 
79 303
local_num = 425273768706048 | Rank: 303 
79 5
local_num = 52060424994816 | Rank: 5 
79 193
79 274
local_num = 697335909679104 | Rank: 193 
local_num = 304763426074624 | Rank: 274 
79 365
local_num = 382178719645696 | Rank: 365 
79 180
79 324
local_num = 768476121038848 | Rank: 180 
local_num = 805210174199808 | Rank: 324 
79 301
local_num = 745141172355072 | Rank: 301 
79 38
local_num = 744668224339968 | Rank: 38 
79 165
local_num = 456898043592704 | Rank: 165 
79 371
local_num = 860046233468928 | Rank: 371 
79 18
local_num = 524517001306112 | Rank: 18 
79 306
local_num = 154572005531648 | Rank: 306 
79 119
local_num = 57596390473728 | Rank: 119 
79 45
79 275
local_num = 383018506125312 | Rank: 45 
local_num = 201509594759168 | Rank: 275 
79 302
79 307
local_num = 951697617813504 | Rank: 307 
local_num = 485053482745856 | Rank: 302 
79 244
local_num = 869600214437888 | Rank: 244 
79 237
local_num = 182968377245696 | Rank: 237 
79 3
local_num = 594006296854528 | Rank: 3 
79 52
local_num = 794612510212096 | Rank: 52 
79 247
local_num = 971369185673216 | Rank: 247 
79 205
local_num = 511313592745984 | Rank: 205 
79 55
local_num = 537560330272768 | Rank: 55 
79 146
local_num = 163726546444288 | Rank: 146 
79 215
local_num = 979957538291712 | Rank: 215 
79 50
local_num = 855252497711104 | Rank: 50 
79 13
local_num = 409800553283584 | Rank: 13 
79 173
local_num = 455849187770368 | Rank: 173 
79 337
local_num = 637823768608768 | Rank: 337 
79 370
local_num = 901541301190656 | Rank: 370 
79 349
local_num = 839799666470912 | Rank: 349 
79 109
local_num = 362887831748608 | Rank: 109 
79 309
local_num = 370775148265472 | Rank: 309 
79 359
local_num = 952087122214912 | Rank: 359 
79 391
local_num = 630080211714048 | Rank: 391 
79 388
local_num = 915871301074944 | Rank: 388 
79 290
local_num = 410146531713024 | Rank: 290 
79 381
local_num = 548580527603712 | Rank: 381 
79 317
local_num = 361169992482816 | Rank: 317 
Fac: 1000000000 | Result: 38144
WORLD SIZE: 400
