Reading arXiv citation file and creating citation tree...
Finished reading arXiv citation file and creating citation tree...
Reading in struct matrix and creating binary tree...
benchmark: 0
benchmark: 200000
benchmark: 400000
benchmark: 600000
benchmark: 800000
benchmark: 1000000
benchmark: 1200000
benchmark: 1400000
benchmark: 1600000
Finished reading in struct matrix and creating binary tree...
Running matrix file creation algorithm...
Count of papers read in 100 vs. known 1628188
Time in seconds to complete: 3
Clearing all of the memory...
This is a just a test to show that the file is being written to correctly, every 'we have a winner' is a 1 found in the row of paper #, only 100 being printed so it doesnt take forever
STARTING TEST OF WRITE FILE
Paper 0
1443644 21161 163381 
Paper 1
1628188 
Paper 2
1628188 
Paper 3
1628188 
Paper 4
1628188 
Paper 5
1326894 18061 283231 
Paper 6
1385565 1017 945 3332 683 84 57 390 400 81265 12423 142016 
Paper 7
1628188 
Paper 8
1257736 370451 
Paper 9
1546384 81803 
Paper 10
56867 1571320 
Paper 11
1628188 
Paper 12
1628188 
Paper 13
1565325 62862 
Paper 14
42907 1424205 1595 4084 8327 272 669 2002 1605 633 999 1079 298 930 525 138043 
Paper 15
1404645 11507 9499 16424 281 1215 118 7548 15704 161238 
Paper 16
1283586 344601 
Paper 17
1482092 3342 1161 2138 14930 124520 
Paper 18
1628188 
Paper 19
1440847 187340 
Paper 20
1628188 
Paper 21
1528526 19891 79769 
Paper 22
1628188 
Paper 23
1628188 
Paper 24
1343372 410 168215 116188 
Paper 25
111 1518947 5482 23957 10569 69117 
Paper 26
137663 1490524 
Paper 27
1539710 19001 69475 
Paper 28
1628188 
Paper 29
1304337 323850 
Paper 30
1628188 
Paper 31
1218650 11323 1341 1386 2077 1463 4113 6902 563 1552 1958 4533 9026 8 390 479 644 3637 749 5471 123676 607 921 183 19125 580 1076 86 972 220 3721 311 391 107 93 545 304 469 1083 1104 166 638 172 239 190 504 1378 1875 151 2032 738 1441 180 1950 9021 735 409 2087 1601 1346 1055 168380 
Paper 32
1628188 
Paper 33
1628188 
Paper 34
1628188 
Paper 35
1557063 71124 
Paper 36
1628188 
Paper 37
1628188 
Paper 38
1404754 33824 189608 
Paper 39
1556196 71991 
Paper 40
15818 1538780 6961 66626 
Paper 41
1628188 
Paper 42
1343201 2554 4902 277528 
Paper 43
31846 52390 9652 3047 19970 1134280 5516 371480 
Paper 44
1628188 
Paper 45
1628188 
Paper 46
1628188 
Paper 47
1391885 94 0 676 30 235498 
Paper 48
1545644 12673 422 69446 
Paper 49
1628188 
Paper 50
1628188 
Paper 51
1628188 
Paper 52
1628188 
Paper 53
1628188 
Paper 54
1350713 2911 274562 
Paper 55
1351151 277036 
Paper 56
7629 1346281 274276 
Paper 57
1228138 154436 245612 
Paper 58
1267501 377 1534 1268 357504 
Paper 59
1581885 46302 
Paper 60
1548081 8723 461 70920 
Paper 61
1628188 
Paper 62
1628188 
Paper 63
12854 11687 10738 1432723 2032 3362 777 380 1093 975 2781 851 117 336 4021 284 812 750 601 638 2407 17441 120506 
Paper 64
12424 1529959 85803 
Paper 65
1474167 587 1495 745 2416 850 792 3302 143826 
Paper 66
1628188 
Paper 67
1538643 11394 78149 
Paper 68
1628188 
Paper 69
1337688 290499 
Paper 70
1628188 
Paper 71
1379687 135380 113119 
Paper 72
133671 1494516 
Paper 73
1628188 
Paper 74
1404489 113 11 335 24460 8995 2430 150 863 181 781 84 418 871 183993 
Paper 75
1402818 893 53 382 362 38 0 1 44 310 89 11 11 8 6 33856 3377 201 1174 181 184353 
Paper 76
1628188 
Paper 77
1628188 
Paper 78
1540878 8718 78590 
Paper 79
1265798 362389 
Paper 80
1476772 10772 31112 14381 23526 71620 
Paper 81
1628188 
Paper 82
1393039 2676 1417 735 86587 3291 1697 658 138080 
Paper 83
1319078 309109 
Paper 84
1469706 3082 395 600 1790 2511 4470 295 1654 1905 26 530 122 2281 1462 595 142 250 333 13483 680 1307 2121 118425 
Paper 85
1628188 
Paper 86
1628188 
Paper 87
1628188 
Paper 88
1380147 248040 
Paper 89
1628188 
Paper 90
1537666 12494 78026 
Paper 91
1410581 217606 
Paper 92
1332627 5805 5430 1693 2026 280602 
Paper 93
1266136 0 1436 360613 
Paper 94
1628188 
Paper 95
1628188 
Paper 96
1511220 895 848 14937 1492 1084 5196 2447 3359 236 86464 
Paper 97
37272 1277096 313818 
Paper 98
1557903 70284 
Paper 99
1388121 2169 1561 1413 746 18 1642 107 74823 2198 12646 142733 
