Reading arXiv citation file and creating citation tree...
Finished reading arXiv citation file and creating citation tree...
Reading in struct matrix and creating binary tree...
benchmark: 0
benchmark: 200000
benchmark: 400000
benchmark: 600000
benchmark: 800000
benchmark: 1000000
benchmark: 1200000
benchmark: 1400000
benchmark: 1600000
Finished reading in struct matrix and creating binary tree...
Running matrix file creation algorithm...
Benchmark 100000
Benchmark 200000
Benchmark 300000
Benchmark 400000
Benchmark 500000
Benchmark 600000
Benchmark 900000
Benchmark 1000000
Benchmark 1300000
Benchmark 1400000
Benchmark 1500000
Benchmark 1600000
Count of papers read in 1628188 vs. known 1628188
Time in seconds to complete: 65465
Clearing all of the memory...
