srun: Warning: can't honor --ntasks-per-node set to 5 which doesn't match the requested tasks 10 with the number of requested nodes 10. Ignoring --ntasks-per-node.
numofItems: 10 | Time/Node: 0.105000 
numofItems: 80 | Time/Node: 0.103000 
numofItems: 100 | Time/Node: 0.111000 
numofItems: 300 | Time/Node: 0.151000 
numofItems: 500 | Time/Node: 0.230000 
numofItems: 800 | Time/Node: 0.617000 
numofItems: 1000 | Time/Node: 1.087000 

===================================================================================
=   BAD TERMINATION OF ONE OF YOUR APPLICATION PROCESSES
=   PID 22308 RUNNING AT hpcl1-1
=   EXIT CODE: 9
=   CLEANING UP REMAINING PROCESSES
=   YOU CAN IGNORE THE BELOW CLEANUP MESSAGES
===================================================================================
[proxy:0:5@hpcl2-1.salisbury.edu] HYD_pmcd_pmip_control_cmd_cb (pm/pmiserv/pmip_cb.c:885): assert (!closed) failed
[proxy:0:5@hpcl2-1.salisbury.edu] HYDT_dmxu_poll_wait_for_event (tools/demux/demux_poll.c:76): callback returned error status
[proxy:0:5@hpcl2-1.salisbury.edu] main (pm/pmiserv/pmip.c:206): demux engine error waiting for event
[proxy:0:4@hpcl1-5.salisbury.edu] HYD_pmcd_pmip_control_cmd_cb (pm/pmiserv/pmip_cb.c:885): assert (!closed) failed
[proxy:0:4@hpcl1-5.salisbury.edu] HYDT_dmxu_poll_wait_for_event (tools/demux/demux_poll.c:76): callback returned error status
[proxy:0:4@hpcl1-5.salisbury.edu] main (pm/pmiserv/pmip.c:206): demux engine error waiting for event
[proxy:0:6@hpcl2-2.salisbury.edu] HYD_pmcd_pmip_control_cmd_cb (pm/pmiserv/pmip_cb.c:885): assert (!closed) failed
[proxy:0:6@hpcl2-2.salisbury.edu] HYDT_dmxu_poll_wait_for_event (tools/demux/demux_poll.c:76): callback returned error status
[proxy:0:6@hpcl2-2.salisbury.edu] main (pm/pmiserv/pmip.c:206): demux engine error waiting for event
[proxy:0:8@hpcl2-4.salisbury.edu] HYD_pmcd_pmip_control_cmd_cb (pm/pmiserv/pmip_cb.c:885): assert (!closed) failed
[proxy:0:8@hpcl2-4.salisbury.edu] HYDT_dmxu_poll_wait_for_event (tools/demux/demux_poll.c:76): callback returned error status
[proxy:0:8@hpcl2-4.salisbury.edu] main (pm/pmiserv/pmip.c:206): demux engine error waiting for event
[proxy:0:1@hpcl1-2.salisbury.edu] HYD_pmcd_pmip_control_cmd_cb (pm/pmiserv/pmip_cb.c:885): assert (!closed) failed
[proxy:0:1@hpcl1-2.salisbury.edu] HYDT_dmxu_poll_wait_for_event (tools/demux/demux_poll.c:76): callback returned error status
[proxy:0:1@hpcl1-2.salisbury.edu] main (pm/pmiserv/pmip.c:206): demux engine error waiting for event
[proxy:0:3@hpcl1-4.salisbury.edu] HYD_pmcd_pmip_control_cmd_cb (pm/pmiserv/pmip_cb.c:885): assert (!closed) failed
[proxy:0:3@hpcl1-4.salisbury.edu] HYDT_dmxu_poll_wait_for_event (tools/demux/demux_poll.c:76): callback returned error status
[proxy:0:3@hpcl1-4.salisbury.edu] main (pm/pmiserv/pmip.c:206): demux engine error waiting for event
[proxy:0:9@hpcl2-5.salisbury.edu] HYD_pmcd_pmip_control_cmd_cb (pm/pmiserv/pmip_cb.c:885): assert (!closed) failed
[proxy:0:9@hpcl2-5.salisbury.edu] HYDT_dmxu_poll_wait_for_event (tools/demux/demux_poll.c:76): callback returned error status
[proxy:0:9@hpcl2-5.salisbury.edu] main (pm/pmiserv/pmip.c:206): demux engine error waiting for event
[proxy:0:2@hpcl1-3.salisbury.edu] HYD_pmcd_pmip_control_cmd_cb (pm/pmiserv/pmip_cb.c:885): assert (!closed) failed
[proxy:0:2@hpcl1-3.salisbury.edu] HYDT_dmxu_poll_wait_for_event (tools/demux/demux_poll.c:76): callback returned error status
[proxy:0:2@hpcl1-3.salisbury.edu] main (pm/pmiserv/pmip.c:206): demux engine error waiting for event
[proxy:0:7@hpcl2-3.salisbury.edu] HYD_pmcd_pmip_control_cmd_cb (pm/pmiserv/pmip_cb.c:885): assert (!closed) failed
[proxy:0:7@hpcl2-3.salisbury.edu] HYDT_dmxu_poll_wait_for_event (tools/demux/demux_poll.c:76): callback returned error status
[proxy:0:7@hpcl2-3.salisbury.edu] main (pm/pmiserv/pmip.c:206): demux engine error waiting for event
slurmstepd: error: Detected 1 oom-kill event(s) in step 3003.0 cgroup. Some of your processes may have been killed by the cgroup out-of-memory handler.
srun: error: hpcl1-1: task 0: Out Of Memory
srun: error: hpcl2-1: task 5: Exited with exit code 7
srun: error: hpcl1-5: task 4: Exited with exit code 7
srun: error: hpcl1-4: task 3: Exited with exit code 7
srun: error: hpcl1-3: task 2: Exited with exit code 7
srun: error: hpcl2-2: task 6: Exited with exit code 7
srun: error: hpcl2-4: task 8: Exited with exit code 7
srun: error: hpcl1-2: task 1: Exited with exit code 7
srun: error: hpcl2-3: task 7: Exited with exit code 7
srun: error: hpcl2-5: task 9: Exited with exit code 7
[mpiexec@hpcl1-1.salisbury.edu] HYDT_bscu_wait_for_completion (tools/bootstrap/utils/bscu_wait.c:76): one of the processes terminated badly; aborting
[mpiexec@hpcl1-1.salisbury.edu] HYDT_bsci_wait_for_completion (tools/bootstrap/src/bsci_wait.c:23): launcher returned error waiting for completion
[mpiexec@hpcl1-1.salisbury.edu] HYD_pmci_wait_for_completion (pm/pmiserv/pmiserv_pmci.c:218): launcher returned error waiting for completion
[mpiexec@hpcl1-1.salisbury.edu] main (ui/mpich/mpiexec.c:344): process manager error waiting for completion
slurmstepd: error: Detected 1 oom-kill event(s) in step 3003.batch cgroup. Some of your processes may have been killed by the cgroup out-of-memory handler.
