make: `main' is up to date.
fac: 1000000000000	line 65 Rank: 535 | start: 928819444386 | finish: 930555555496
fac: 1000000000000	line 65 Rank: 533 | start: 925347222164 | finish: 927083333274
fac: 1000000000000	line 65 Rank: 102 | start: 177083333323 | finish: 178819444433
fac: 1000000000000	line 65 Rank: 105 | start: 182291666656 | finish: 184027777766
fac: 1000000000000fac: 1000000000000	line 65 Rank: 179 | start: 310763888870 | finish: 312499999980
	line 65 Rank: 168 | start: 291666666649 | finish: 293402777759
fac: 1000000000000	line 65 Rank: 302 | start: 524305555523 | finish: 526041666633
fac: 1000000000000	line 65 Rank: 305 | start: 529513888856 | finish: 531249999966
fac: 1000000000000	line 65 Rank: 546 | start: 947916666607 | finish: 949652777717
fac: 1000000000000	line 65 Rank: 529 | start: 918402777720 | finish: 920138888830
fac: 1000000000000	line 65 Rank: 53 | start: 92013888884 | finish: 93749999994
fac: 1000000000000fac: 1000000000000fac: 1000000000000fac: 1000000000000	line 65 Rank: 504 | start: 874999999945 | finish: 876736111055
fac: 1000000000000	line 65 Rank: 49 | start: 85069444440 | finish: 86805555550
	line 65 Rank: 114 | start: 197916666655 | finish: 199652777765
fac: 1000000000000	line 65 Rank: 298 | start: 517361111079 | finish: 519097222189
	line 65 Rank: 505 | start: 876736111056 | finish: 878472222166
	line 65 Rank: 459 | start: 796874999950 | finish: 798611111060
fac: 1000000000000	line 65 Rank: 466 | start: 809027777727 | finish: 810763888837
fac: 1000000000000	line 65 Rank: 111 | start: 192708333322 | finish: 194444444432
fac: 1000000000000	line 65 Rank: 172 | start: 298611111093 | finish: 300347222203
fac: 1000000000000	line 65 Rank: 50 | start: 86805555551 | finish: 88541666661
fac: 1000000000000	line 65 Rank: 292 | start: 506944444413 | finish: 508680555523
fac: 1000000000000	line 65 Rank: 543 | start: 942708333274 | finish: 944444444384
fac: 1000000000000	line 65 Rank: 398 | start: 690972222179 | finish: 692708333289
fac: 1000000000000fac: 1000000000000	line 65 Rank: 524 | start: 909722222165 | finish: 911458333275
	line 65 Rank: 465 | start: 807291666616 | finish: 809027777726
fac: 1000000000000	line 65 Rank: 552 | start: 958333333273 | finish: 960069444383
fac: 1000000000000fac: 1000000000000fac: 1000000000000	line 65 Rank: 88 | start: 152777777769 | finish: 154513888879
fac: 1000000000000	line 65 Rank: 566 | start: 982638888827 | finish: 984374999937
	line 65 Rank: 186 | start: 322916666647 | finish: 324652777757
fac: 1000000000000	line 65 Rank: 91 | start: 157986111102 | finish: 159722222212
	line 65 Rank: 385 | start: 668402777736 | finish: 670138888846
fac: 1000000000000	line 65 Rank: 551 | start: 956597222162 | finish: 958333333272
fac: 1000000000000	line 65 Rank: 272 | start: 472222222193 | finish: 473958333303
fac: 1000000000000	line 65 Rank: 288 | start: 499999999969 | finish: 501736111079
fac: 1000000000000fac: 1000000000000	line 65 Rank: 481 | start: 835069444392 | finish: 836805555502
	line 65 Rank: 276 | start: 479166666637 | finish: 480902777747
fac: 1000000000000	line 65 Rank: 493 | start: 855902777724 | finish: 857638888834
fac: 1000000000000	line 65 Rank: 110 | start: 190972222211 | finish: 192708333321
fac: 1000000000000	line 65 Rank: 43 | start: 74652777774 | finish: 76388888884
fac: 1000000000000	line 65 Rank: 181 | start: 314236111092 | finish: 315972222202
fac: 1000000000000fac: 1000000000000	line 65 Rank: 45 | start: 78124999996 | finish: 79861111106
	line 65 Rank: 66 | start: 114583333327 | finish: 116319444437
fac: 1000000000000	line 65 Rank: 508 | start: 881944444389 | finish: 883680555499
fac: 1000000000000	line 65 Rank: 79 | start: 137152777770 | finish: 138888888880
fac: 1000000000000	line 65 Rank: 470 | start: 815972222171 | finish: 817708333281
fac: 1000000000000fac: 1000000000000	line 65 Rank: 570 | start: 989583333271 | finish: 991319444381
	line 65 Rank: 112 | start: 194444444433 | finish: 196180555543
fac: 1000000000000	line 65 Rank: 61 | start: 105902777772 | finish: 107638888882
fac: 1000000000000	line 65 Rank: 295 | start: 512152777746 | finish: 513888888856
fac: 1000000000000	line 65 Rank: 376 | start: 652777777737 | finish: 654513888847
fac: 1000000000000	line 65 Rank: 448 | start: 777777777729 | finish: 779513888839
fac: 1000000000000fac: 1000000000000	line 65 Rank: 365 | start: 633680555516 | finish: 635416666626
	line 65 Rank: 559 | start: 970486111050 | finish: 972222222160
fac: 1000000000000fac: 1000000000000	line 65 Rank: 540 | start: 937499999941 | finish: 939236111051
	line 65 Rank: 404 | start: 701388888845 | finish: 703124999955
fac: 1000000000000fac: 1000000000000fac: 1000000000000	line 65 Rank: 309 | start: 536458333300 | finish: 538194444410
	line 65 Rank: 497 | start: 862847222168 | finish: 864583333278
fac: 1000000000000fac: 1000000000000	line 65 Rank: 433 | start: 751736111064 | finish: 753472222174
	line 65 Rank: 397 | start: 689236111068 | finish: 690972222178
	line 65 Rank: 456 | start: 791666666617 | finish: 793402777727
fac: 1000000000000	line 65 Rank: 516 | start: 895833333277 | finish: 897569444387
fac: 1000000000000fac: 1000000000000fac: 1000000000000fac: 1000000000000	line 65 Rank: 536 | start: 930555555497 | finish: 932291666607
	line 65 Rank: 90 | start: 156249999991 | finish: 157986111101
	line 65 Rank: 525 | start: 911458333276 | finish: 913194444386
fac: 1000000000000fac: 1000000000000	line 65 Rank: 343 | start: 595486111074 | finish: 597222222184
	line 65 Rank: 558 | start: 968749999939 | finish: 970486111049
	line 65 Rank: 175 | start: 303819444426 | finish: 305555555536
fac: 1000000000000fac: 1000000000000	line 65 Rank: 275 | start: 477430555526 | finish: 479166666636
fac: 1000000000000	line 65 Rank: 345 | start: 598958333296 | finish: 600694444406
	line 65 Rank: 108 | start: 187499999989 | finish: 189236111099
fac: 1000000000000	line 65 Rank: 467 | start: 810763888838 | finish: 812499999948
fac: 1000000000000	line 65 Rank: 483 | start: 838541666614 | finish: 840277777724
fac: 1000000000000	line 65 Rank: 265 | start: 460069444416 | finish: 461805555526
fac: 1000000000000	line 65 Rank: 362 | start: 628472222183 | finish: 630208333293
fac: 1000000000000	line 65 Rank: 449 | start: 779513888840 | finish: 781249999950
fac: 1000000000000fac: 1000000000000	line 65 Rank: 93 | start: 161458333324 | finish: 163194444434
fac: 1000000000000	line 65 Rank: 60 | start: 104166666661 | finish: 105902777771
	line 65 Rank: 564 | start: 979166666605 | finish: 980902777715
fac: 1000000000000	line 65 Rank: 313 | start: 543402777744 | finish: 545138888854
fac: 1000000000000fac: 1000000000000	line 65 Rank: 98 | start: 170138888879 | finish: 171874999989
	line 65 Rank: 184 | start: 319444444425 | finish: 321180555535
fac: 1000000000000	line 65 Rank: 24 | start: 41666666665 | finish: 43402777775
fac: 1000000000000	line 65 Rank: 32 | start: 55555555553 | finish: 57291666663
fac: 1000000000000	line 65 Rank: 234 | start: 406249999975 | finish: 407986111085
fac: 1000000000000	line 65 Rank: 290 | start: 503472222191 | finish: 505208333301
fac: 1000000000000	line 65 Rank: 332 | start: 576388888853 | finish: 578124999963
fac: 1000000000000fac: 1000000000000	line 65 Rank: 56 | start: 97222222217 | finish: 98958333327
	line 65 Rank: 442 | start: 767361111063 | finish: 769097222173
fac: 1000000000000	line 65 Rank: 239 | start: 414930555530 | finish: 416666666640
fac: 1000000000000	line 65 Rank: 195 | start: 338541666646 | finish: 340277777756
fac: 1000000000000fac: 1000000000000fac: 1000000000000fac: 1000000000000	line 65 Rank: 544 | start: 944444444385 | finish: 946180555495
	line 65 Rank: 478 | start: 829861111059 | finish: 831597222169
	line 65 Rank: 502 | start: 871527777723 | finish: 873263888833
fac: 1000000000000	line 65 Rank: 457 | start: 793402777728 | finish: 795138888838
	line 65 Rank: 194 | start: 336805555535 | finish: 338541666645
fac: 1000000000000	line 65 Rank: 403 | start: 699652777734 | finish: 701388888844
fac: 1000000000000fac: 1000000000000	line 65 Rank: 384 | start: 666666666625 | finish: 668402777735
	line 65 Rank: 377 | start: 654513888848 | finish: 656249999958
fac: 1000000000000	line 65 Rank: 512 | start: 888888888833 | finish: 890624999943
fac: 1000000000000fac: 1000000000000	line 65 Rank: 574 | start: 996527777715 | finish: 998263888825
	line 65 Rank: 82 | start: 142361111103 | finish: 144097222213
fac: 1000000000000	line 65 Rank: 291 | start: 505208333302 | finish: 506944444412
fac: 1000000000000fac: 1000000000000fac: 1000000000000	line 65 Rank: 353 | start: 612847222184 | finish: 614583333294
	line 65 Rank: 550 | start: 954861111051 | finish: 956597222161
	line 65 Rank: 350 | start: 607638888851 | finish: 609374999961
fac: 1000000000000	line 65 Rank: 482 | start: 836805555503 | finish: 838541666613
fac: 1000000000000	line 65 Rank: 83 | start: 144097222214 | finish: 145833333324
fac: 1000000000000	line 65 Rank: 119 | start: 206597222210 | finish: 208333333320
fac: 1000000000000	line 65 Rank: 178 | start: 309027777759 | finish: 310763888869
fac: 1000000000000fac: 1000000000000	line 65 Rank: 278 | start: 482638888859 | finish: 484374999969
fac: 1000000000000	line 65 Rank: 447 | start: 776041666618 | finish: 777777777728
	line 65 Rank: 41 | start: 71180555552 | finish: 72916666662
fac: 1000000000000fac: 1000000000000	line 65 Rank: 166 | start: 288194444427 | finish: 289930555537
	line 65 Rank: 369 | start: 640624999960 | finish: 642361111070
fac: 1000000000000fac: 1000000000000fac: 1000000000000	line 65 Rank: 513 | start: 890624999944 | finish: 892361111054
	line 65 Rank: 568 | start: 986111111049 | finish: 987847222159
fac: 1000000000000	line 65 Rank: 296 | start: 513888888857 | finish: 515624999967
	line 65 Rank: 10 | start: 17361111111 | finish: 19097222221
fac: 1000000000000	line 65 Rank: 4 | start: 6944444445 | finish: 8680555555
fac: 1000000000000fac: 1000000000000	line 65 Rank: 280 | start: 486111111081 | finish: 487847222191
	line 65 Rank: 69 | start: 119791666660 | finish: 121527777770
fac: 1000000000000	line 65 Rank: 221 | start: 383680555532 | finish: 385416666642
fac: 1000000000000	line 65 Rank: 193 | start: 335069444424 | finish: 336805555534
fac: 1000000000000fac: 1000000000000	line 65 Rank: 107 | start: 185763888878 | finish: 187499999988
	line 65 Rank: 321 | start: 557291666632 | finish: 559027777742
fac: 1000000000000	line 65 Rank: 28 | start: 48611111109 | finish: 50347222219
fac: 1000000000000fac: 1000000000000fac: 1000000000000	line 65 Rank: 506 | start: 878472222167 | finish: 880208333277
	line 65 Rank: 293 | start: 508680555524 | finish: 510416666634
fac: 1000000000000fac: 1000000000000	line 65 Rank: 437 | start: 758680555508 | finish: 760416666618
	line 65 Rank: 548 | start: 951388888829 | finish: 953124999939
	line 65 Rank: 501 | start: 869791666612 | finish: 871527777722
fac: 1000000000000	line 65 Rank: 475 | start: 824652777726 | finish: 826388888836
fac: 1000000000000fac: 1000000000000	line 65 Rank: 347 | start: 602430555518 | finish: 604166666628
	line 65 Rank: 170 | start: 295138888871 | finish: 296874999981
fac: 1000000000000	line 65 Rank: 64 | start: 111111111105 | finish: 112847222215
fac: 1000000000000fac: 1000000000000fac: 1000000000000	line 65 Rank: 452 | start: 784722222173 | finish: 786458333283
fac: 1000000000000	line 65 Rank: 155 | start: 269097222206 | finish: 270833333316
fac: 1000000000000	line 65 Rank: 402 | start: 697916666623 | finish: 699652777733
fac: 1000000000000	line 65 Rank: 233 | start: 404513888864 | finish: 406249999974
fac: 1000000000000	line 65 Rank: 73 | start: 126736111104 | finish: 128472222214
fac: 1000000000000	line 65 Rank: 485 | start: 842013888836 | finish: 843749999946
	line 65 Rank: 392 | start: 680555555513 | finish: 682291666623
	line 65 Rank: 325 | start: 564236111076 | finish: 565972222186
fac: 1000000000000	line 65 Rank: 408 | start: 708333333289 | finish: 710069444399
fac: 1000000000000fac: 1000000000000	line 65 Rank: 154 | start: 267361111095 | finish: 269097222205
fac: 1000000000000	line 65 Rank: 3 | start: 5208333334 | finish: 6944444444
	line 65 Rank: 214 | start: 371527777755 | finish: 373263888865
fac: 1000000000000	line 65 Rank: 431 | start: 748263888842 | finish: 749999999952
fac: 1000000000000	line 65 Rank: 294 | start: 510416666635 | finish: 512152777745
fac: 1000000000000	line 65 Rank: 476 | start: 826388888837 | finish: 828124999947
fac: 1000000000000	line 65 Rank: 357 | start: 619791666628 | finish: 621527777738
fac: 1000000000000fac: 1000000000000fac: 1000000000000	line 65 Rank: 238 | start: 413194444419 | finish: 414930555529
fac: 1000000000000fac: 1000000000000	line 65 Rank: 200 | start: 347222222201 | finish: 348958333311
	line 65 Rank: 383 | start: 664930555514 | finish: 666666666624
fac: 1000000000000	line 65 Rank: 528 | start: 916666666609 | finish: 918402777719
fac: 1000000000000	line 65 Rank: 29 | start: 50347222220 | finish: 52083333330
	line 65 Rank: 515 | start: 894097222166 | finish: 895833333276
	line 65 Rank: 565 | start: 980902777716 | finish: 982638888826
fac: 1000000000000	line 65 Rank: 507 | start: 880208333278 | finish: 881944444388
fac: 1000000000000fac: 1000000000000	line 65 Rank: 96 | start: 166666666657 | finish: 168402777767
fac: 1000000000000	line 65 Rank: 460 | start: 798611111061 | finish: 800347222171
	line 65 Rank: 95 | start: 164930555546 | finish: 166666666656
fac: 1000000000000	line 65 Rank: 176 | start: 305555555537 | finish: 307291666647
fac: 1000000000000	line 65 Rank: 274 | start: 475694444415 | finish: 477430555525
fac: 1000000000000	line 65 Rank: 287 | start: 498263888858 | finish: 499999999968
fac: 1000000000000fac: 1000000000000fac: 1000000000000fac: 1000000000000	line 65 Rank: 406 | start: 704861111067 | finish: 706597222177
	line 65 Rank: 63 | start: 109374999994 | finish: 111111111104
	line 65 Rank: 370 | start: 642361111071 | finish: 644097222181
fac: 1000000000000fac: 1000000000000fac: 1000000000000	line 65 Rank: 75 | start: 130208333326 | finish: 131944444436
fac: 1000000000000	line 65 Rank: 492 | start: 854166666613 | finish: 855902777723
	line 65 Rank: 542 | start: 940972222163 | finish: 942708333273
	line 65 Rank: 562 | start: 975694444383 | finish: 977430555493
fac: 1000000000000fac: 1000000000000	line 65 Rank: 106 | start: 184027777767 | finish: 185763888877
	line 65 Rank: 328 | start: 569444444409 | finish: 571180555519
fac: 1000000000000fac: 1000000000000fac: 1000000000000	line 65 Rank: 435 | start: 755208333286 | finish: 756944444396
	line 65 Rank: 35 | start: 60763888886 | finish: 62499999996
	line 65 Rank: 173 | start: 300347222204 | finish: 302083333314
fac: 1000000000000fac: 1000000000000	line 65 Rank: 156 | start: 270833333317 | finish: 272569444427
	line 65 Rank: 390 | start: 677083333291 | finish: 678819444401
fac: 1000000000000fac: 1000000000000fac: 1000000000000	line 65 Rank: 235 | start: 407986111086 | finish: 409722222196
	line 65 Rank: 70 | start: 121527777771 | finish: 123263888881
fac: 1000000000000	line 65 Rank: 443 | start: 769097222174 | finish: 770833333284
fac: 1000000000000	line 65 Rank: 300 | start: 520833333301 | finish: 522569444411
	line 65 Rank: 351 | start: 609374999962 | finish: 611111111072
fac: 1000000000000fac: 1000000000000	line 65 Rank: 2 | start: 3472222223 | finish: 5208333333
	line 65 Rank: 424 | start: 736111111065 | finish: 737847222175
fac: 1000000000000	line 65 Rank: 208 | start: 361111111089 | finish: 362847222199
fac: 1000000000000fac: 1000000000000	line 65 Rank: 318 | start: 552083333299 | finish: 553819444409
fac: 1000000000000	line 65 Rank: 84 | start: 145833333325 | finish: 147569444435
fac: 1000000000000	line 65 Rank: 498 | start: 864583333279 | finish: 866319444389
	line 65 Rank: 336 | start: 583333333297 | finish: 585069444407
fac: 1000000000000	line 65 Rank: 571 | start: 991319444382 | finish: 993055555492
fac: 1000000000000fac: 1000000000000fac: 1000000000000fac: 1000000000000	line 65 Rank: 510 | start: 885416666611 | finish: 887152777721
	line 65 Rank: 0 | start: 2 | finish: 1736111111
	line 65 Rank: 42 | start: 72916666663 | finish: 74652777773
fac: 1000000000000fac: 1000000000000	line 65 Rank: 462 | start: 802083333283 | finish: 803819444393
	line 65 Rank: 418 | start: 725694444399 | finish: 727430555509
	line 65 Rank: 157 | start: 272569444428 | finish: 274305555538
fac: 1000000000000fac: 1000000000000fac: 1000000000000	line 65 Rank: 220 | start: 381944444421 | finish: 383680555531
	line 65 Rank: 215 | start: 373263888866 | finish: 374999999976
	line 65 Rank: 289 | start: 501736111080 | finish: 503472222190
fac: 1000000000000	line 65 Rank: 484 | start: 840277777725 | finish: 842013888835
fac: 1000000000000	line 65 Rank: 479 | start: 831597222170 | finish: 833333333280
fac: 1000000000000	line 65 Rank: 549 | start: 953124999940 | finish: 954861111050
fac: 1000000000000	line 65 Rank: 151 | start: 262152777762 | finish: 263888888872
fac: 1000000000000	line 65 Rank: 80 | start: 138888888881 | finish: 140624999991
fac: 1000000000000	line 65 Rank: 266 | start: 461805555527 | finish: 463541666637
fac: 1000000000000	line 65 Rank: 281 | start: 487847222192 | finish: 489583333302
fac: 1000000000000	line 65 Rank: 109 | start: 189236111100 | finish: 190972222210
fac: 1000000000000fac: 1000000000000	line 65 Rank: 440 | start: 763888888841 | finish: 765624999951
fac: 1000000000000	line 65 Rank: 183 | start: 317708333314 | finish: 319444444424
	line 65 Rank: 561 | start: 973958333272 | finish: 975694444382
fac: 1000000000000	line 65 Rank: 364 | start: 631944444405 | finish: 633680555515
fac: 1000000000000fac: 1000000000000fac: 1000000000000	line 65 Rank: 308 | start: 534722222189 | finish: 536458333299
	line 65 Rank: 530 | start: 920138888831 | finish: 921874999941
	line 65 Rank: 514 | start: 892361111055 | finish: 894097222165
fac: 1000000000000	line 65 Rank: 388 | start: 673611111069 | finish: 675347222179
fac: 1000000000000fac: 1000000000000	line 65 Rank: 52 | start: 90277777773 | finish: 92013888883
	line 65 Rank: 117 | start: 203124999988 | finish: 204861111098
fac: 1000000000000	line 65 Rank: 386 | start: 670138888847 | finish: 671874999957
fac: 1000000000000	line 65 Rank: 210 | start: 364583333311 | finish: 366319444421
fac: 1000000000000fac: 1000000000000	line 65 Rank: 360 | start: 624999999961 | finish: 626736111071
fac: 1000000000000	line 65 Rank: 236 | start: 409722222197 | finish: 411458333307
	line 65 Rank: 575 | start: 998263888826 | finish: 1000000000000
fac: 1000000000000	line 65 Rank: 419 | start: 727430555510 | finish: 729166666620
fac: 1000000000000fac: 1000000000000	line 65 Rank: 37 | start: 64236111108 | finish: 65972222218
fac: 1000000000000	line 65 Rank: 59 | start: 102430555550 | finish: 104166666660
	line 65 Rank: 190 | start: 329861111091 | finish: 331597222201
fac: 1000000000000	line 65 Rank: 522 | start: 906249999943 | finish: 907986111053
fac: 1000000000000	line 65 Rank: 474 | start: 822916666615 | finish: 824652777725
fac: 1000000000000fac: 1000000000000	line 65 Rank: 6 | start: 10416666667 | finish: 12152777777
	line 65 Rank: 337 | start: 585069444408 | finish: 586805555518
fac: 1000000000000fac: 1000000000000	line 65 Rank: 324 | start: 562499999965 | finish: 564236111075
	line 65 Rank: 444 | start: 770833333285 | finish: 772569444395
fac: 1000000000000fac: 1000000000000fac: 1000000000000fac: 1000000000000	line 65 Rank: 150 | start: 260416666651 | finish: 262152777761
fac: 1000000000000	line 65 Rank: 27 | start: 46874999998 | finish: 48611111108
	line 65 Rank: 204 | start: 354166666645 | finish: 355902777755
	line 65 Rank: 268 | start: 465277777749 | finish: 467013888859
fac: 1000000000000	line 65 Rank: 487 | start: 845486111058 | finish: 847222222168
	line 65 Rank: 356 | start: 618055555517 | finish: 619791666627
fac: 1000000000000	line 65 Rank: 94 | start: 163194444435 | finish: 164930555545
fac: 1000000000000	line 65 Rank: 18 | start: 31249999999 | finish: 32986111109
fac: 1000000000000	line 65 Rank: 434 | start: 753472222175 | finish: 755208333285
fac: 1000000000000	line 65 Rank: 468 | start: 812499999949 | finish: 814236111059
fac: 1000000000000fac: 1000000000000	line 65 Rank: 430 | start: 746527777731 | finish: 748263888841
	line 65 Rank: 541 | start: 939236111052 | finish: 940972222162
fac: 1000000000000fac: 1000000000000	line 65 Rank: 304 | start: 527777777745 | finish: 529513888855
	line 65 Rank: 329 | start: 571180555520 | finish: 572916666630
fac: 1000000000000fac: 1000000000000	line 65 Rank: 87 | start: 151041666658 | finish: 152777777768
	line 65 Rank: 496 | start: 861111111057 | finish: 862847222167
fac: 1000000000000fac: 1000000000000	line 65 Rank: 182 | start: 315972222203 | finish: 317708333313
	line 65 Rank: 277 | start: 480902777748 | finish: 482638888858
fac: 1000000000000fac: 1000000000000	line 65 Rank: 223 | start: 387152777754 | finish: 388888888864
fac: 1000000000000fac: 1000000000000fac: 1000000000000	line 65 Rank: 209 | start: 362847222200 | finish: 364583333310
	line 65 Rank: 518 | start: 899305555499 | finish: 901041666609
fac: 1000000000000	line 65 Rank: 464 | start: 805555555505 | finish: 807291666615
	line 65 Rank: 569 | start: 987847222160 | finish: 989583333270
fac: 1000000000000	line 65 Rank: 97 | start: 168402777768 | finish: 170138888878
fac: 1000000000000fac: 1000000000000	line 65 Rank: 297 | start: 515624999968 | finish: 517361111078
fac: 1000000000000	line 65 Rank: 531 | start: 921874999942 | finish: 923611111052
fac: 1000000000000	line 65 Rank: 389 | start: 675347222180 | finish: 677083333290
fac: 1000000000000fac: 1000000000000	line 65 Rank: 526 | start: 913194444387 | finish: 914930555497
	line 65 Rank: 451 | start: 782986111062 | finish: 784722222172
	line 65 Rank: 55 | start: 95486111106 | finish: 97222222216
fac: 1000000000000	line 65 Rank: 555 | start: 963541666606 | finish: 965277777716
fac: 1000000000000	line 65 Rank: 100 | start: 173611111101 | finish: 175347222211
fac: 1000000000000	line 65 Rank: 399 | start: 692708333290 | finish: 694444444400
fac: 1000000000000fac: 1000000000000fac: 1000000000000fac: 1000000000000	line 65 Rank: 366 | start: 635416666627 | finish: 637152777737
	line 65 Rank: 227 | start: 394097222198 | finish: 395833333308
	line 65 Rank: 422 | start: 732638888843 | finish: 734374999953
fac: 1000000000000	line 65 Rank: 77 | start: 133680555548 | finish: 135416666658
fac: 1000000000000	line 65 Rank: 363 | start: 630208333294 | finish: 631944444404
	line 65 Rank: 489 | start: 848958333280 | finish: 850694444390
fac: 1000000000000fac: 1000000000000fac: 1000000000000	line 65 Rank: 54 | start: 93749999995 | finish: 95486111105
	line 65 Rank: 439 | start: 762152777730 | finish: 763888888840
	line 65 Rank: 38 | start: 65972222219 | finish: 67708333329
fac: 1000000000000fac: 1000000000000fac: 1000000000000	line 65 Rank: 159 | start: 276041666650 | finish: 277777777760
fac: 1000000000000	line 65 Rank: 161 | start: 279513888872 | finish: 281249999982
	line 65 Rank: 352 | start: 611111111073 | finish: 612847222183
	line 65 Rank: 23 | start: 39930555554 | finish: 41666666664
fac: 1000000000000	line 65 Rank: 310 | start: 538194444411 | finish: 539930555521
fac: 1000000000000	line 65 Rank: 326 | start: 565972222187 | finish: 567708333297
fac: 1000000000000	line 65 Rank: 171 | start: 296874999982 | finish: 298611111092
fac: 1000000000000	line 65 Rank: 269 | start: 467013888860 | finish: 468749999970
fac: 1000000000000	line 65 Rank: 30 | start: 52083333331 | finish: 53819444441
fac: 1000000000000fac: 1000000000000fac: 1000000000000fac: 1000000000000	line 65 Rank: 14 | start: 24305555555 | finish: 26041666665
	line 65 Rank: 237 | start: 411458333308 | finish: 413194444418
	line 65 Rank: 207 | start: 359374999978 | finish: 361111111088
	line 65 Rank: 338 | start: 586805555519 | finish: 588541666629
fac: 1000000000000	line 65 Rank: 539 | start: 935763888830 | finish: 937499999940
fac: 1000000000000fac: 1000000000000	line 65 Rank: 461 | start: 800347222172 | finish: 802083333282
	line 65 Rank: 427 | start: 741319444398 | finish: 743055555508
fac: 1000000000000	line 65 Rank: 509 | start: 883680555500 | finish: 885416666610
fac: 1000000000000fac: 1000000000000	line 65 Rank: 557 | start: 967013888828 | finish: 968749999938
	line 65 Rank: 121 | start: 210069444432 | finish: 211805555542
fac: 1000000000000	line 65 Rank: 92 | start: 159722222213 | finish: 161458333323
fac: 1000000000000fac: 1000000000000	line 65 Rank: 89 | start: 154513888880 | finish: 156249999990
	line 65 Rank: 314 | start: 545138888855 | finish: 546874999965
fac: 1000000000000	line 65 Rank: 283 | start: 491319444414 | finish: 493055555524
fac: 1000000000000fac: 1000000000000fac: 1000000000000fac: 1000000000000	line 65 Rank: 131 | start: 227430555542 | finish: 229166666652
	line 65 Rank: 201 | start: 348958333312 | finish: 350694444422
fac: 1000000000000fac: 1000000000000fac: 1000000000000	line 65 Rank: 471 | start: 817708333282 | finish: 819444444392
	line 65 Rank: 573 | start: 994791666604 | finish: 996527777714
	line 65 Rank: 149 | start: 258680555540 | finish: 260416666650
	line 65 Rank: 545 | start: 946180555496 | finish: 947916666606
fac: 1000000000000	line 65 Rank: 499 | start: 866319444390 | finish: 868055555500
fac: 1000000000000	line 65 Rank: 116 | start: 201388888877 | finish: 203124999987
	line 65 Rank: 394 | start: 684027777735 | finish: 685763888845
fac: 1000000000000fac: 1000000000000fac: 1000000000000	line 65 Rank: 180 | start: 312499999981 | finish: 314236111091
fac: 1000000000000	line 65 Rank: 453 | start: 786458333284 | finish: 788194444394
	line 65 Rank: 57 | start: 98958333328 | finish: 100694444438
	line 65 Rank: 113 | start: 196180555544 | finish: 197916666654
fac: 1000000000000	line 65 Rank: 378 | start: 656249999959 | finish: 657986111069
fac: 1000000000000fac: 1000000000000	line 65 Rank: 307 | start: 532986111078 | finish: 534722222188
fac: 1000000000000fac: 1000000000000	line 65 Rank: 519 | start: 901041666610 | finish: 902777777720
	line 65 Rank: 415 | start: 720486111066 | finish: 722222222176
fac: 1000000000000	line 65 Rank: 393 | start: 682291666624 | finish: 684027777734
	line 65 Rank: 490 | start: 850694444391 | finish: 852430555501
fac: 1000000000000	line 65 Rank: 438 | start: 760416666619 | finish: 762152777729
fac: 1000000000000	line 65 Rank: 224 | start: 388888888865 | finish: 390624999975
fac: 1000000000000	line 65 Rank: 477 | start: 828124999948 | finish: 829861111058
fac: 1000000000000	line 65 Rank: 517 | start: 897569444388 | finish: 899305555498
fac: 1000000000000	line 65 Rank: 346 | start: 600694444407 | finish: 602430555517
fac: 1000000000000fac: 1000000000000	line 65 Rank: 65 | start: 112847222216 | finish: 114583333326
	line 65 Rank: 46 | start: 79861111107 | finish: 81597222217
fac: 1000000000000	line 65 Rank: 373 | start: 647569444404 | finish: 649305555514
fac: 1000000000000fac: 1000000000000	line 65 Rank: 17 | start: 29513888888 | finish: 31249999998
	line 65 Rank: 270 | start: 468749999971 | finish: 470486111081
fac: 1000000000000fac: 1000000000000	line 65 Rank: 358 | start: 621527777739 | finish: 623263888849
	line 65 Rank: 303 | start: 526041666634 | finish: 527777777744
fac: 1000000000000fac: 1000000000000fac: 1000000000000	line 65 Rank: 187 | start: 324652777758 | finish: 326388888868
	line 65 Rank: 572 | start: 993055555493 | finish: 994791666603
	line 65 Rank: 36 | start: 62499999997 | finish: 64236111107
fac: 1000000000000fac: 1000000000000fac: 1000000000000fac: 1000000000000fac: 1000000000000	line 65 Rank: 16 | start: 27777777777 | finish: 29513888887
	line 65 Rank: 229 | start: 397569444420 | finish: 399305555530
	line 65 Rank: 128 | start: 222222222209 | finish: 223958333319
	line 65 Rank: 213 | start: 369791666644 | finish: 371527777754
	line 65 Rank: 163 | start: 282986111094 | finish: 284722222204
fac: 1000000000000	line 65 Rank: 78 | start: 135416666659 | finish: 137152777769
fac: 1000000000000	line 65 Rank: 322 | start: 559027777743 | finish: 560763888853
fac: 1000000000000	line 65 Rank: 547 | start: 949652777718 | finish: 951388888828
fac: 1000000000000fac: 1000000000000fac: 1000000000000	line 65 Rank: 553 | start: 960069444384 | finish: 961805555494
	line 65 Rank: 410 | start: 711805555511 | finish: 713541666621
	line 65 Rank: 279 | start: 484374999970 | finish: 486111111080
fac: 1000000000000fac: 1000000000000	line 65 Rank: 503 | start: 873263888834 | finish: 874999999944
	line 65 Rank: 537 | start: 932291666608 | finish: 934027777718
fac: 1000000000000	line 65 Rank: 120 | start: 208333333321 | finish: 210069444431
fac: 1000000000000	line 65 Rank: 400 | start: 694444444401 | finish: 696180555511
fac: 1000000000000	line 65 Rank: 67 | start: 116319444438 | finish: 118055555548
fac: 1000000000000	line 65 Rank: 206 | start: 357638888867 | finish: 359374999977
fac: 1000000000000	line 65 Rank: 334 | start: 579861111075 | finish: 581597222185
fac: 1000000000000fac: 1000000000000fac: 1000000000000	line 65 Rank: 101 | start: 175347222212 | finish: 177083333322
	line 65 Rank: 412 | start: 715277777733 | finish: 717013888843
fac: 1000000000000	line 65 Rank: 81 | start: 140624999992 | finish: 142361111102
	line 65 Rank: 115 | start: 199652777766 | finish: 201388888876
fac: 1000000000000fac: 1000000000000	line 65 Rank: 188 | start: 326388888869 | finish: 328124999979
	line 65 Rank: 454 | start: 788194444395 | finish: 789930555505
fac: 1000000000000fac: 1000000000000	line 65 Rank: 407 | start: 706597222178 | finish: 708333333288
	line 65 Rank: 152 | start: 263888888873 | finish: 265624999983
fac: 1000000000000	line 65 Rank: 511 | start: 887152777722 | finish: 888888888832
fac: 1000000000000	line 65 Rank: 458 | start: 795138888839 | finish: 796874999949
fac: 1000000000000	line 65 Rank: 147 | start: 255208333318 | finish: 256944444428
fac: 1000000000000	line 65 Rank: 472 | start: 819444444393 | finish: 821180555503
fac: 1000000000000fac: 1000000000000	line 65 Rank: 494 | start: 857638888835 | finish: 859374999945
	line 65 Rank: 441 | start: 765624999952 | finish: 767361111062
fac: 1000000000000fac: 1000000000000fac: 1000000000000	line 65 Rank: 222 | start: 385416666643 | finish: 387152777753
	line 65 Rank: 374 | start: 649305555515 | finish: 651041666625
	line 65 Rank: 339 | start: 588541666630 | finish: 590277777740
fac: 1000000000000	line 65 Rank: 85 | start: 147569444436 | finish: 149305555546
fac: 1000000000000fac: 1000000000000fac: 1000000000000fac: 1000000000000	line 65 Rank: 68 | start: 118055555549 | finish: 119791666659
	line 65 Rank: 271 | start: 470486111082 | finish: 472222222192
	line 65 Rank: 33 | start: 57291666664 | finish: 59027777774
	line 65 Rank: 177 | start: 307291666648 | finish: 309027777758
fac: 1000000000000fac: 1000000000000	line 65 Rank: 354 | start: 614583333295 | finish: 616319444405
fac: 1000000000000	line 65 Rank: 8 | start: 13888888889 | finish: 15624999999
	line 65 Rank: 520 | start: 902777777721 | finish: 904513888831
fac: 1000000000000	line 65 Rank: 299 | start: 519097222190 | finish: 520833333300
fac: 1000000000000	line 65 Rank: 301 | start: 522569444412 | finish: 524305555522
fac: 1000000000000fac: 1000000000000fac: 1000000000000	line 65 Rank: 125 | start: 217013888876 | finish: 218749999986
	line 65 Rank: 99 | start: 171874999990 | finish: 173611111100
	line 65 Rank: 44 | start: 76388888885 | finish: 78124999995
fac: 1000000000000fac: 1000000000000	line 65 Rank: 379 | start: 657986111070 | finish: 659722222180
	line 65 Rank: 199 | start: 345486111090 | finish: 347222222200
fac: 1000000000000fac: 1000000000000fac: 1000000000000	line 65 Rank: 567 | start: 984374999938 | finish: 986111111048
	line 65 Rank: 560 | start: 972222222161 | finish: 973958333271
	line 65 Rank: 319 | start: 553819444410 | finish: 555555555520
fac: 1000000000000fac: 1000000000000	line 65 Rank: 86 | start: 149305555547 | finish: 151041666657
	line 65 Rank: 480 | start: 833333333281 | finish: 835069444391
fac: 1000000000000	line 65 Rank: 267 | start: 463541666638 | finish: 465277777748
fac: 1000000000000fac: 1000000000000	line 65 Rank: 538 | start: 934027777719 | finish: 935763888829
fac: 1000000000000	line 65 Rank: 469 | start: 814236111060 | finish: 815972222170
fac: 1000000000000fac: 1000000000000	line 65 Rank: 534 | start: 927083333275 | finish: 928819444385
	line 65 Rank: 409 | start: 710069444400 | finish: 711805555510
	line 65 Rank: 71 | start: 123263888882 | finish: 124999999992
fac: 1000000000000	line 65 Rank: 523 | start: 907986111054 | finish: 909722222164
fac: 1000000000000	line 65 Rank: 405 | start: 703124999956 | finish: 704861111066
fac: 1000000000000	line 65 Rank: 132 | start: 229166666653 | finish: 230902777763
fac: 1000000000000fac: 1000000000000	line 65 Rank: 421 | start: 730902777732 | finish: 732638888842
	line 65 Rank: 205 | start: 355902777756 | finish: 357638888866
fac: 1000000000000fac: 1000000000000	line 65 Rank: 76 | start: 131944444437 | finish: 133680555547
	line 65 Rank: 316 | start: 548611111077 | finish: 550347222187
fac: 1000000000000fac: 1000000000000	line 65 Rank: 104 | start: 180555555545 | finish: 182291666655
fac: 1000000000000fac: 1000000000000	line 65 Rank: 391 | start: 678819444402 | finish: 680555555512
	line 65 Rank: 450 | start: 781249999951 | finish: 782986111061
	line 65 Rank: 191 | start: 331597222202 | finish: 333333333312
fac: 1000000000000fac: 1000000000000fac: 1000000000000	line 65 Rank: 473 | start: 821180555504 | finish: 822916666614
	line 65 Rank: 436 | start: 756944444397 | finish: 758680555507
	line 65 Rank: 144 | start: 249999999985 | finish: 251736111095
fac: 1000000000000fac: 1000000000000	line 65 Rank: 495 | start: 859374999946 | finish: 861111111056
	line 65 Rank: 348 | start: 604166666629 | finish: 605902777739
fac: 1000000000000	line 65 Rank: 554 | start: 961805555495 | finish: 963541666605
fac: 1000000000000fac: 1000000000000	line 65 Rank: 51 | start: 88541666662 | finish: 90277777772
fac: 1000000000000	line 65 Rank: 153 | start: 265624999984 | finish: 267361111094
fac: 1000000000000fac: 1000000000000fac: 1000000000000	line 65 Rank: 216 | start: 374999999977 | finish: 376736111087
	line 65 Rank: 264 | start: 458333333305 | finish: 460069444415
	line 65 Rank: 12 | start: 20833333333 | finish: 22569444443
	line 65 Rank: 563 | start: 977430555494 | finish: 979166666604
fac: 1000000000000	line 65 Rank: 232 | start: 402777777753 | finish: 404513888863
fac: 1000000000000	line 65 Rank: 411 | start: 713541666622 | finish: 715277777732
fac: 1000000000000fac: 1000000000000	line 65 Rank: 20 | start: 34722222221 | finish: 36458333331
	line 65 Rank: 344 | start: 597222222185 | finish: 598958333295
fac: 1000000000000fac: 1000000000000	line 65 Rank: 34 | start: 59027777775 | finish: 60763888885
	line 65 Rank: 185 | start: 321180555536 | finish: 322916666646
fac: 1000000000000	line 65 Rank: 375 | start: 651041666626 | finish: 652777777736
fac: 1000000000000fac: 1000000000000	line 65 Rank: 306 | start: 531249999967 | finish: 532986111077
fac: 1000000000000	line 65 Rank: 118 | start: 204861111099 | finish: 206597222209
	line 65 Rank: 330 | start: 572916666631 | finish: 574652777741
fac: 1000000000000fac: 1000000000000	line 65 Rank: 141 | start: 244791666652 | finish: 246527777762
	line 65 Rank: 40 | start: 69444444441 | finish: 71180555551
fac: 1000000000000	line 65 Rank: 196 | start: 340277777757 | finish: 342013888867
fac: 1000000000000	line 65 Rank: 286 | start: 496527777747 | finish: 498263888857
fac: 1000000000000	line 65 Rank: 532 | start: 923611111053 | finish: 925347222163
fac: 1000000000000	line 65 Rank: 62 | start: 107638888883 | finish: 109374999993
fac: 1000000000000fac: 1000000000000	line 65 Rank: 381 | start: 661458333292 | finish: 663194444402
	line 65 Rank: 521 | start: 904513888832 | finish: 906249999942
fac: 1000000000000	line 65 Rank: 500 | start: 868055555501 | finish: 869791666611
fac: 1000000000000fac: 1000000000000	line 65 Rank: 396 | start: 687499999957 | finish: 689236111067
	line 65 Rank: 315 | start: 546874999966 | finish: 548611111076
fac: 1000000000000	line 65 Rank: 135 | start: 234374999986 | finish: 236111111096
fac: 1000000000000	line 65 Rank: 432 | start: 749999999953 | finish: 751736111063
fac: 1000000000000fac: 1000000000000fac: 1000000000000	line 65 Rank: 417 | start: 723958333288 | finish: 725694444398
fac: 1000000000000fac: 1000000000000	line 65 Rank: 225 | start: 390624999976 | finish: 392361111086
	line 65 Rank: 253 | start: 439236111084 | finish: 440972222194
	line 65 Rank: 192 | start: 333333333313 | finish: 335069444423
fac: 1000000000000fac: 1000000000000fac: 1000000000000	line 65 Rank: 463 | start: 803819444394 | finish: 805555555504
	line 65 Rank: 103 | start: 178819444434 | finish: 180555555544
	line 65 Rank: 167 | start: 289930555538 | finish: 291666666648
	line 65 Rank: 395 | start: 685763888846 | finish: 687499999956
fac: 1000000000000fac: 1000000000000	line 65 Rank: 455 | start: 789930555506 | finish: 791666666616
	line 65 Rank: 189 | start: 328124999980 | finish: 329861111090
fac: 1000000000000	line 65 Rank: 262 | start: 454861111083 | finish: 456597222193
fac: 1000000000000fac: 1000000000000	line 65 Rank: 556 | start: 965277777717 | finish: 967013888827
	line 65 Rank: 273 | start: 473958333304 | finish: 475694444414
fac: 1000000000000	line 65 Rank: 340 | start: 590277777741 | finish: 592013888851
fac: 1000000000000	line 65 Rank: 72 | start: 124999999993 | finish: 126736111103
fac: 1000000000000fac: 1000000000000	line 65 Rank: 355 | start: 616319444406 | finish: 618055555516
	line 65 Rank: 48 | start: 83333333329 | finish: 85069444439
fac: 1000000000000fac: 1000000000000	line 65 Rank: 311 | start: 539930555522 | finish: 541666666632
fac: 1000000000000fac: 1000000000000	line 65 Rank: 414 | start: 718749999955 | finish: 720486111065
	line 65 Rank: 146 | start: 253472222207 | finish: 255208333317
fac: 1000000000000	line 65 Rank: 217 | start: 376736111088 | finish: 378472222198
	line 65 Rank: 26 | start: 45138888887 | finish: 46874999997
fac: 1000000000000	line 65 Rank: 5 | start: 8680555556 | finish: 10416666666
fac: 1000000000000fac: 1000000000000	line 65 Rank: 19 | start: 32986111110 | finish: 34722222220
	line 65 Rank: 488 | start: 847222222169 | finish: 848958333279
fac: 1000000000000	line 65 Rank: 129 | start: 223958333320 | finish: 225694444430
fac: 1000000000000	line 65 Rank: 282 | start: 489583333303 | finish: 491319444413
fac: 1000000000000	line 65 Rank: 25 | start: 43402777776 | finish: 45138888886
fac: 1000000000000fac: 1000000000000	line 65 Rank: 361 | start: 626736111072 | finish: 628472222182
	line 65 Rank: 212 | start: 368055555533 | finish: 369791666643
fac: 1000000000000	line 65 Rank: 331 | start: 574652777742 | finish: 576388888852
fac: 1000000000000	line 65 Rank: 58 | start: 100694444439 | finish: 102430555549
fac: 1000000000000	line 65 Rank: 446 | start: 774305555507 | finish: 776041666617
fac: 1000000000000fac: 1000000000000	line 65 Rank: 130 | start: 225694444431 | finish: 227430555541
fac: 1000000000000fac: 1000000000000	line 65 Rank: 527 | start: 914930555498 | finish: 916666666608
fac: 1000000000000	line 65 Rank: 486 | start: 843749999947 | finish: 845486111057
	line 65 Rank: 219 | start: 380208333310 | finish: 381944444420
	line 65 Rank: 426 | start: 739583333287 | finish: 741319444397
fac: 1000000000000fac: 1000000000000	line 65 Rank: 401 | start: 696180555512 | finish: 697916666622
	line 65 Rank: 320 | start: 555555555521 | finish: 557291666631
fac: 1000000000000fac: 1000000000000	line 65 Rank: 387 | start: 671874999958 | finish: 673611111068
fac: 1000000000000fac: 1000000000000	line 65 Rank: 257 | start: 446180555528 | finish: 447916666638
fac: 1000000000000fac: 1000000000000	line 65 Rank: 382 | start: 663194444403 | finish: 664930555513
	line 65 Rank: 7 | start: 12152777778 | finish: 13888888888
	line 65 Rank: 202 | start: 350694444423 | finish: 352430555533
	line 65 Rank: 285 | start: 494791666636 | finish: 496527777746
fac: 1000000000000	line 65 Rank: 160 | start: 277777777761 | finish: 279513888871
fac: 1000000000000	line 65 Rank: 445 | start: 772569444396 | finish: 774305555506
fac: 1000000000000fac: 1000000000000	line 65 Rank: 169 | start: 293402777760 | finish: 295138888870
	line 65 Rank: 349 | start: 605902777740 | finish: 607638888850
fac: 1000000000000fac: 1000000000000	line 65 Rank: 341 | start: 592013888852 | finish: 593749999962
	line 65 Rank: 164 | start: 284722222205 | finish: 286458333315
fac: 1000000000000fac: 1000000000000	line 65 Rank: 174 | start: 302083333315 | finish: 303819444425
fac: 1000000000000	line 65 Rank: 31 | start: 53819444442 | finish: 55555555552
	line 65 Rank: 258 | start: 447916666639 | finish: 449652777749
fac: 1000000000000	line 65 Rank: 420 | start: 729166666621 | finish: 730902777731
fac: 1000000000000	line 65 Rank: 1 | start: 1736111112 | finish: 3472222222
fac: 1000000000000	line 65 Rank: 74 | start: 128472222215 | finish: 130208333325
fac: 1000000000000fac: 1000000000000	line 65 Rank: 136 | start: 236111111097 | finish: 237847222207
	line 65 Rank: 284 | start: 493055555525 | finish: 494791666635
fac: 1000000000000	line 65 Rank: 203 | start: 352430555534 | finish: 354166666644
fac: 1000000000000	line 65 Rank: 39 | start: 67708333330 | finish: 69444444440
fac: 1000000000000	line 65 Rank: 122 | start: 211805555543 | finish: 213541666653
fac: 1000000000000fac: 1000000000000	line 65 Rank: 368 | start: 638888888849 | finish: 640624999959
	line 65 Rank: 423 | start: 734374999954 | finish: 736111111064
fac: 1000000000000	line 65 Rank: 491 | start: 852430555502 | finish: 854166666612
fac: 1000000000000	line 65 Rank: 327 | start: 567708333298 | finish: 569444444408
fac: 1000000000000	line 65 Rank: 15 | start: 26041666666 | finish: 27777777776
fac: 1000000000000	line 65 Rank: 254 | start: 440972222195 | finish: 442708333305
fac: 1000000000000	line 65 Rank: 342 | start: 593749999963 | finish: 595486111073
fac: 1000000000000fac: 1000000000000	line 65 Rank: 228 | start: 395833333309 | finish: 397569444419
	line 65 Rank: 9 | start: 15625000000 | finish: 17361111110
fac: 1000000000000	line 65 Rank: 198 | start: 343749999979 | finish: 345486111089
fac: 1000000000000	line 65 Rank: 230 | start: 399305555531 | finish: 401041666641
	line 65 Rank: 165 | start: 286458333316 | finish: 288194444426
fac: 1000000000000	line 65 Rank: 312 | start: 541666666633 | finish: 543402777743
fac: 1000000000000fac: 1000000000000	line 65 Rank: 380 | start: 659722222181 | finish: 661458333291
	line 65 Rank: 359 | start: 623263888850 | finish: 624999999960
fac: 1000000000000	line 65 Rank: 47 | start: 81597222218 | finish: 83333333328
fac: 1000000000000fac: 1000000000000	line 65 Rank: 413 | start: 717013888844 | finish: 718749999954
	line 65 Rank: 148 | start: 256944444429 | finish: 258680555539
fac: 1000000000000fac: 1000000000000	line 65 Rank: 139 | start: 241319444430 | finish: 243055555540
	line 65 Rank: 250 | start: 434027777751 | finish: 435763888861
fac: 1000000000000fac: 1000000000000	line 65 Rank: 231 | start: 401041666642 | finish: 402777777752
	line 65 Rank: 211 | start: 366319444422 | finish: 368055555532
fac: 1000000000000	line 65 Rank: 127 | start: 220486111098 | finish: 222222222208
fac: 1000000000000	line 65 Rank: 416 | start: 722222222177 | finish: 723958333287
fac: 1000000000000	line 65 Rank: 372 | start: 645833333293 | finish: 647569444403
fac: 1000000000000	line 65 Rank: 11 | start: 19097222222 | finish: 20833333332
fac: 1000000000000fac: 1000000000000fac: 1000000000000	line 65 Rank: 197 | start: 342013888868 | finish: 343749999978
	line 65 Rank: 218 | start: 378472222199 | finish: 380208333309
	line 65 Rank: 21 | start: 36458333332 | finish: 38194444442
fac: 1000000000000	line 65 Rank: 333 | start: 578124999964 | finish: 579861111074
fac: 1000000000000	line 65 Rank: 247 | start: 428819444418 | finish: 430555555528
fac: 1000000000000fac: 1000000000000	line 65 Rank: 145 | start: 251736111096 | finish: 253472222206
	line 65 Rank: 317 | start: 550347222188 | finish: 552083333298
fac: 1000000000000fac: 1000000000000	line 65 Rank: 428 | start: 743055555509 | finish: 744791666619
	line 65 Rank: 367 | start: 637152777738 | finish: 638888888848
fac: 1000000000000	line 65 Rank: 134 | start: 232638888875 | finish: 234374999985
fac: 1000000000000	line 65 Rank: 255 | start: 442708333306 | finish: 444444444416
fac: 1000000000000	line 65 Rank: 137 | start: 237847222208 | finish: 239583333318
fac: 1000000000000fac: 1000000000000	line 65 Rank: 425 | start: 737847222176 | finish: 739583333286
	line 65 Rank: 13 | start: 22569444444 | finish: 24305555554
fac: 1000000000000	line 65 Rank: 226 | start: 392361111087 | finish: 394097222197
fac: 1000000000000	line 65 Rank: 323 | start: 560763888854 | finish: 562499999964
fac: 1000000000000	line 65 Rank: 22 | start: 38194444443 | finish: 39930555553
fac: 1000000000000fac: 1000000000000fac: 1000000000000	line 65 Rank: 158 | start: 274305555539 | finish: 276041666649
	line 65 Rank: 335 | start: 581597222186 | finish: 583333333296
	line 65 Rank: 429 | start: 744791666620 | finish: 746527777730
fac: 1000000000000fac: 1000000000000	line 65 Rank: 242 | start: 420138888863 | finish: 421874999973
	line 65 Rank: 143 | start: 248263888874 | finish: 249999999984
fac: 1000000000000	line 65 Rank: 371 | start: 644097222182 | finish: 645833333292
fac: 1000000000000	line 65 Rank: 259 | start: 449652777750 | finish: 451388888860
fac: 1000000000000	line 65 Rank: 123 | start: 213541666654 | finish: 215277777764
	line 65 Rank: 162 | start: 281249999983 | finish: 282986111093
fac: 1000000000000	line 65 Rank: 138 | start: 239583333319 | finish: 241319444429
fac: 1000000000000	line 65 Rank: 244 | start: 423611111085 | finish: 425347222195
fac: 1000000000000	line 65 Rank: 124 | start: 215277777765 | finish: 217013888875
fac: 1000000000000	line 65 Rank: 249 | start: 432291666640 | finish: 434027777750
fac: 1000000000000	line 65 Rank: 140 | start: 243055555541 | finish: 244791666651
fac: 1000000000000	line 65 Rank: 246 | start: 427083333307 | finish: 428819444417
fac: 1000000000000	line 65 Rank: 126 | start: 218749999987 | finish: 220486111097
fac: 1000000000000	line 65 Rank: 260 | start: 451388888861 | finish: 453124999971
fac: 1000000000000	line 65 Rank: 142 | start: 246527777763 | finish: 248263888873
fac: 1000000000000	line 65 Rank: 240 | start: 416666666641 | finish: 418402777751
fac: 1000000000000	line 65 Rank: 133 | start: 230902777764 | finish: 232638888874
fac: 1000000000000	line 65 Rank: 261 | start: 453124999972 | finish: 454861111082
fac: 1000000000000	line 65 Rank: 251 | start: 435763888862 | finish: 437499999972
fac: 1000000000000	line 65 Rank: 248 | start: 430555555529 | finish: 432291666639
fac: 1000000000000	line 65 Rank: 243 | start: 421874999974 | finish: 423611111084
fac: 1000000000000	line 65 Rank: 241 | start: 418402777752 | finish: 420138888862
fac: 1000000000000	line 65 Rank: 252 | start: 437499999973 | finish: 439236111083
fac: 1000000000000	line 65 Rank: 245 | start: 425347222196 | finish: 427083333306
fac: 1000000000000	line 65 Rank: 256 | start: 444444444417 | finish: 446180555527
fac: 1000000000000	line 65 Rank: 263 | start: 456597222194 | finish: 458333333304
srun: Job step aborted: Waiting up to 32 seconds for job step to finish.
slurmstepd: error: *** JOB 2963 ON hpcl1-1 CANCELLED AT 2020-10-11T11:58:39 ***
slurmstepd: error: *** STEP 2963.0 ON hpcl1-1 CANCELLED AT 2020-10-11T11:58:39 ***
