make: `main' is up to date.
fac: 10000000000	line 65 Rank: 406 | start: 7048611067 | finish: 7065972177
fac: 10000000000	line 65 Rank: 397 | start: 6892361068 | finish: 6909722178
fac: 10000000000fac: 10000000000	line 65 Rank: 148 | start: 2569444429 | finish: 2586805539
	line 65 Rank: 518 | start: 8993055499 | finish: 9010416609
fac: 10000000000fac: 10000000000	line 65 Rank: 145 | start: 2517361096 | finish: 2534722206
	line 65 Rank: 511 | start: 8871527722 | finish: 8888888832
fac: 10000000000fac: 10000000000fac: 10000000000	line 65 Rank: 388 | start: 6736111069 | finish: 6753472179
	line 65 Rank: 258 | start: 4479166639 | finish: 4496527749
	line 65 Rank: 272 | start: 4722222193 | finish: 4739583303
fac: 10000000000	line 65 Rank: 567 | start: 9843749938 | finish: 9861111048
fac: 10000000000fac: 10000000000fac: 10000000000	line 65 Rank: 278 | start: 4826388859 | finish: 4843749969
	line 65 Rank: 377 | start: 6545138848 | finish: 6562499958
fac: 10000000000fac: 10000000000	line 65 Rank: 114 | start: 1979166655 | finish: 1996527765
fac: 10000000000	line 65 Rank: 565 | start: 9809027716 | finish: 9826388826
	line 65 Rank: 401 | start: 6961805512 | finish: 6979166622
fac: 10000000000	line 65 Rank: 77 | start: 1336805548 | finish: 1354166658
	line 65 Rank: 368 | start: 6388888849 | finish: 6406249959
fac: 10000000000	line 65 Rank: 112 | start: 1944444433 | finish: 1961805543
fac: 10000000000	line 65 Rank: 86 | start: 1493055547 | finish: 1510416657
fac: 10000000000	line 65 Rank: 257 | start: 4461805528 | finish: 4479166638
fac: 10000000000	line 65 Rank: 475 | start: 8246527726 | finish: 8263888836
fac: 10000000000fac: 10000000000	line 65 Rank: 207 | start: 3593749978 | finish: 3611111088
	line 65 Rank: 218 | start: 3784722199 | finish: 3802083309
fac: 10000000000	line 65 Rank: 212 | start: 3680555533 | finish: 3697916643
fac: 10000000000	line 65 Rank: 472 | start: 8194444393 | finish: 8211805503
fac: 10000000000	line 65 Rank: 405 | start: 7031249956 | finish: 7048611066
fac: 10000000000	line 65 Rank: 228 | start: 3958333309 | finish: 3975694419
fac: 10000000000	line 65 Rank: 281 | start: 4878472192 | finish: 4895833302
fac: 10000000000fac: 10000000000	line 65 Rank: 159 | start: 2760416650 | finish: 2777777760
fac: 10000000000	line 65 Rank: 155 | start: 2690972206 | finish: 2708333316
fac: 10000000000	line 65 Rank: 67 | start: 1163194438 | finish: 1180555548
	line 65 Rank: 522 | start: 9062499943 | finish: 9079861053
fac: 10000000000	line 65 Rank: 559 | start: 9704861050 | finish: 9722222160
fac: 10000000000fac: 10000000000	line 65 Rank: 188 | start: 3263888869 | finish: 3281249979
fac: 10000000000	line 65 Rank: 125 | start: 2170138876 | finish: 2187499986
	line 65 Rank: 64 | start: 1111111105 | finish: 1128472215
fac: 10000000000	line 65 Rank: 205 | start: 3559027756 | finish: 3576388866
fac: 10000000000fac: 10000000000	line 65 Rank: 110 | start: 1909722211 | finish: 1927083321
fac: 10000000000fac: 10000000000	line 65 Rank: 444 | start: 7708333285 | finish: 7725694395
	line 65 Rank: 508 | start: 8819444389 | finish: 8836805499
	line 65 Rank: 441 | start: 7656249952 | finish: 7673611062
fac: 10000000000fac: 10000000000	line 65 Rank: 189 | start: 3281249980 | finish: 3298611090
	line 65 Rank: 124 | start: 2152777765 | finish: 2170138875
fac: 10000000000	line 65 Rank: 564 | start: 9791666605 | finish: 9809027715
fac: 10000000000	line 65 Rank: 383 | start: 6649305514 | finish: 6666666624
fac: 10000000000fac: 10000000000fac: 10000000000fac: 10000000000fac: 10000000000	line 65 Rank: 574 | start: 9965277715 | finish: 9982638825
	line 65 Rank: 402 | start: 6979166623 | finish: 6996527733
	line 65 Rank: 241 | start: 4184027752 | finish: 4201388862
	line 65 Rank: 492 | start: 8541666613 | finish: 8559027723
	line 65 Rank: 89 | start: 1545138880 | finish: 1562499990
fac: 10000000000fac: 10000000000fac: 10000000000	line 65 Rank: 546 | start: 9479166607 | finish: 9496527717
	line 65 Rank: 533 | start: 9253472164 | finish: 9270833274
	line 65 Rank: 265 | start: 4600694416 | finish: 4618055526
fac: 10000000000fac: 10000000000	line 65 Rank: 118 | start: 2048611099 | finish: 2065972209
	line 65 Rank: 500 | start: 8680555501 | finish: 8697916611
fac: 10000000000	line 65 Rank: 391 | start: 6788194402 | finish: 6805555512
fac: 10000000000	line 65 Rank: 253 | start: 4392361084 | finish: 4409722194
fac: 10000000000fac: 10000000000	line 65 Rank: 157 | start: 2725694428 | finish: 2743055538
fac: 10000000000	line 65 Rank: 379 | start: 6579861070 | finish: 6597222180
	line 65 Rank: 193 | start: 3350694424 | finish: 3368055534
fac: 10000000000fac: 10000000000	line 65 Rank: 443 | start: 7690972174 | finish: 7708333284
fac: 10000000000	line 65 Rank: 273 | start: 4739583304 | finish: 4756944414
	line 65 Rank: 466 | start: 8090277727 | finish: 8107638837
fac: 10000000000	line 65 Rank: 82 | start: 1423611103 | finish: 1440972213
fac: 10000000000	line 65 Rank: 215 | start: 3732638866 | finish: 3749999976
fac: 10000000000	line 65 Rank: 473 | start: 8211805504 | finish: 8229166614
fac: 10000000000	line 65 Rank: 96 | start: 1666666657 | finish: 1684027767
fac: 10000000000	line 65 Rank: 131 | start: 2274305542 | finish: 2291666652
fac: 10000000000	line 65 Rank: 238 | start: 4131944419 | finish: 4149305529
fac: 10000000000	line 65 Rank: 144 | start: 2499999985 | finish: 2517361095
fac: 10000000000	line 65 Rank: 526 | start: 9131944387 | finish: 9149305497
fac: 10000000000fac: 10000000000	line 65 Rank: 70 | start: 1215277771 | finish: 1232638881
	line 65 Rank: 239 | start: 4149305530 | finish: 4166666640
fac: 10000000000	line 65 Rank: 545 | start: 9461805496 | finish: 9479166606
fac: 10000000000	line 65 Rank: 438 | start: 7604166619 | finish: 7621527729
fac: 10000000000	line 65 Rank: 556 | start: 9652777717 | finish: 9670138827
fac: 10000000000	line 65 Rank: 175 | start: 3038194426 | finish: 3055555536
fac: 10000000000	line 65 Rank: 390 | start: 6770833291 | finish: 6788194401
fac: 10000000000	line 65 Rank: 65 | start: 1128472216 | finish: 1145833326
fac: 10000000000	line 65 Rank: 381 | start: 6614583292 | finish: 6631944402
fac: 10000000000fac: 10000000000fac: 10000000000	line 65 Rank: 264 | start: 4583333305 | finish: 4600694415
	line 65 Rank: 519 | start: 9010416610 | finish: 9027777720
fac: 10000000000	line 65 Rank: 97 | start: 1684027768 | finish: 1701388878
fac: 10000000000	line 65 Rank: 180 | start: 3124999981 | finish: 3142361091
fac: 10000000000	line 65 Rank: 134 | start: 2326388875 | finish: 2343749985
	line 65 Rank: 561 | start: 9739583272 | finish: 9756944382
fac: 10000000000	line 65 Rank: 331 | start: 5746527742 | finish: 5763888852
fac: 10000000000	line 65 Rank: 434 | start: 7534722175 | finish: 7552083285
fac: 10000000000	line 65 Rank: 115 | start: 1996527766 | finish: 2013888876
fac: 10000000000fac: 10000000000	line 65 Rank: 322 | start: 5590277743 | finish: 5607638853
fac: 10000000000fac: 10000000000	line 65 Rank: 489 | start: 8489583280 | finish: 8506944390
fac: 10000000000	line 65 Rank: 136 | start: 2361111097 | finish: 2378472207
fac: 10000000000	line 65 Rank: 250 | start: 4340277751 | finish: 4357638861
	line 65 Rank: 462 | start: 8020833283 | finish: 8038194393
fac: 10000000000fac: 10000000000	line 65 Rank: 201 | start: 3489583312 | finish: 3506944422
	line 65 Rank: 384 | start: 6666666625 | finish: 6684027735
fac: 10000000000	line 65 Rank: 95 | start: 1649305546 | finish: 1666666656
fac: 10000000000	line 65 Rank: 539 | start: 9357638830 | finish: 9374999940
	line 65 Rank: 543 | start: 9427083274 | finish: 9444444384
fac: 10000000000fac: 10000000000fac: 10000000000	line 65 Rank: 503 | start: 8732638834 | finish: 8749999944
	line 65 Rank: 283 | start: 4913194414 | finish: 4930555524
	line 65 Rank: 261 | start: 4531249972 | finish: 4548611082
fac: 10000000000	line 65 Rank: 392 | start: 6805555513 | finish: 6822916623
fac: 10000000000	line 65 Rank: 226 | start: 3923611087 | finish: 3940972197
fac: 10000000000	line 65 Rank: 552 | start: 9583333273 | finish: 9600694383
fac: 10000000000fac: 10000000000	line 65 Rank: 163 | start: 2829861094 | finish: 2847222204
fac: 10000000000	line 65 Rank: 376 | start: 6527777737 | finish: 6545138847
	line 65 Rank: 471 | start: 8177083282 | finish: 8194444392
fac: 10000000000fac: 10000000000	line 65 Rank: 177 | start: 3072916648 | finish: 3090277758
	line 65 Rank: 450 | start: 7812499951 | finish: 7829861061
fac: 10000000000	line 65 Rank: 93 | start: 1614583324 | finish: 1631944434
fac: 10000000000	line 65 Rank: 208 | start: 3611111089 | finish: 3628472199
fac: 10000000000fac: 10000000000	line 65 Rank: 276 | start: 4791666637 | finish: 4809027747
	line 65 Rank: 162 | start: 2812499983 | finish: 2829861093
fac: 10000000000	line 65 Rank: 446 | start: 7743055507 | finish: 7760416617
fac: 10000000000fac: 10000000000	line 65 Rank: 219 | start: 3802083310 | finish: 3819444420
	line 65 Rank: 53 | start: 920138884 | finish: 937499994
fac: 10000000000	line 65 Rank: 199 | start: 3454861090 | finish: 3472222200
fac: 10000000000fac: 10000000000	line 65 Rank: 99 | start: 1718749990 | finish: 1736111100
	line 65 Rank: 504 | start: 8749999945 | finish: 8767361055
fac: 10000000000	line 65 Rank: 126 | start: 2187499987 | finish: 2204861097
fac: 10000000000	line 65 Rank: 190 | start: 3298611091 | finish: 3315972201
fac: 10000000000	line 65 Rank: 49 | start: 850694440 | finish: 868055550
fac: 10000000000	line 65 Rank: 538 | start: 9340277719 | finish: 9357638829
fac: 10000000000fac: 10000000000fac: 10000000000	line 65 Rank: 380 | start: 6597222181 | finish: 6614583291
	line 65 Rank: 465 | start: 8072916616 | finish: 8090277726
fac: 10000000000fac: 10000000000	line 65 Rank: 507 | start: 8802083278 | finish: 8819444388
fac: 10000000000fac: 10000000000	line 65 Rank: 116 | start: 2013888877 | finish: 2031249987
	line 65 Rank: 268 | start: 4652777749 | finish: 4670138859
	line 65 Rank: 169 | start: 2934027760 | finish: 2951388870
	line 65 Rank: 332 | start: 5763888853 | finish: 5781249963
fac: 10000000000	line 65 Rank: 270 | start: 4687499971 | finish: 4704861081
fac: 10000000000	line 65 Rank: 403 | start: 6996527734 | finish: 7013888844
fac: 10000000000	line 65 Rank: 123 | start: 2135416654 | finish: 2152777764
fac: 10000000000	line 65 Rank: 78 | start: 1354166659 | finish: 1371527769
fac: 10000000000fac: 10000000000	line 65 Rank: 317 | start: 5503472188 | finish: 5520833298
fac: 10000000000	line 65 Rank: 494 | start: 8576388835 | finish: 8593749945
	line 65 Rank: 254 | start: 4409722195 | finish: 4427083305
fac: 10000000000	line 65 Rank: 499 | start: 8663194390 | finish: 8680555500
fac: 10000000000	line 65 Rank: 557 | start: 9670138828 | finish: 9687499938
fac: 10000000000	line 65 Rank: 245 | start: 4253472196 | finish: 4270833306
fac: 10000000000	line 65 Rank: 571 | start: 9913194382 | finish: 9930555492
fac: 10000000000fac: 10000000000	line 65 Rank: 224 | start: 3888888865 | finish: 3906249975
fac: 10000000000	line 65 Rank: 534 | start: 9270833275 | finish: 9288194385
fac: 10000000000	line 65 Rank: 111 | start: 1927083322 | finish: 1944444432
	line 65 Rank: 470 | start: 8159722171 | finish: 8177083281
fac: 10000000000	line 65 Rank: 447 | start: 7760416618 | finish: 7777777728
fac: 10000000000	line 65 Rank: 139 | start: 2413194430 | finish: 2430555540
fac: 10000000000fac: 10000000000	line 65 Rank: 74 | start: 1284722215 | finish: 1302083325
fac: 10000000000	line 65 Rank: 192 | start: 3333333313 | finish: 3350694423
	line 65 Rank: 400 | start: 6944444401 | finish: 6961805511
fac: 10000000000	line 65 Rank: 229 | start: 3975694420 | finish: 3993055530
fac: 10000000000fac: 10000000000	line 65 Rank: 167 | start: 2899305538 | finish: 2916666648
	line 65 Rank: 361 | start: 6267361072 | finish: 6284722182
fac: 10000000000	line 65 Rank: 399 | start: 6927083290 | finish: 6944444400
fac: 10000000000	line 65 Rank: 531 | start: 9218749942 | finish: 9236111052
fac: 10000000000	line 65 Rank: 60 | start: 1041666661 | finish: 1059027771
fac: 10000000000fac: 10000000000	line 65 Rank: 153 | start: 2656249984 | finish: 2673611094
fac: 10000000000	line 65 Rank: 200 | start: 3472222201 | finish: 3489583311
fac: 10000000000	line 65 Rank: 525 | start: 9114583276 | finish: 9131944386
	line 65 Rank: 433 | start: 7517361064 | finish: 7534722174
fac: 10000000000	line 65 Rank: 196 | start: 3402777757 | finish: 3420138867
fac: 10000000000	line 65 Rank: 274 | start: 4756944415 | finish: 4774305525
fac: 10000000000fac: 10000000000fac: 10000000000	line 65 Rank: 448 | start: 7777777729 | finish: 7795138839
fac: 10000000000fac: 10000000000	line 65 Rank: 562 | start: 9756944383 | finish: 9774305493
	line 65 Rank: 98 | start: 1701388879 | finish: 1718749989
	line 65 Rank: 138 | start: 2395833319 | finish: 2413194429
	line 65 Rank: 187 | start: 3246527758 | finish: 3263888868
fac: 10000000000fac: 10000000000	line 65 Rank: 259 | start: 4496527750 | finish: 4513888860
	line 65 Rank: 52 | start: 902777773 | finish: 920138883
fac: 10000000000	line 65 Rank: 468 | start: 8124999949 | finish: 8142361059
fac: 10000000000fac: 10000000000	line 65 Rank: 108 | start: 1874999989 | finish: 1892361099
fac: 10000000000	line 65 Rank: 502 | start: 8715277723 | finish: 8732638833
fac: 10000000000	line 65 Rank: 186 | start: 3229166647 | finish: 3246527757
	line 65 Rank: 120 | start: 2083333321 | finish: 2100694431
fac: 10000000000	line 65 Rank: 535 | start: 9288194386 | finish: 9305555496
fac: 10000000000fac: 10000000000	line 65 Rank: 385 | start: 6684027736 | finish: 6701388846
	line 65 Rank: 555 | start: 9635416606 | finish: 9652777716
fac: 10000000000fac: 10000000000	line 65 Rank: 542 | start: 9409722163 | finish: 9427083273
	line 65 Rank: 370 | start: 6423611071 | finish: 6440972181
fac: 10000000000fac: 10000000000	line 65 Rank: 325 | start: 5642361076 | finish: 5659722186
	line 65 Rank: 282 | start: 4895833303 | finish: 4913194413
fac: 10000000000	line 65 Rank: 323 | start: 5607638854 | finish: 5624999964
fac: 10000000000fac: 10000000000	line 65 Rank: 396 | start: 6874999957 | finish: 6892361067
fac: 10000000000	line 65 Rank: 418 | start: 7256944399 | finish: 7274305509
	line 65 Rank: 75 | start: 1302083326 | finish: 1319444436
fac: 10000000000fac: 10000000000	line 65 Rank: 467 | start: 8107638838 | finish: 8124999948
fac: 10000000000	line 65 Rank: 505 | start: 8767361056 | finish: 8784722166
fac: 10000000000	line 65 Rank: 284 | start: 4930555525 | finish: 4947916635
	line 65 Rank: 486 | start: 8437499947 | finish: 8454861057
fac: 10000000000	line 65 Rank: 251 | start: 4357638862 | finish: 4374999972
fac: 10000000000	line 65 Rank: 426 | start: 7395833287 | finish: 7413194397
fac: 10000000000	line 65 Rank: 231 | start: 4010416642 | finish: 4027777752
fac: 10000000000fac: 10000000000	line 65 Rank: 575 | start: 9982638826 | finish: 10000000000
	line 65 Rank: 232 | start: 4027777753 | finish: 4045138863
fac: 10000000000	line 65 Rank: 91 | start: 1579861102 | finish: 1597222212
fac: 10000000000fac: 10000000000	line 65 Rank: 372 | start: 6458333293 | finish: 6475694403
fac: 10000000000	line 65 Rank: 154 | start: 2673611095 | finish: 2690972205
fac: 10000000000	line 65 Rank: 453 | start: 7864583284 | finish: 7881944394
fac: 10000000000	line 65 Rank: 152 | start: 2638888873 | finish: 2656249983
fac: 10000000000	line 65 Rank: 117 | start: 2031249988 | finish: 2048611098
	line 65 Rank: 509 | start: 8836805500 | finish: 8854166610
fac: 10000000000	line 65 Rank: 191 | start: 3315972202 | finish: 3333333312
fac: 10000000000	line 65 Rank: 48 | start: 833333329 | finish: 850694439
fac: 10000000000	line 65 Rank: 62 | start: 1076388883 | finish: 1093749993
fac: 10000000000	line 65 Rank: 133 | start: 2309027764 | finish: 2326388874
fac: 10000000000	line 65 Rank: 541 | start: 9392361052 | finish: 9409722162
fac: 10000000000	line 65 Rank: 137 | start: 2378472208 | finish: 2395833318
fac: 10000000000	line 65 Rank: 319 | start: 5538194410 | finish: 5555555520
fac: 10000000000	line 65 Rank: 386 | start: 6701388847 | finish: 6718749957
fac: 10000000000	line 65 Rank: 198 | start: 3437499979 | finish: 3454861089
fac: 10000000000	line 65 Rank: 479 | start: 8315972170 | finish: 8333333280
fac: 10000000000fac: 10000000000fac: 10000000000fac: 10000000000	line 65 Rank: 485 | start: 8420138836 | finish: 8437499946
fac: 10000000000	line 65 Rank: 113 | start: 1961805544 | finish: 1979166654
	line 65 Rank: 445 | start: 7725694396 | finish: 7743055506
	line 65 Rank: 172 | start: 2986111093 | finish: 3003472203
	line 65 Rank: 262 | start: 4548611083 | finish: 4565972193
fac: 10000000000fac: 10000000000	line 65 Rank: 3 | start: 52083334 | finish: 69444444
	line 65 Rank: 21 | start: 364583332 | finish: 381944442
fac: 10000000000	line 65 Rank: 195 | start: 3385416646 | finish: 3402777756
fac: 10000000000	line 65 Rank: 266 | start: 4618055527 | finish: 4635416637
fac: 10000000000	line 65 Rank: 449 | start: 7795138840 | finish: 7812499950
fac: 10000000000	line 65 Rank: 568 | start: 9861111049 | finish: 9878472159
fac: 10000000000fac: 10000000000fac: 10000000000	line 65 Rank: 536 | start: 9305555497 | finish: 9322916607
fac: 10000000000fac: 10000000000	line 65 Rank: 92 | start: 1597222213 | finish: 1614583323
	line 65 Rank: 151 | start: 2621527762 | finish: 2638888872
	line 65 Rank: 474 | start: 8229166615 | finish: 8246527725
	line 65 Rank: 365 | start: 6336805516 | finish: 6354166626
fac: 10000000000fac: 10000000000	line 65 Rank: 100 | start: 1736111101 | finish: 1753472211
fac: 10000000000	line 65 Rank: 359 | start: 6232638850 | finish: 6249999960
fac: 10000000000	line 65 Rank: 497 | start: 8628472168 | finish: 8645833278
fac: 10000000000	line 65 Rank: 328 | start: 5694444409 | finish: 5711805519
	line 65 Rank: 393 | start: 6822916624 | finish: 6840277734
fac: 10000000000fac: 10000000000	line 65 Rank: 419 | start: 7274305510 | finish: 7291666620
fac: 10000000000	line 65 Rank: 394 | start: 6840277735 | finish: 6857638845
	line 65 Rank: 554 | start: 9618055495 | finish: 9635416605
fac: 10000000000fac: 10000000000fac: 10000000000	line 65 Rank: 340 | start: 5902777741 | finish: 5920138851
	line 65 Rank: 514 | start: 8923611055 | finish: 8940972165
	line 65 Rank: 271 | start: 4704861082 | finish: 4722222192
fac: 10000000000fac: 10000000000fac: 10000000000	line 65 Rank: 255 | start: 4427083306 | finish: 4444444416
fac: 10000000000	line 65 Rank: 129 | start: 2239583320 | finish: 2256944430
	line 65 Rank: 425 | start: 7378472176 | finish: 7395833286
fac: 10000000000fac: 10000000000fac: 10000000000	line 65 Rank: 235 | start: 4079861086 | finish: 4097222196
fac: 10000000000	line 65 Rank: 573 | start: 9947916604 | finish: 9965277714
fac: 10000000000	line 65 Rank: 6 | start: 104166667 | finish: 121527777
	line 65 Rank: 217 | start: 3767361088 | finish: 3784722198
	line 65 Rank: 550 | start: 9548611051 | finish: 9565972161
	line 65 Rank: 79 | start: 1371527770 | finish: 1388888880
fac: 10000000000	line 65 Rank: 119 | start: 2065972210 | finish: 2083333320
fac: 10000000000	line 65 Rank: 135 | start: 2343749986 | finish: 2361111096
fac: 10000000000fac: 10000000000	line 65 Rank: 50 | start: 868055551 | finish: 885416661
	line 65 Rank: 149 | start: 2586805540 | finish: 2604166650
fac: 10000000000fac: 10000000000	line 65 Rank: 267 | start: 4635416638 | finish: 4652777748
fac: 10000000000	line 65 Rank: 362 | start: 6284722183 | finish: 6302083293
fac: 10000000000	line 65 Rank: 520 | start: 9027777721 | finish: 9045138831
fac: 10000000000	line 65 Rank: 440 | start: 7638888841 | finish: 7656249951
	line 65 Rank: 185 | start: 3211805536 | finish: 3229166646
fac: 10000000000fac: 10000000000	line 65 Rank: 197 | start: 3420138868 | finish: 3437499978
	line 65 Rank: 59 | start: 1024305550 | finish: 1041666660
fac: 10000000000	line 65 Rank: 456 | start: 7916666617 | finish: 7934027727
fac: 10000000000	line 65 Rank: 105 | start: 1822916656 | finish: 1840277766
fac: 10000000000fac: 10000000000	line 65 Rank: 324 | start: 5624999965 | finish: 5642361075
	line 65 Rank: 490 | start: 8506944391 | finish: 8524305501
fac: 10000000000	line 65 Rank: 178 | start: 3090277759 | finish: 3107638869
fac: 10000000000	line 65 Rank: 15 | start: 260416666 | finish: 277777776
fac: 10000000000fac: 10000000000	line 65 Rank: 216 | start: 3749999977 | finish: 3767361087
fac: 10000000000	line 65 Rank: 529 | start: 9184027720 | finish: 9201388830
fac: 10000000000	line 65 Rank: 210 | start: 3645833311 | finish: 3663194421
	line 65 Rank: 147 | start: 2552083318 | finish: 2569444428
fac: 10000000000fac: 10000000000fac: 10000000000fac: 10000000000	line 65 Rank: 398 | start: 6909722179 | finish: 6927083289
	line 65 Rank: 442 | start: 7673611063 | finish: 7690972173
	line 65 Rank: 260 | start: 4513888861 | finish: 4531249971
	line 65 Rank: 483 | start: 8385416614 | finish: 8402777724
fac: 10000000000fac: 10000000000	line 65 Rank: 83 | start: 1440972214 | finish: 1458333324
fac: 10000000000	line 65 Rank: 348 | start: 6041666629 | finish: 6059027739
	line 65 Rank: 464 | start: 8055555505 | finish: 8072916615
fac: 10000000000	line 65 Rank: 204 | start: 3541666645 | finish: 3559027755
fac: 10000000000fac: 10000000000	line 65 Rank: 46 | start: 798611107 | finish: 815972217
fac: 10000000000fac: 10000000000	line 65 Rank: 287 | start: 4982638858 | finish: 4999999968
	line 65 Rank: 367 | start: 6371527738 | finish: 6388888848
fac: 10000000000	line 65 Rank: 512 | start: 8888888833 | finish: 8906249943
	line 65 Rank: 315 | start: 5468749966 | finish: 5486111076
fac: 10000000000fac: 10000000000	line 65 Rank: 563 | start: 9774305494 | finish: 9791666604
	line 65 Rank: 558 | start: 9687499939 | finish: 9704861049
fac: 10000000000fac: 10000000000fac: 10000000000fac: 10000000000	line 65 Rank: 5 | start: 86805556 | finish: 104166666
fac: 10000000000	line 65 Rank: 387 | start: 6718749958 | finish: 6736111068
	line 65 Rank: 414 | start: 7187499955 | finish: 7204861065
fac: 10000000000fac: 10000000000	line 65 Rank: 221 | start: 3836805532 | finish: 3854166642
	line 65 Rank: 127 | start: 2204861098 | finish: 2222222208
fac: 10000000000	line 65 Rank: 427 | start: 7413194398 | finish: 7430555508
	line 65 Rank: 549 | start: 9531249940 | finish: 9548611050
	line 65 Rank: 94 | start: 1631944435 | finish: 1649305545
fac: 10000000000fac: 10000000000	line 65 Rank: 35 | start: 607638886 | finish: 624999996
fac: 10000000000	line 65 Rank: 102 | start: 1770833323 | finish: 1788194433
	line 65 Rank: 336 | start: 5833333297 | finish: 5850694407
fac: 10000000000fac: 10000000000	line 65 Rank: 256 | start: 4444444417 | finish: 4461805527
	line 65 Rank: 280 | start: 4861111081 | finish: 4878472191
fac: 10000000000	line 65 Rank: 165 | start: 2864583316 | finish: 2881944426
fac: 10000000000	line 65 Rank: 523 | start: 9079861054 | finish: 9097222164
fac: 10000000000fac: 10000000000fac: 10000000000	line 65 Rank: 389 | start: 6753472180 | finish: 6770833290
	line 65 Rank: 291 | start: 5052083302 | finish: 5069444412
	line 65 Rank: 122 | start: 2118055543 | finish: 2135416653
fac: 10000000000fac: 10000000000	line 65 Rank: 339 | start: 5885416630 | finish: 5902777740
	line 65 Rank: 461 | start: 8003472172 | finish: 8020833282
fac: 10000000000fac: 10000000000	line 65 Rank: 369 | start: 6406249960 | finish: 6423611070
fac: 10000000000	line 65 Rank: 451 | start: 7829861062 | finish: 7847222172
fac: 10000000000fac: 10000000000	line 65 Rank: 501 | start: 8697916612 | finish: 8715277722
fac: 10000000000	line 65 Rank: 311 | start: 5399305522 | finish: 5416666632
fac: 10000000000	line 65 Rank: 106 | start: 1840277767 | finish: 1857638877
	line 65 Rank: 55 | start: 954861106 | finish: 972222216
	line 65 Rank: 171 | start: 2968749982 | finish: 2986111092
fac: 10000000000fac: 10000000000	line 65 Rank: 173 | start: 3003472204 | finish: 3020833314
	line 65 Rank: 71 | start: 1232638882 | finish: 1249999992
fac: 10000000000	line 65 Rank: 10 | start: 173611111 | finish: 190972221
fac: 10000000000	line 65 Rank: 150 | start: 2604166651 | finish: 2621527761
fac: 10000000000	line 65 Rank: 334 | start: 5798611075 | finish: 5815972185
fac: 10000000000fac: 10000000000fac: 10000000000	line 65 Rank: 455 | start: 7899305506 | finish: 7916666616
	line 65 Rank: 481 | start: 8350694392 | finish: 8368055502
fac: 10000000000fac: 10000000000	line 65 Rank: 209 | start: 3628472200 | finish: 3645833310
	line 65 Rank: 404 | start: 7013888845 | finish: 7031249955
	line 65 Rank: 223 | start: 3871527754 | finish: 3888888864
fac: 10000000000fac: 10000000000	line 65 Rank: 476 | start: 8263888837 | finish: 8281249947
	line 65 Rank: 551 | start: 9565972162 | finish: 9583333272
fac: 10000000000	line 65 Rank: 101 | start: 1753472212 | finish: 1770833322
fac: 10000000000fac: 10000000000	line 65 Rank: 553 | start: 9600694384 | finish: 9618055494
fac: 10000000000	line 65 Rank: 524 | start: 9097222165 | finish: 9114583275
	line 65 Rank: 249 | start: 4322916640 | finish: 4340277750
fac: 10000000000	line 65 Rank: 431 | start: 7482638842 | finish: 7499999952
fac: 10000000000	line 65 Rank: 87 | start: 1510416658 | finish: 1527777768
fac: 10000000000	line 65 Rank: 344 | start: 5972222185 | finish: 5989583295
fac: 10000000000fac: 10000000000	line 65 Rank: 314 | start: 5451388855 | finish: 5468749965
	line 65 Rank: 360 | start: 6249999961 | finish: 6267361071
fac: 10000000000fac: 10000000000	line 65 Rank: 222 | start: 3854166643 | finish: 3871527753
fac: 10000000000fac: 10000000000fac: 10000000000fac: 10000000000	line 65 Rank: 140 | start: 2430555541 | finish: 2447916651
	line 65 Rank: 194 | start: 3368055535 | finish: 3385416645
	line 65 Rank: 544 | start: 9444444385 | finish: 9461805495
	line 65 Rank: 1 | start: 17361112 | finish: 34722222
	line 65 Rank: 45 | start: 781249996 | finish: 798611106
fac: 10000000000fac: 10000000000	line 65 Rank: 286 | start: 4965277747 | finish: 4982638857
	line 65 Rank: 246 | start: 4270833307 | finish: 4288194417
fac: 10000000000fac: 10000000000	line 65 Rank: 572 | start: 9930555493 | finish: 9947916603
	line 65 Rank: 413 | start: 7170138844 | finish: 7187499954
fac: 10000000000	line 65 Rank: 73 | start: 1267361104 | finish: 1284722214
fac: 10000000000	line 65 Rank: 166 | start: 2881944427 | finish: 2899305537
fac: 10000000000	line 65 Rank: 104 | start: 1805555545 | finish: 1822916655
fac: 10000000000	line 65 Rank: 355 | start: 6163194406 | finish: 6180555516
fac: 10000000000	line 65 Rank: 132 | start: 2291666653 | finish: 2309027763
fac: 10000000000	line 65 Rank: 457 | start: 7934027728 | finish: 7951388838
fac: 10000000000fac: 10000000000fac: 10000000000fac: 10000000000	line 65 Rank: 277 | start: 4809027748 | finish: 4826388858
fac: 10000000000	line 65 Rank: 478 | start: 8298611059 | finish: 8315972169
	line 65 Rank: 439 | start: 7621527730 | finish: 7638888840
	line 65 Rank: 513 | start: 8906249944 | finish: 8923611054
fac: 10000000000	line 65 Rank: 103 | start: 1788194434 | finish: 1805555544
fac: 10000000000fac: 10000000000fac: 10000000000	line 65 Rank: 294 | start: 5104166635 | finish: 5121527745
	line 65 Rank: 176 | start: 3055555537 | finish: 3072916647
	line 65 Rank: 570 | start: 9895833271 | finish: 9913194381
	line 65 Rank: 491 | start: 8524305502 | finish: 8541666612
fac: 10000000000	line 65 Rank: 310 | start: 5381944411 | finish: 5399305521
fac: 10000000000fac: 10000000000	line 65 Rank: 174 | start: 3020833315 | finish: 3038194425
fac: 10000000000	line 65 Rank: 58 | start: 1006944439 | finish: 1024305549
	line 65 Rank: 395 | start: 6857638846 | finish: 6874999956
fac: 10000000000fac: 10000000000fac: 10000000000	line 65 Rank: 57 | start: 989583328 | finish: 1006944438
	line 65 Rank: 237 | start: 4114583308 | finish: 4131944418
fac: 10000000000	line 65 Rank: 547 | start: 9496527718 | finish: 9513888828
fac: 10000000000	line 65 Rank: 40 | start: 694444441 | finish: 711805551
	line 65 Rank: 371 | start: 6440972182 | finish: 6458333292
fac: 10000000000fac: 10000000000	line 65 Rank: 158 | start: 2743055539 | finish: 2760416649
	line 65 Rank: 321 | start: 5572916632 | finish: 5590277742
fac: 10000000000	line 65 Rank: 11 | start: 190972222 | finish: 208333332
fac: 10000000000	line 65 Rank: 351 | start: 6093749962 | finish: 6111111072
fac: 10000000000	line 65 Rank: 435 | start: 7552083286 | finish: 7569444396
fac: 10000000000	line 65 Rank: 496 | start: 8611111057 | finish: 8628472167
fac: 10000000000fac: 10000000000	line 65 Rank: 506 | start: 8784722167 | finish: 8802083277
	line 65 Rank: 248 | start: 4305555529 | finish: 4322916639
fac: 10000000000	line 65 Rank: 417 | start: 7239583288 | finish: 7256944398
fac: 10000000000fac: 10000000000	line 65 Rank: 560 | start: 9722222161 | finish: 9739583271
fac: 10000000000	line 65 Rank: 33 | start: 572916664 | finish: 590277774
fac: 10000000000	line 65 Rank: 202 | start: 3506944423 | finish: 3524305533
	line 65 Rank: 242 | start: 4201388863 | finish: 4218749973
fac: 10000000000	line 65 Rank: 326 | start: 5659722187 | finish: 5677083297
fac: 10000000000	line 65 Rank: 477 | start: 8281249948 | finish: 8298611058
fac: 10000000000	line 65 Rank: 220 | start: 3819444421 | finish: 3836805531
fac: 10000000000fac: 10000000000	line 65 Rank: 213 | start: 3697916644 | finish: 3715277754
fac: 10000000000	line 65 Rank: 141 | start: 2447916652 | finish: 2465277762
	line 65 Rank: 528 | start: 9166666609 | finish: 9184027719
fac: 10000000000fac: 10000000000fac: 10000000000	line 65 Rank: 85 | start: 1475694436 | finish: 1493055546
	line 65 Rank: 90 | start: 1562499991 | finish: 1579861101
	line 65 Rank: 382 | start: 6631944403 | finish: 6649305513
fac: 10000000000	line 65 Rank: 247 | start: 4288194418 | finish: 4305555528
fac: 10000000000fac: 10000000000fac: 10000000000	line 65 Rank: 8 | start: 138888889 | finish: 156249999
fac: 10000000000	line 65 Rank: 142 | start: 2465277763 | finish: 2482638873
	line 65 Rank: 415 | start: 7204861066 | finish: 7222222176
	line 65 Rank: 343 | start: 5954861074 | finish: 5972222184
fac: 10000000000	line 65 Rank: 161 | start: 2795138872 | finish: 2812499982
fac: 10000000000fac: 10000000000fac: 10000000000	line 65 Rank: 288 | start: 4999999969 | finish: 5017361079
	line 65 Rank: 109 | start: 1892361100 | finish: 1909722210
	line 65 Rank: 275 | start: 4774305526 | finish: 4791666636
fac: 10000000000fac: 10000000000	line 65 Rank: 63 | start: 1093749994 | finish: 1111111104
fac: 10000000000	line 65 Rank: 338 | start: 5868055519 | finish: 5885416629
	line 65 Rank: 459 | start: 7968749950 | finish: 7986111060
fac: 10000000000	line 65 Rank: 521 | start: 9045138832 | finish: 9062499942
fac: 10000000000fac: 10000000000fac: 10000000000	line 65 Rank: 168 | start: 2916666649 | finish: 2934027759
	line 65 Rank: 316 | start: 5486111077 | finish: 5503472187
	line 65 Rank: 495 | start: 8593749946 | finish: 8611111056
fac: 10000000000	line 65 Rank: 407 | start: 7065972178 | finish: 7083333288
fac: 10000000000fac: 10000000000	line 65 Rank: 211 | start: 3663194422 | finish: 3680555532
	line 65 Rank: 69 | start: 1197916660 | finish: 1215277770
fac: 10000000000	line 65 Rank: 540 | start: 9374999941 | finish: 9392361051
fac: 10000000000	line 65 Rank: 290 | start: 5034722191 | finish: 5052083301
fac: 10000000000	line 65 Rank: 184 | start: 3194444425 | finish: 3211805535
fac: 10000000000fac: 10000000000fac: 10000000000	line 65 Rank: 233 | start: 4045138864 | finish: 4062499974
	line 65 Rank: 566 | start: 9826388827 | finish: 9843749937
fac: 10000000000	line 65 Rank: 37 | start: 642361108 | finish: 659722218
fac: 10000000000	line 65 Rank: 81 | start: 1406249992 | finish: 1423611102
	line 65 Rank: 146 | start: 2534722207 | finish: 2552083317
fac: 10000000000	line 65 Rank: 378 | start: 6562499959 | finish: 6579861069
fac: 10000000000fac: 10000000000	line 65 Rank: 436 | start: 7569444397 | finish: 7586805507
	line 65 Rank: 487 | start: 8454861058 | finish: 8472222168
fac: 10000000000	line 65 Rank: 515 | start: 8940972166 | finish: 8958333276
fac: 10000000000	line 65 Rank: 318 | start: 5520833299 | finish: 5538194409
fac: 10000000000fac: 10000000000fac: 10000000000	line 65 Rank: 252 | start: 4374999973 | finish: 4392361083
fac: 10000000000	line 65 Rank: 17 | start: 295138888 | finish: 312499998
	line 65 Rank: 34 | start: 590277775 | finish: 607638885
	line 65 Rank: 422 | start: 7326388843 | finish: 7343749953
fac: 10000000000	line 65 Rank: 203 | start: 3524305534 | finish: 3541666644
fac: 10000000000fac: 10000000000	line 65 Rank: 345 | start: 5989583296 | finish: 6006944406
	line 65 Rank: 458 | start: 7951388839 | finish: 7968749949
fac: 10000000000	line 65 Rank: 454 | start: 7881944395 | finish: 7899305505
fac: 10000000000	line 65 Rank: 227 | start: 3940972198 | finish: 3958333308
fac: 10000000000	line 65 Rank: 88 | start: 1527777769 | finish: 1545138879
fac: 10000000000	line 65 Rank: 243 | start: 4218749974 | finish: 4236111084
fac: 10000000000	line 65 Rank: 13 | start: 225694444 | finish: 243055554
fac: 10000000000	line 65 Rank: 409 | start: 7100694400 | finish: 7118055510
fac: 10000000000	line 65 Rank: 164 | start: 2847222205 | finish: 2864583315
fac: 10000000000fac: 10000000000	line 65 Rank: 374 | start: 6493055515 | finish: 6510416625
fac: 10000000000	line 65 Rank: 107 | start: 1857638878 | finish: 1874999988
fac: 10000000000fac: 10000000000fac: 10000000000	line 65 Rank: 569 | start: 9878472160 | finish: 9895833270
	line 65 Rank: 469 | start: 8142361060 | finish: 8159722170
	line 65 Rank: 510 | start: 8854166611 | finish: 8871527721
fac: 10000000000	line 65 Rank: 309 | start: 5364583300 | finish: 5381944410
fac: 10000000000fac: 10000000000	line 65 Rank: 279 | start: 4843749970 | finish: 4861111080
	line 65 Rank: 143 | start: 2482638874 | finish: 2499999984
	line 65 Rank: 181 | start: 3142361092 | finish: 3159722202
fac: 10000000000	line 65 Rank: 352 | start: 6111111073 | finish: 6128472183
fac: 10000000000	line 65 Rank: 432 | start: 7499999953 | finish: 7517361063
fac: 10000000000fac: 10000000000	line 65 Rank: 335 | start: 5815972186 | finish: 5833333296
	line 65 Rank: 182 | start: 3159722203 | finish: 3177083313
fac: 10000000000	line 65 Rank: 66 | start: 1145833327 | finish: 1163194437
fac: 10000000000fac: 10000000000	line 65 Rank: 156 | start: 2708333317 | finish: 2725694427
	line 65 Rank: 480 | start: 8333333281 | finish: 8350694391
fac: 10000000000	line 65 Rank: 484 | start: 8402777725 | finish: 8420138835
fac: 10000000000fac: 10000000000	line 65 Rank: 56 | start: 972222217 | finish: 989583327
fac: 10000000000	line 65 Rank: 234 | start: 4062499975 | finish: 4079861085
fac: 10000000000	line 65 Rank: 532 | start: 9236111053 | finish: 9253472163
	line 65 Rank: 28 | start: 486111109 | finish: 503472219
fac: 10000000000	line 65 Rank: 548 | start: 9513888829 | finish: 9531249939
fac: 10000000000	line 65 Rank: 160 | start: 2777777761 | finish: 2795138871
fac: 10000000000fac: 10000000000	line 65 Rank: 300 | start: 5208333301 | finish: 5225694411
	line 65 Rank: 517 | start: 8975694388 | finish: 8993055498
fac: 10000000000fac: 10000000000	line 65 Rank: 130 | start: 2256944431 | finish: 2274305541
	line 65 Rank: 313 | start: 5434027744 | finish: 5451388854
fac: 10000000000fac: 10000000000	line 65 Rank: 76 | start: 1319444437 | finish: 1336805547
	line 65 Rank: 25 | start: 434027776 | finish: 451388886
fac: 10000000000fac: 10000000000fac: 10000000000	line 65 Rank: 214 | start: 3715277755 | finish: 3732638865
	line 65 Rank: 460 | start: 7986111061 | finish: 8003472171
	line 65 Rank: 373 | start: 6475694404 | finish: 6493055514
fac: 10000000000	line 65 Rank: 342 | start: 5937499963 | finish: 5954861073
fac: 10000000000	line 65 Rank: 358 | start: 6215277739 | finish: 6232638849
fac: 10000000000	line 65 Rank: 240 | start: 4166666641 | finish: 4184027751
fac: 10000000000	line 65 Rank: 429 | start: 7447916620 | finish: 7465277730
fac: 10000000000	line 65 Rank: 12 | start: 208333333 | finish: 225694443
fac: 10000000000	line 65 Rank: 19 | start: 329861110 | finish: 347222220
fac: 10000000000fac: 10000000000	line 65 Rank: 263 | start: 4565972194 | finish: 4583333304
	line 65 Rank: 292 | start: 5069444413 | finish: 5086805523
fac: 10000000000	line 65 Rank: 72 | start: 1249999993 | finish: 1267361103
fac: 10000000000fac: 10000000000	line 65 Rank: 225 | start: 3906249976 | finish: 3923611086
	line 65 Rank: 463 | start: 8038194394 | finish: 8055555504
fac: 10000000000fac: 10000000000fac: 10000000000	line 65 Rank: 293 | start: 5086805524 | finish: 5104166634
	line 65 Rank: 437 | start: 7586805508 | finish: 7604166618
	line 65 Rank: 527 | start: 9149305498 | finish: 9166666608
fac: 10000000000fac: 10000000000	line 65 Rank: 128 | start: 2222222209 | finish: 2239583319
	line 65 Rank: 410 | start: 7118055511 | finish: 7135416621
fac: 10000000000fac: 10000000000	line 65 Rank: 236 | start: 4097222197 | finish: 4114583307
	line 65 Rank: 530 | start: 9201388831 | finish: 9218749941
fac: 10000000000fac: 10000000000	line 65 Rank: 363 | start: 6302083294 | finish: 6319444404
	line 65 Rank: 285 | start: 4947916636 | finish: 4965277746
fac: 10000000000	line 65 Rank: 183 | start: 3177083314 | finish: 3194444424
fac: 10000000000	line 65 Rank: 320 | start: 5555555521 | finish: 5572916631
fac: 10000000000	line 65 Rank: 61 | start: 1059027772 | finish: 1076388882
fac: 10000000000	line 65 Rank: 68 | start: 1180555549 | finish: 1197916659
fac: 10000000000	line 65 Rank: 337 | start: 5850694408 | finish: 5868055518
fac: 10000000000fac: 10000000000	line 65 Rank: 498 | start: 8645833279 | finish: 8663194389
fac: 10000000000	line 65 Rank: 516 | start: 8958333277 | finish: 8975694387
	line 65 Rank: 170 | start: 2951388871 | finish: 2968749981
fac: 10000000000fac: 10000000000	line 65 Rank: 39 | start: 677083330 | finish: 694444440
	line 65 Rank: 18 | start: 312499999 | finish: 329861109
fac: 10000000000	line 65 Rank: 30 | start: 520833331 | finish: 538194441
fac: 10000000000	line 65 Rank: 482 | start: 8368055503 | finish: 8385416613
fac: 10000000000	line 65 Rank: 333 | start: 5781249964 | finish: 5798611074
fac: 10000000000fac: 10000000000	line 65 Rank: 230 | start: 3993055531 | finish: 4010416641
fac: 10000000000	line 65 Rank: 84 | start: 1458333325 | finish: 1475694435
	line 65 Rank: 206 | start: 3576388867 | finish: 3593749977
fac: 10000000000fac: 10000000000	line 65 Rank: 354 | start: 6145833295 | finish: 6163194405
	line 65 Rank: 375 | start: 6510416626 | finish: 6527777736
fac: 10000000000	line 65 Rank: 54 | start: 937499995 | finish: 954861105
fac: 10000000000fac: 10000000000fac: 10000000000fac: 10000000000	line 65 Rank: 51 | start: 885416662 | finish: 902777772
	line 65 Rank: 428 | start: 7430555509 | finish: 7447916619
	line 65 Rank: 16 | start: 277777777 | finish: 295138887
	line 65 Rank: 80 | start: 1388888881 | finish: 1406249991
fac: 10000000000	line 65 Rank: 305 | start: 5295138856 | finish: 5312499966
fac: 10000000000fac: 10000000000	line 65 Rank: 296 | start: 5138888857 | finish: 5156249967
fac: 10000000000	line 65 Rank: 244 | start: 4236111085 | finish: 4253472195
	line 65 Rank: 121 | start: 2100694432 | finish: 2118055542
fac: 10000000000	line 65 Rank: 537 | start: 9322916608 | finish: 9340277718
fac: 10000000000	line 65 Rank: 312 | start: 5416666633 | finish: 5434027743
fac: 10000000000	line 65 Rank: 452 | start: 7847222173 | finish: 7864583283
fac: 10000000000fac: 10000000000	line 65 Rank: 179 | start: 3107638870 | finish: 3124999980
	line 65 Rank: 421 | start: 7309027732 | finish: 7326388842
fac: 10000000000fac: 10000000000	line 65 Rank: 347 | start: 6024305518 | finish: 6041666628
	line 65 Rank: 364 | start: 6319444405 | finish: 6336805515
fac: 10000000000	line 65 Rank: 43 | start: 746527774 | finish: 763888884
fac: 10000000000	line 65 Rank: 488 | start: 8472222169 | finish: 8489583279
fac: 10000000000	line 65 Rank: 26 | start: 451388887 | finish: 468749997
fac: 10000000000	line 65 Rank: 349 | start: 6059027740 | finish: 6076388850
fac: 10000000000fac: 10000000000	line 65 Rank: 330 | start: 5729166631 | finish: 5746527741
	line 65 Rank: 493 | start: 8559027724 | finish: 8576388834
fac: 10000000000	line 65 Rank: 2 | start: 34722223 | finish: 52083333
fac: 10000000000	line 65 Rank: 366 | start: 6354166627 | finish: 6371527737
fac: 10000000000	line 65 Rank: 14 | start: 243055555 | finish: 260416665
fac: 10000000000fac: 10000000000	line 65 Rank: 346 | start: 6006944407 | finish: 6024305517
	line 65 Rank: 306 | start: 5312499967 | finish: 5329861077
fac: 10000000000	line 65 Rank: 424 | start: 7361111065 | finish: 7378472175
fac: 10000000000	line 65 Rank: 299 | start: 5190972190 | finish: 5208333300
fac: 10000000000	line 65 Rank: 411 | start: 7135416622 | finish: 7152777732
fac: 10000000000	line 65 Rank: 47 | start: 815972218 | finish: 833333328
fac: 10000000000	line 65 Rank: 31 | start: 538194442 | finish: 555555552
fac: 10000000000	line 65 Rank: 350 | start: 6076388851 | finish: 6093749961
fac: 10000000000	line 65 Rank: 327 | start: 5677083298 | finish: 5694444408
fac: 10000000000	line 65 Rank: 329 | start: 5711805520 | finish: 5729166630
fac: 10000000000	line 65 Rank: 7 | start: 121527778 | finish: 138888888
fac: 10000000000fac: 10000000000fac: 10000000000	line 65 Rank: 341 | start: 5920138852 | finish: 5937499962
	line 65 Rank: 307 | start: 5329861078 | finish: 5347222188
	line 65 Rank: 269 | start: 4670138860 | finish: 4687499970
fac: 10000000000	line 65 Rank: 302 | start: 5243055523 | finish: 5260416633
fac: 10000000000	line 65 Rank: 0 | start: 2 | finish: 17361111
fac: 10000000000	line 65 Rank: 423 | start: 7343749954 | finish: 7361111064
fac: 10000000000	line 65 Rank: 420 | start: 7291666621 | finish: 7309027731
fac: 10000000000	line 65 Rank: 32 | start: 555555553 | finish: 572916663
fac: 10000000000	line 65 Rank: 356 | start: 6180555517 | finish: 6197916627
fac: 10000000000	line 65 Rank: 4 | start: 69444445 | finish: 86805555
fac: 10000000000fac: 10000000000	line 65 Rank: 42 | start: 729166663 | finish: 746527773
	line 65 Rank: 295 | start: 5121527746 | finish: 5138888856
fac: 10000000000	line 65 Rank: 298 | start: 5173611079 | finish: 5190972189
fac: 10000000000	line 65 Rank: 23 | start: 399305554 | finish: 416666664
fac: 10000000000	line 65 Rank: 36 | start: 624999997 | finish: 642361107
fac: 10000000000	line 65 Rank: 430 | start: 7465277731 | finish: 7482638841
fac: 10000000000	line 65 Rank: 416 | start: 7222222177 | finish: 7239583287
fac: 10000000000	line 65 Rank: 353 | start: 6128472184 | finish: 6145833294
fac: 10000000000	line 65 Rank: 41 | start: 711805552 | finish: 729166662
fac: 10000000000	line 65 Rank: 9 | start: 156250000 | finish: 173611110
fac: 10000000000	line 65 Rank: 304 | start: 5277777745 | finish: 5295138855
fac: 10000000000	line 65 Rank: 297 | start: 5156249968 | finish: 5173611078
fac: 10000000000	line 65 Rank: 38 | start: 659722219 | finish: 677083329
fac: 10000000000	line 65 Rank: 22 | start: 381944443 | finish: 399305553
fac: 10000000000	line 65 Rank: 408 | start: 7083333289 | finish: 7100694399
fac: 10000000000	line 65 Rank: 412 | start: 7152777733 | finish: 7170138843
fac: 10000000000	line 65 Rank: 357 | start: 6197916628 | finish: 6215277738
fac: 10000000000	line 65 Rank: 301 | start: 5225694412 | finish: 5243055522
fac: 10000000000fac: 10000000000	line 65 Rank: 303 | start: 5260416634 | finish: 5277777744
	line 65 Rank: 29 | start: 503472220 | finish: 520833330
fac: 10000000000	line 65 Rank: 24 | start: 416666665 | finish: 434027775
fac: 10000000000	line 65 Rank: 20 | start: 347222221 | finish: 364583331
fac: 10000000000	line 65 Rank: 289 | start: 5017361080 | finish: 5034722190
fac: 10000000000fac: 10000000000	line 65 Rank: 308 | start: 5347222189 | finish: 5364583299
	line 65 Rank: 27 | start: 468749998 | finish: 486111108
fac: 10000000000	line 65 Rank: 44 | start: 763888885 | finish: 781249995
local_fact: 
local_fact: 
local_fact: 
local_fact: 
local_fact: 
local_fact: 
local_fact: 
local_fact: 
local_fact: 
local_fact: 
local_fact: 
local_fact: 
local_fact: 
local_fact: 
local_fact: 
local_fact: 
local_fact: 
local_fact: 
local_fact: 
local_fact: 
local_fact: 
local_fact: 
local_fact: 
local_fact: 
local_fact: 
local_fact: 
local_fact: 
local_fact: 
local_fact: 
local_fact: 
local_fact: 
local_fact: 
local_fact: 
local_fact: 
local_fact: 
local_fact: 
local_fact: 
local_fact: 
local_fact: 
local_fact: 
local_fact: 
local_fact: 
local_fact: 
local_fact: 
local_fact: 
local_fact: 
local_fact: 
local_fact: 
local_fact: 
local_fact: 
local_fact: 
local_fact: 
local_fact: 
local_fact: 
local_fact: 
local_fact: 
local_fact: 
local_fact: 
local_fact: 
local_fact: 
local_fact: 
local_fact: 
local_fact: 
local_fact: 
local_fact: 
local_fact: 
local_fact: 
local_fact: 
local_fact: 
local_fact: 
local_fact: 
local_fact: 
local_fact: 
local_fact: 
local_fact: 
local_fact: 
local_fact: 
local_fact: 
local_fact: 
local_fact: 
local_fact: 
local_fact: 
local_fact: 
local_fact: 
local_fact: 
local_fact: 
local_fact: 
local_fact: 
local_fact: 
local_fact: 
local_fact: 
local_fact: 
local_fact: 
local_fact: 
local_fact: 
local_fact: 
local_fact: 
local_fact: 
local_fact: 
local_fact: 
local_fact: 
local_fact: 
local_fact: 
local_fact: 
local_fact: 
local_fact: 
local_fact: 
local_fact: 
local_fact: 
local_fact: 
local_fact: 
local_fact: 
local_fact: 
local_fact: 
local_fact: 
local_fact: 
local_fact: 
local_fact: 
local_fact: 
local_fact: 
local_fact: 
local_fact: 
local_fact: 
local_fact: 
local_fact: 
local_fact: 
local_fact: 
local_fact: 
local_fact: 
local_fact: 
local_fact: 
local_fact: 
local_fact: 
local_fact: 
local_fact: 
local_fact: 
local_fact: 
local_fact: 
local_fact: 
local_fact: 
local_fact: 
local_fact: 
local_fact: 
local_fact: 
local_fact: 
local_fact: 
local_fact: 
local_fact: 
local_fact: 
local_fact: 
local_fact: 
local_fact: 
local_fact: 
local_fact: 
local_fact: 
local_fact: 
local_fact: 
local_fact: 
local_fact: 
local_fact: 
local_fact: 
local_fact: 
local_fact: 
local_fact: 
local_fact: 
local_fact: 
local_fact: 
local_fact: 
local_fact: 
local_fact: 
local_fact: 
local_fact: 
local_fact: 
local_fact: 
local_fact: 
local_fact: 
local_fact: 
local_fact: 
local_fact: 
local_fact: 
local_fact: 
local_fact: 
local_fact: 
local_fact: 
local_fact: 
local_fact: 
local_fact: 
local_fact: 
local_fact: 
local_fact: 
local_fact: 
local_fact: 
local_fact: 
local_fact: 
local_fact: 
local_fact: 
local_fact: 
local_fact: 
local_fact: 
local_fact: 
local_fact: 
local_fact: 
local_fact: 
local_fact: 
local_fact: 
local_fact: 
local_fact: 
local_fact: 
local_fact: 
local_fact: 
local_fact: 
local_fact: 
local_fact: 
local_fact: 
local_fact: 
local_fact: 
local_fact: 
local_fact: 
local_fact: 
local_fact: 
local_fact: 
local_fact: 
local_fact: 
local_fact: 
local_fact: 
local_fact: 
local_fact: 
local_fact: 
local_fact: 
local_fact: 
local_fact: 
local_fact: 
local_fact: 
local_fact: 
local_fact: 
local_fact: 
local_fact: 
local_fact: 
local_fact: 
local_fact: 
local_fact: 
local_fact: 
local_fact: 
local_fact: 
local_fact: 
local_fact: 
local_fact: 
local_fact: 
local_fact: 
local_fact: 
local_fact: 
local_fact: 
local_fact: 
local_fact: 
local_fact: 
local_fact: 
local_fact: 
local_fact: 
local_fact: 
local_fact: 
local_fact: 
local_fact: 
local_fact: 
local_fact: 
local_fact: 
local_fact: 
local_fact: 
local_fact: 
local_fact: 
local_fact: 
local_fact: 
local_fact: 
local_fact: 
local_fact: 
local_fact: 
local_fact: 
local_fact: 
local_fact: 
local_fact: 
local_fact: 
local_fact: 
local_fact: 
local_fact: 
local_fact: 
local_fact: 
local_fact: 
local_fact: 
local_fact: 
local_fact: 
local_fact: 
local_fact: 
local_fact: 
local_fact: 
local_fact: 
local_fact: 
local_fact: 
local_fact: 
local_fact: 
local_fact: 
local_fact: 
local_fact: 
local_fact: 
local_fact: 
local_fact: 
local_fact: 
local_fact: 
local_fact: 
local_fact: 
local_fact: 
local_fact: 
local_fact: 
local_fact: 
local_fact: 
local_fact: 
local_fact: 
local_fact: 
local_fact: 
local_fact: 
local_fact: 
local_fact: 
local_fact: 
local_fact: 
local_fact: 
local_fact: 
local_fact: 
local_fact: 
local_fact: 
local_fact: 
local_fact: 
local_fact: 
local_fact: 
local_fact: 
local_fact: 
local_fact: 
local_fact: 
local_fact: 
local_fact: 
local_fact: 
local_fact: 
local_fact: 
local_fact: 
local_fact: 
local_fact: 
local_fact: 
local_fact: 
local_fact: 
local_fact: 
local_fact: 
local_fact: 
local_fact: 
local_fact: 
local_fact: 
local_fact: 
local_fact: 
local_fact: 
local_fact: 
local_fact: 
local_fact: 
local_fact: 
local_fact: 
local_fact: 
local_fact: 
local_fact: 
local_fact: 
local_fact: 
local_fact: 
local_fact: 
local_fact: 
local_fact: 
local_fact: 
local_fact: 
local_fact: 
local_fact: 
local_fact: 
local_fact: 
local_fact: 
local_fact: 
local_fact: 
local_fact: 
local_fact: 
local_fact: 
local_fact: 
local_fact: 
local_fact: 
local_fact: 
local_fact: 
local_fact: 
local_fact: 
local_fact: 
local_fact: 
local_fact: 
local_fact: 
local_fact: 
local_fact: 
local_fact: 
local_fact: 
local_fact: 
local_fact: 
local_fact: 
local_fact: 
local_fact: 
local_fact: 
local_fact: 
local_fact: 
local_fact: 
local_fact: 
local_fact: 
local_fact: 
local_fact: 
local_fact: 
local_fact: 
local_fact: 
local_fact: 
local_fact: 
local_fact: 
local_fact: 
local_fact: 
local_fact: 
local_fact: 
local_fact: 
local_fact: 
local_fact: 
local_fact: 
local_fact: 
local_fact: 
local_fact: 
local_fact: 
local_fact: 
local_fact: 
local_fact: 
local_fact: 
local_fact: 
local_fact: 
local_fact: 
local_fact: 
local_fact: 
local_fact: 
local_fact: 
local_fact: 
local_fact: 
local_fact: 
local_fact: 
local_fact: 
local_fact: 
local_fact: 
local_fact: 
local_fact: 
local_fact: 
local_fact: 
local_fact: 
local_fact: 
local_fact: 
local_fact: 
local_fact: 
local_fact: 
local_fact: 
local_fact: 
local_fact: 
local_fact: 
local_fact: 
local_fact: 
local_fact: 
local_fact: 
local_fact: 
local_fact: 
local_fact: 
local_fact: 
local_fact: 
local_fact: 
local_fact: 
local_fact: 
local_fact: 
local_fact: 
local_fact: 
local_fact: 
local_fact: 
local_fact: 
local_fact: 
local_fact: 
local_fact: 
local_fact: 
local_fact: 
local_fact: 
local_fact: 
local_fact: 
local_fact: 
local_fact: 
local_fact: 
local_fact: 
local_fact: 
local_fact: 
local_fact: 
local_fact: 
local_fact: 
local_fact: 
local_fact: 
local_fact: 
local_fact: 
local_fact: 
local_fact: 
local_fact: 
local_fact: 
local_fact: 
local_fact: 
local_fact: 
local_fact: 
local_fact: 
local_fact: 
local_fact: 
local_fact: 
local_fact: 
local_fact: 
local_fact: 
local_fact: 
local_fact: 
local_fact: 
local_fact: 
local_fact: 
local_fact: 
local_fact: 
local_fact: 
local_fact: 
local_fact: 
local_fact: 
local_fact: 
local_fact: 
local_fact: 
local_fact: 
local_fact: 
local_fact: 
local_fact: 
local_fact: 
local_fact: 
local_fact: 
local_fact: 
local_fact: 
local_fact: 
local_fact: 
local_fact: 
local_fact: 
local_fact: 
local_fact: 
local_fact: 
local_fact: 
local_fact: 
local_fact: 
local_fact: 
local_fact: 
local_fact: 
local_fact: 
local_fact: 
local_fact: 
local_fact: 
local_fact: 
local_fact: 
local_fact: 
local_fact: 
local_fact: 
local_fact: 
local_fact: 
local_fact: 
local_fact: 
local_fact: 
local_fact: 
local_fact: 
local_fact: 
local_fact: 
local_fact: 
local_fact: 
local_fact: 
local_fact: 
local_fact: 
local_fact: 
local_fact: 
local_fact: 
local_fact: 
79 153
local_num = 550588878782464 | Rank: 153 
79 25
local_num = 861491989151744 | Rank: 25 
79 345
local_num = 465837748944896 | Rank: 345 
79 26
local_num = 973074797887488 | Rank: 26 
79 178
local_num = 921642835509248 | Rank: 178 
79 90
local_num = 233307097530368 | Rank: 90 
79 218
local_num = 848531453804544 | Rank: 218 
79 346
local_num = 80059037155328 | Rank: 346 
79 538
local_num = 416380559589376 | Rank: 538 
79 282
local_num = 169073790222336 | Rank: 282 
79 409
local_num = 846590255333376 | Rank: 409 
79 154
local_num = 836388381343744 | Rank: 154 
79 410
local_num = 709629409067008 | Rank: 410 
79 192
local_num = 18713142296576 | Rank: 192 
79 329
local_num = 983455253168128 | Rank: 329 
79 9
local_num = 973735330873344 | Rank: 9 
79 73
local_num = 463415008395264 | Rank: 73 
79 89
local_num = 678538192617472 | Rank: 89 
79 168
local_num = 33648168697856 | Rank: 168 
79 473
local_num = 769542084820992 | Rank: 473 
79 105
local_num = 904665873711104 | Rank: 105 
79 58
local_num = 449050933919744 | Rank: 58 
79 217
local_num = 364885374631936 | Rank: 217 
79 425
local_num = 259375811592192 | Rank: 425 
79 169
local_num = 543772191326208 | Rank: 169 
79 256
local_num = 447110485999616 | Rank: 256 
79 512
local_num = 131225637388288 | Rank: 512 
79 40
local_num = 652993488470016 | Rank: 40 
79 152
local_num = 584020831240192 | Rank: 152 
79 160
local_num = 977487639609344 | Rank: 160 
79 232
local_num = 471385383010304 | Rank: 232 
79 488
local_num = 567843600039936 | Rank: 488 
79 122
79 137
local_num = 23485160194048 | Rank: 137 
79 120
local_num = 601468652158976 | Rank: 120 
local_num = 472191880921088 | Rank: 122 
79 162
local_num = 187912821211136 | Rank: 162 
79 296
local_num = 126828246663168 | Rank: 296 
79 104
local_num = 936009485959168 | Rank: 104 
79 170
local_num = 453175584161792 | Rank: 170 
79 474
local_num = 234980888436736 | Rank: 474 
79 62
local_num = 241752464785408 | Rank: 62 
79 41
local_num = 156621288374272 | Rank: 41 
79 570
local_num = 951299600941056 | Rank: 570 
79 552
local_num = 512788673855488 | Rank: 552 
79 382
79 57
local_num = 972475600699392 | Rank: 382 
local_num = 874146956017664 | Rank: 57 
79 281
local_num = 929305500516352 | Rank: 281 
79 24
local_num = 32409608863744 | Rank: 24 
79 344
local_num = 876620068601856 | Rank: 344 
79 126
local_num = 725838979137536 | Rank: 126 
79 208
local_num = 730161067327488 | Rank: 208 
79 537
local_num = 534920664416256 | Rank: 537 
79 164
local_num = 447972345430016 | Rank: 164 
79 393
local_num = 231840869974016 | Rank: 393 
79 185
local_num = 820862176264192 | Rank: 185 
79 472
local_num = 911290526334976 | Rank: 472 
79 161
local_num = 740184176295936 | Rank: 161 
79 392
local_num = 659729967480832 | Rank: 392 
79 378
local_num = 497251406282752 | Rank: 378 
79 42
local_num = 616431121727488 | Rank: 42 
79 138
local_num = 429296276897792 | Rank: 138 
79 574
local_num = 755345693745152 | Rank: 574 
79 119
local_num = 711515431665664 | Rank: 119 
79 360
local_num = 254464756383744 | Rank: 360 
79 136
local_num = 961620909522944 | Rank: 136 
79 101
79 489
local_num = 870858565812224 | Rank: 101 
local_num = 222050643607552 | Rank: 489 
79 456
local_num = 108156530966528 | Rank: 456 
79 165
local_num = 2841483886592 | Rank: 165 
79 442
79 521
local_num = 182326487875584 | Rank: 442 
local_num = 299616070795264 | Rank: 521 
79 0
local_num = 488777204236288 | Rank: 0 
79 121
local_num = 500718214610944 | Rank: 121 
79 128
local_num = 609330691178496 | Rank: 128 
79 408
local_num = 134779741274112 | Rank: 408 
79 201
local_num = 844520525529088 | Rank: 201 
79 172
79 505
local_num = 706364831531008 | Rank: 172 
79 569
local_num = 361869095043072 | Rank: 569 
local_num = 363443048546304 | Rank: 505 
79 320
79 265
local_num = 210070200778752 | Rank: 320 
local_num = 397079549198336 | Rank: 265 
79 88
local_num = 633172952219648 | Rank: 88 
79 44
local_num = 544884917895168 | Rank: 44 
79 364
local_num = 189472271056896 | Rank: 364 
79 377
local_num = 17354440015872 | Rank: 377 
79 10
local_num = 195689117548544 | Rank: 10 
79 186
local_num = 852507252523008 | Rank: 186 
79 72
local_num = 592579128229888 | Rank: 72 
79 94
local_num = 840177318920192 | Rank: 94 
79 74
local_num = 773281191354368 | Rank: 74 
79 494
local_num = 922142800560128 | Rank: 494 
79 446
local_num = 461067704926208 | Rank: 446 
79 36
79 356
local_num = 475112102723584 | Rank: 36 
local_num = 597040440991744 | Rank: 356 
79 174
79 506
local_num = 118167491035136 | Rank: 174 
79 510
local_num = 858828409929728 | Rank: 510 
local_num = 180155831648256 | Rank: 506 
79 141
local_num = 465985206484992 | Rank: 141 
79 216
79 568
local_num = 912118587752448 | Rank: 568 
local_num = 343996465217536 | Rank: 216 
79 17
local_num = 706918657458176 | Rank: 17 
79 337
local_num = 954873737674752 | Rank: 337 
79 166
local_num = 982377611296768 | Rank: 166 
79 553
local_num = 583758190149632 | Rank: 553 
79 64
local_num = 412997827166208 | Rank: 64 
79 536
local_num = 696621988773888 | Rank: 536 
79 421
local_num = 175843055730688 | Rank: 421 
79 106
79 558
local_num = 85013816377344 | Rank: 106 
local_num = 936349027598336 | Rank: 558 
79 197
79 46
local_num = 975854237483008 | Rank: 197 
79 366
local_num = 960907911135232 | Rank: 46 
local_num = 300356262592512 | Rank: 366 
79 150
local_num = 50091338170368 | Rank: 150 
79 318
local_num = 208441408421888 | Rank: 318 
79 80
local_num = 692481351221248 | Rank: 80 
79 312
local_num = 873805164445696 | Rank: 312 
79 420
local_num = 416926727241728 | Rank: 420 
79 8
local_num = 547591123075072 | Rank: 8 
79 100
79 110
local_num = 231012411342848 | Rank: 110 
local_num = 309796318019584 | Rank: 100 
79 361
local_num = 360362690084864 | Rank: 361 
79 149
79 440
local_num = 984263958593536 | Rank: 149 
local_num = 516957211967488 | Rank: 440 
79 314
local_num = 953614030454784 | Rank: 314 
79 50
local_num = 910385596858368 | Rank: 50 
79 554
79 490
local_num = 161372854616064 | Rank: 554 
local_num = 671637789392896 | Rank: 490 
79 376
local_num = 454698545381376 | Rank: 376 
79 151
local_num = 226243230203904 | Rank: 151 
79 441
local_num = 939898961297408 | Rank: 441 
79 29
local_num = 730790397116416 | Rank: 29 
79 249
local_num = 596826811449344 | Rank: 249 
79 457
local_num = 408334855766016 | Rank: 457 
79 112
local_num = 983740778053632 | Rank: 112 
79 204
local_num = 588858975633408 | Rank: 204 
79 478
local_num = 518036345192448 | Rank: 478 
79 428
local_num = 831321676578816 | Rank: 428 
79 61
local_num = 164778947313664 | Rank: 61 
79 125
local_num = 956096743571456 | Rank: 125 
79 330
local_num = 280797395943424 | Rank: 330 
79 116
local_num = 704345124569088 | Rank: 116 
79 482
79 238
79 562
79 546
79 498
local_num = 81306426376192 | Rank: 498 
local_num = 699998158716928 | Rank: 238 
local_num = 408323660251136 | Rank: 562 
local_num = 412915071614976 | Rank: 546 
79 485
local_num = 331604637188096 | Rank: 485 
79 480
local_num = 516491681234944 | Rank: 480 
79 200
local_num = 315363799662592 | Rank: 482 
79 32
local_num = 558428885352448 | Rank: 200 
local_num = 684999161872384 | Rank: 32 
79 370
local_num = 365806573912064 | Rank: 370 
79 349
79 144
local_num = 329441169129472 | Rank: 349 
local_num = 161679413592064 | Rank: 144 
79 328
local_num = 342921683042304 | Rank: 328 
79 190
local_num = 614892203114496 | Rank: 190 
79 108
79 233
local_num = 667983571943424 | Rank: 233 
local_num = 521578689036288 | Rank: 108 
79 234
79 297
local_num = 308239437676544 | Rank: 234 
local_num = 825931158028288 | Rank: 297 
79 362
79 357
local_num = 427069988995072 | Rank: 362 
local_num = 29227050860544 | Rank: 357 
79 254
local_num = 309777960370176 | Rank: 254 
79 424
local_num = 513053930717184 | Rank: 424 
79 184
79 520
local_num = 437331577634816 | Rank: 184 
local_num = 299645354999808 | Rank: 520 
79 77
local_num = 668087041523712 | Rank: 77 
79 158
79 448
local_num = 764308137115648 | Rank: 158 
local_num = 202555166490624 | Rank: 448 
79 220
local_num = 757445086019584 | Rank: 220 
79 426
local_num = 338690759950336 | Rank: 426 
79 302
local_num = 283104847757312 | Rank: 302 
79 461
local_num = 85073885888512 | Rank: 461 
79 564
local_num = 921536497844224 | Rank: 564 
79 30
local_num = 687894546874368 | Rank: 30 
79 226
79 250
local_num = 796354917629952 | Rank: 226 
local_num = 437375013388288 | Rank: 250 
79 76
local_num = 394682668351488 | Rank: 76 
79 384
local_num = 148963517382656 | Rank: 384 
79 37
local_num = 981132581502976 | Rank: 37 
79 96
local_num = 7977900834816 | Rank: 96 
79 33
local_num = 700560752836608 | Rank: 33 
79 352
local_num = 996645067620352 | Rank: 352 
79 416
79 93
local_num = 947769349603328 | Rank: 416 
local_num = 288154684817408 | Rank: 93 
79 504
local_num = 439754125672448 | Rank: 504 
79 469
local_num = 437461772926976 | Rank: 469 
79 430
local_num = 929623918149632 | Rank: 430 
79 471
local_num = 336118899703808 | Rank: 471 
79 98
local_num = 555697514676224 | Rank: 98 
79 368
local_num = 789575786692608 | Rank: 368 
79 381
local_num = 828244105363456 | Rank: 381 
79 156
local_num = 937827911335936 | Rank: 156 
79 524
local_num = 203014948569088 | Rank: 524 
79 280
local_num = 131961394855936 | Rank: 280 
79 34
local_num = 31603913834496 | Rank: 34 
79 414
local_num = 755531367333888 | Rank: 414 
79 132
local_num = 288097293369344 | Rank: 132 
79 540
local_num = 693883359920128 | Rank: 540 
79 268
local_num = 897027501686784 | Rank: 268 
79 464
local_num = 999652132175872 | Rank: 464 
79 205
local_num = 570131614138368 | Rank: 205 
79 242
local_num = 90903150723072 | Rank: 242 
79 313
local_num = 95635121176576 | Rank: 313 
79 509
local_num = 177634585051136 | Rank: 509 
79 418
local_num = 881671238909952 | Rank: 418 
79 308
79 56
local_num = 296811499552768 | Rank: 308 
79 114
local_num = 636044227641344 | Rank: 56 
79 118
local_num = 310842458636288 | Rank: 118 
79 492
79 102
local_num = 598509972881408 | Rank: 102 
local_num = 209861120884736 | Rank: 492 
local_num = 874906409959424 | Rank: 114 
79 358
local_num = 125599469830144 | Rank: 358 
79 223
79 543
local_num = 607920112173056 | Rank: 223 
local_num = 84955435532288 | Rank: 543 
79 397
79 287
local_num = 92887318528 | Rank: 397 
local_num = 993722978041856 | Rank: 287 
79 332
local_num = 225047854415872 | Rank: 332 
79 458
79 28
local_num = 215777666957312 | Rank: 458 
local_num = 218544275259392 | Rank: 28 
79 81
local_num = 872643786539008 | Rank: 81 
79 189
local_num = 299072294813696 | Rank: 189 
79 248
local_num = 87372672237568 | Rank: 248 
79 82
local_num = 59025923080192 | Rank: 82 
79 12
local_num = 30213270863872 | Rank: 12 
79 484
79 556
local_num = 909575407665152 | Rank: 484 
local_num = 840254084005888 | Rank: 556 
79 549
local_num = 196088332222464 | Rank: 549 
79 353
79 401
79 434
local_num = 899477284388864 | Rank: 353 
local_num = 664478297735168 | Rank: 434 
79 224
local_num = 937646091206656 | Rank: 401 
local_num = 556964238073856 | Rank: 224 
79 542
local_num = 624728339152896 | Rank: 542 
79 142
local_num = 61513089286144 | Rank: 142 
79 290
local_num = 269670846726144 | Rank: 290 
79 264
local_num = 732046001668096 | Rank: 264 
79 48
local_num = 821923064807424 | Rank: 48 
79 432
local_num = 353015510368256 | Rank: 432 
79 535
79 202
local_num = 301350822412288 | Rank: 535 
local_num = 652640386318336 | Rank: 202 
79 350
79 400
local_num = 633942693117952 | Rank: 350 
local_num = 70350654898176 | Rank: 400 
79 229
local_num = 105814248947712 | Rank: 229 
79 522
79 519
local_num = 572168936390656 | Rank: 519 
local_num = 146902102212608 | Rank: 522 
79 422
79 288
local_num = 549247330910208 | Rank: 422 
local_num = 895925670019072 | Rank: 288 
79 269
local_num = 859954610733056 | Rank: 269 
79 462
local_num = 728043417174016 | Rank: 462 
79 52
79 13
local_num = 215545496403968 | Rank: 13 
79 71
local_num = 86330825703424 | Rank: 71 
79 481
79 4
local_num = 228999396261888 | Rank: 52 
79 68
local_num = 173885899538432 | Rank: 68 
local_num = 582947635429376 | Rank: 481 
local_num = 275325325688832 | Rank: 4 
79 222
local_num = 49257680437248 | Rank: 222 
79 545
local_num = 604416339378176 | Rank: 545 
79 215
79 43
local_num = 282696756133888 | Rank: 215 
local_num = 214683847524352 | Rank: 43 
79 107
local_num = 561588010582016 | Rank: 107 
79 157
local_num = 432458189766656 | Rank: 157 
79 396
local_num = 755562923917312 | Rank: 396 
79 544
local_num = 516601791741952 | Rank: 544 
79 413
local_num = 268323239952384 | Rank: 413 
79 130
local_num = 147136482934784 | Rank: 130 
79 228
local_num = 676861800316928 | Rank: 228 
79 365
local_num = 226401969995776 | Rank: 365 
79 394
local_num = 92227252191232 | Rank: 394 
79 541
local_num = 483592129445888 | Rank: 541 
79 139
local_num = 557160034664448 | Rank: 139 
79 31
local_num = 536885328183296 | Rank: 31 
79 293
local_num = 349817652805632 | Rank: 293 
79 129
79 525
local_num = 5507346169856 | Rank: 129 
local_num = 384988632088576 | Rank: 525 
79 465
local_num = 165636218601472 | Rank: 465 
79 460
local_num = 804760353865728 | Rank: 460 
79 298
local_num = 282592260554752 | Rank: 298 
79 23
79 486
local_num = 994390511222784 | Rank: 23 
79 560
local_num = 802360015847424 | Rank: 560 
local_num = 950368866566144 | Rank: 486 
79 38
local_num = 312258897739776 | Rank: 38 
79 372
local_num = 184058513293312 | Rank: 372 
79 445
79 412
local_num = 506863219539968 | Rank: 412 
local_num = 912729762627584 | Rank: 445 
79 391
local_num = 366573886570496 | Rank: 391 
79 135
local_num = 276376950407168 | Rank: 135 
79 140
local_num = 218819045769216 | Rank: 140 
79 306
local_num = 790963250003968 | Rank: 306 
79 97
local_num = 908410487406592 | Rank: 97 
79 436
79 221
local_num = 263659152605184 | Rank: 436 
local_num = 349377000865792 | Rank: 221 
79 285
local_num = 623438424342528 | Rank: 285 
79 206
local_num = 868622310211584 | Rank: 206 
79 450
local_num = 973126184828928 | Rank: 450 
79 533
local_num = 36492537593856 | Rank: 533 
79 143
local_num = 300116207566848 | Rank: 143 
79 92
local_num = 618359798628352 | Rank: 92 
79 253
local_num = 737649818763264 | Rank: 253 
79 266
local_num = 363574035513344 | Rank: 266 
79 87
local_num = 259046364839936 | Rank: 87 
79 69
local_num = 978662056001536 | Rank: 69 
79 7
79 452
local_num = 165180336340992 | Rank: 7 
79 230
local_num = 306612528447488 | Rank: 452 
79 500
local_num = 339528344010752 | Rank: 230 
79 496
local_num = 347941967233024 | Rank: 496 
79 530
local_num = 603388036579328 | Rank: 530 
local_num = 85630896472064 | Rank: 500 
79 286
local_num = 299340851806208 | Rank: 286 
79 354
local_num = 383717454462976 | Rank: 354 
79 402
local_num = 787707559673856 | Rank: 402 
79 20
local_num = 715179941134336 | Rank: 20 
79 124
79 514
local_num = 32050236194816 | Rank: 124 
local_num = 217577097199616 | Rank: 514 
79 180
local_num = 46428011200512 | Rank: 180 
79 244
local_num = 680825155272704 | Rank: 244 
79 304
79 63
local_num = 598950170558464 | Rank: 304 
79 383
local_num = 803041605025792 | Rank: 383 
local_num = 763783621967872 | Rank: 63 
79 573
local_num = 421116192260096 | Rank: 573 
79 210
local_num = 872434243862528 | Rank: 210 
79 213
local_num = 839525711151104 | Rank: 213 
79 21
79 145
local_num = 745799873593344 | Rank: 145 
local_num = 880960249921536 | Rank: 21 
79 528
local_num = 247147907383296 | Rank: 528 
79 123
local_num = 675604213006336 | Rank: 123 
79 279
79 476
local_num = 741362016288768 | Rank: 279 
local_num = 991811782770688 | Rank: 476 
79 363
local_num = 853760719224832 | Rank: 363 
79 109
local_num = 458561494122496 | Rank: 109 
79 529
local_num = 525316994924544 | Rank: 529 
79 199
local_num = 480274163564544 | Rank: 199 
79 148
79 389
local_num = 829303404068864 | Rank: 148 
local_num = 872175819751424 | Rank: 389 
79 417
local_num = 630989752041472 | Rank: 417 
79 292
local_num = 793221812912128 | Rank: 292 
79 127
local_num = 698017199521792 | Rank: 127 
79 284
local_num = 116678900908032 | Rank: 284 
79 78
local_num = 20440392073216 | Rank: 78 
79 66
local_num = 926006133522432 | Rank: 66 
79 447
local_num = 589584235855872 | Rank: 447 
79 567
local_num = 377746769608704 | Rank: 567 
79 351
79 18
79 398
79 453
local_num = 631040527106048 | Rank: 18 
local_num = 542493033136128 | Rank: 351 
79 407
local_num = 301227287314432 | Rank: 407 
local_num = 359096065130496 | Rank: 453 
local_num = 848878294663168 | Rank: 398 
79 550
local_num = 338057735405568 | Rank: 550 
79 324
local_num = 395865566674944 | Rank: 324 
79 427
local_num = 803205343051776 | Rank: 427 
79 171
local_num = 47888981950464 | Rank: 171 
79 95
local_num = 32908848627712 | Rank: 95 
79 294
local_num = 740829720477696 | Rank: 294 
79 477
local_num = 245854394417152 | Rank: 477 
79 236
local_num = 656614764183552 | Rank: 236 
79 274
local_num = 489394685362176 | Rank: 274 
79 194
local_num = 494352678223872 | Rank: 194 
79 146
local_num = 816793818660864 | Rank: 146 
79 548
local_num = 970133063467008 | Rank: 548 
79 516
local_num = 975904433504256 | Rank: 516 
79 45
local_num = 285246433755136 | Rank: 45 
79 258
local_num = 177539327459328 | Rank: 258 
79 463
local_num = 67937820049408 | Rank: 463 
79 455
local_num = 129272515002368 | Rank: 455 
79 35
79 209
local_num = 684316209872896 | Rank: 35 
local_num = 594359906500608 | Rank: 209 
79 333
local_num = 547666634276864 | Rank: 333 
79 176
local_num = 196647206846464 | Rank: 176 
79 466
local_num = 933463627464704 | Rank: 466 
79 11
local_num = 542452733181952 | Rank: 11 
79 491
local_num = 605962738958336 | Rank: 491 
79 273
local_num = 954209554661376 | Rank: 273 
79 340
local_num = 616735512625152 | Rank: 340 
79 163
local_num = 610078580441088 | Rank: 163 
79 511
local_num = 431502624718848 | Rank: 511 
79 75
local_num = 515148147392512 | Rank: 75 
79 191
local_num = 391674547699712 | Rank: 191 
79 2
local_num = 909389296140288 | Rank: 2 
79 225
79 557
local_num = 972586306961408 | Rank: 225 
79 575
local_num = 617381663473664 | Rank: 575 
local_num = 377382309134336 | Rank: 557 
79 526
local_num = 419062523527168 | Rank: 526 
79 79
local_num = 648287464620032 | Rank: 79 
79 468
local_num = 133069669367808 | Rank: 468 
79 386
local_num = 720407709515776 | Rank: 386 
79 133
local_num = 761746689949696 | Rank: 133 
79 277
local_num = 386286009450496 | Rank: 277 
79 22
local_num = 83271164133376 | Rank: 22 
79 272
79 336
local_num = 781800139751424 | Rank: 272 
local_num = 290757842796544 | Rank: 336 
79 348
79 15
local_num = 900573129506816 | Rank: 348 
79 399
79 439
local_num = 229074579324928 | Rank: 15 
local_num = 237906498715648 | Rank: 439 
local_num = 362046752423936 | Rank: 399 
79 181
79 517
local_num = 563491263021056 | Rank: 181 
local_num = 424517597200384 | Rank: 517 
79 335
local_num = 407765074870272 | Rank: 335 
79 84
local_num = 908115466502144 | Rank: 84 
79 300
local_num = 65630758699008 | Rank: 300 
79 53
79 311
local_num = 237128509718528 | Rank: 53 
local_num = 524844040093696 | Rank: 311 
79 343
local_num = 618776516558848 | Rank: 343 
79 327
local_num = 25517065535488 | Rank: 327 
79 527
local_num = 211829235777536 | Rank: 527 
79 317
local_num = 408767996100608 | Rank: 317 
79 85
local_num = 928622314487808 | Rank: 85 
79 289
local_num = 100497814093824 | Rank: 289 
79 270
local_num = 483233506656256 | Rank: 270 
79 16
local_num = 851321985466368 | Rank: 16 
79 103
local_num = 803636478574592 | Rank: 103 
79 235
local_num = 365639282163712 | Rank: 235 
79 196
local_num = 959240895266816 | Rank: 196 
79 338
79 6
79 155
79 405
local_num = 447158226255872 | Rank: 6 
local_num = 866559499337728 | Rank: 338 
local_num = 129695224725504 | Rank: 155 
local_num = 803086929985536 | Rank: 405 
79 415
local_num = 622612166311936 | Rank: 415 
79 470
local_num = 161952055525376 | Rank: 470 
79 55
79 70
local_num = 167727276916736 | Rank: 70 
local_num = 475017467625472 | Rank: 55 
79 1
local_num = 739620489396224 | Rank: 1 
79 532
local_num = 656195760553984 | Rank: 532 
79 334
local_num = 501297749753856 | Rank: 334 
79 39
local_num = 22364082110464 | Rank: 39 
79 263
local_num = 607488142114816 | Rank: 263 
79 459
local_num = 418370658402304 | Rank: 459 
79 203
local_num = 775420641705984 | Rank: 203 
79 231
79 555
local_num = 877641774497792 | Rank: 231 
local_num = 74630466207744 | Rank: 555 
79 355
79 159
local_num = 725485103710208 | Rank: 355 
local_num = 352016374595584 | Rank: 159 
79 326
local_num = 850130928828416 | Rank: 326 
79 331
local_num = 807781316395008 | Rank: 331 
79 299
local_num = 439225397444608 | Rank: 299 
79 183
local_num = 827257926352896 | Rank: 183 
79 207
local_num = 932322316255232 | Rank: 207 
79 271
local_num = 449363449839616 | Rank: 271 
79 83
79 375
local_num = 410348267405312 | Rank: 83 
79 403
local_num = 874721880834048 | Rank: 375 
local_num = 262302816632832 | Rank: 403 
79 475
79 219
local_num = 580564445396992 | Rank: 475 
local_num = 515196805480448 | Rank: 219 
79 147
79 404
local_num = 42866676662272 | Rank: 147 
local_num = 258992700096512 | Rank: 404 
79 322
local_num = 293818010927104 | Rank: 322 
79 373
local_num = 433384843870208 | Rank: 373 
79 388
local_num = 393026132901888 | Rank: 388 
79 113
local_num = 796873738190848 | Rank: 113 
79 566
79 49
79 310
local_num = 244467334709248 | Rank: 566 
79 551
local_num = 130975209848832 | Rank: 551 
local_num = 772552083849216 | Rank: 49 
local_num = 995336946876416 | Rank: 310 
79 342
79 5
local_num = 776053277392896 | Rank: 342 
local_num = 681161213935616 | Rank: 5 
79 240
79 255
local_num = 803692589842432 | Rank: 255 
local_num = 557840506052608 | Rank: 240 
79 86
local_num = 494999319248896 | Rank: 86 
79 60
local_num = 341515263049728 | Rank: 60 
79 99
79 437
local_num = 65664073334784 | Rank: 99 
local_num = 597402559512576 | Rank: 437 
79 483
local_num = 851464999272448 | Rank: 483 
79 198
local_num = 150464295272448 | Rank: 198 
79 167
local_num = 843598824439808 | Rank: 167 
79 429
local_num = 537604669734912 | Rank: 429 
79 212
local_num = 602982239207424 | Rank: 212 
79 380
local_num = 799019642945536 | Rank: 380 
79 65
local_num = 25938480349184 | Rank: 65 
79 503
79 227
local_num = 387589880086528 | Rank: 503 
local_num = 596341524103168 | Rank: 227 
79 479
local_num = 823198969430016 | Rank: 479 
79 444
local_num = 356754911051776 | Rank: 444 
79 134
local_num = 615233913143296 | Rank: 134 
79 291
local_num = 335625628909568 | Rank: 291 
79 261
local_num = 981568331382784 | Rank: 261 
79 301
local_num = 5060210098176 | Rank: 301 
79 341
local_num = 394602000285696 | Rank: 341 
79 111
local_num = 44059440021504 | Rank: 111 
79 501
local_num = 663996872916992 | Rank: 501 
79 14
local_num = 291108347772928 | Rank: 14 
79 173
79 523
local_num = 535672314888192 | Rank: 173 
local_num = 926700075614208 | Rank: 523 
79 247
local_num = 247812158816256 | Rank: 247 
79 267
79 276
local_num = 886707188334592 | Rank: 276 
local_num = 48360415821824 | Rank: 267 
79 374
79 54
local_num = 146243730026496 | Rank: 374 
local_num = 739866693828608 | Rank: 54 
79 117
local_num = 6914379743232 | Rank: 117 
79 27
local_num = 408694210854912 | Rank: 27 
79 419
local_num = 774321669603328 | Rank: 419 
79 237
local_num = 243777542258688 | Rank: 237 
79 321
local_num = 917496754896896 | Rank: 321 
79 385
local_num = 494768808493056 | Rank: 385 
79 188
local_num = 615859999309824 | Rank: 188 
79 260
local_num = 878699027136512 | Rank: 260 
79 245
local_num = 499694111522816 | Rank: 245 
79 438
79 571
local_num = 357958853001216 | Rank: 438 
79 59
local_num = 20727890509824 | Rank: 571 
local_num = 881451456561152 | Rank: 59 
79 395
79 433
local_num = 199802630275072 | Rank: 395 
local_num = 729103409446912 | Rank: 433 
79 182
local_num = 548557571096576 | Rank: 182 
79 252
local_num = 448740899848192 | Rank: 252 
79 214
local_num = 521985716191232 | Rank: 214 
79 431
local_num = 354112806518784 | Rank: 431 
79 359
local_num = 821975568285696 | Rank: 359 
79 449
79 565
local_num = 734366816976896 | Rank: 449 
79 572
local_num = 186310361350144 | Rank: 572 
local_num = 29163440422912 | Rank: 565 
79 534
local_num = 468290555625472 | Rank: 534 
79 518
local_num = 822967183671296 | Rank: 518 
79 423
local_num = 923014617104384 | Rank: 423 
79 495
local_num = 850796110217216 | Rank: 495 
79 390
local_num = 301287935311872 | Rank: 390 
79 325
local_num = 725441180106752 | Rank: 325 
79 508
local_num = 653693612457984 | Rank: 508 
79 47
local_num = 786617039355904 | Rank: 47 
79 283
local_num = 327503156543488 | Rank: 283 
79 295
local_num = 972940805832704 | Rank: 295 
79 487
local_num = 721771682988032 | Rank: 487 
79 193
local_num = 134984752791552 | Rank: 193 
79 257
local_num = 136925186490368 | Rank: 257 
79 319
local_num = 179525594087424 | Rank: 319 
79 91
local_num = 323065185337344 | Rank: 91 
79 347
local_num = 970474546003968 | Rank: 347 
79 539
local_num = 783145682665472 | Rank: 539 
79 19
79 406
local_num = 842060426805248 | Rank: 19 
79 443
local_num = 821423640477696 | Rank: 406 
local_num = 981428404649984 | Rank: 443 
79 278
local_num = 138775855497216 | Rank: 278 
79 467
local_num = 51720312651776 | Rank: 467 
79 246
local_num = 850692897439744 | Rank: 246 
79 547
local_num = 660965350703104 | Rank: 547 
79 454
local_num = 476517918031872 | Rank: 454 
79 315
local_num = 715015371685888 | Rank: 315 
79 513
local_num = 481275216330752 | Rank: 513 
79 177
local_num = 107730408669184 | Rank: 177 
79 493
local_num = 132709685919744 | Rank: 493 
79 497
79 561
local_num = 513244173041664 | Rank: 497 
local_num = 136754775916544 | Rank: 561 
79 339
local_num = 508294515687424 | Rank: 339 
79 262
local_num = 95615726911488 | Rank: 262 
79 115
local_num = 840377458671616 | Rank: 115 
79 531
local_num = 861143789928448 | Rank: 531 
79 131
local_num = 328456804040704 | Rank: 131 
79 309
local_num = 747955025215488 | Rank: 309 
79 563
local_num = 381724273639424 | Rank: 563 
79 316
local_num = 106249836101632 | Rank: 316 
79 187
local_num = 95122710167552 | Rank: 187 
79 367
local_num = 522961230626816 | Rank: 367 
79 559
local_num = 179100857860096 | Rank: 559 
79 451
local_num = 392740362354688 | Rank: 451 
79 369
local_num = 858511053094912 | Rank: 369 
79 67
local_num = 505655505321984 | Rank: 67 
79 502
local_num = 545020581543936 | Rank: 502 
79 411
local_num = 92764156362752 | Rank: 411 
79 175
79 515
local_num = 343364836753408 | Rank: 175 
local_num = 249260847693824 | Rank: 515 
79 251
local_num = 955671335796736 | Rank: 251 
79 379
79 305
local_num = 139161340837888 | Rank: 379 
local_num = 43947946049536 | Rank: 305 
79 507
local_num = 373883248934912 | Rank: 507 
79 211
local_num = 240682830659584 | Rank: 211 
79 275
local_num = 703326201348096 | Rank: 275 
79 303
local_num = 496083056787456 | Rank: 303 
79 241
local_num = 791915155357696 | Rank: 241 
79 195
local_num = 349761354432512 | Rank: 195 
79 3
local_num = 69594552696832 | Rank: 3 
79 259
local_num = 663756498993152 | Rank: 259 
79 435
local_num = 473650307825664 | Rank: 435 
79 51
local_num = 582301418913792 | Rank: 51 
79 307
local_num = 125245063397376 | Rank: 307 
79 239
local_num = 258989114949632 | Rank: 239 
79 499
local_num = 214822421938176 | Rank: 499 
79 387
local_num = 331091039387648 | Rank: 387 
79 179
local_num = 70157831503872 | Rank: 179 
79 243
local_num = 216303193325568 | Rank: 243 
79 323
local_num = 394894347763712 | Rank: 323 
79 371
local_num = 175049415458816 | Rank: 371 
Fac: 10000000000 | Result: 869336441946112
Fac: 10000000000 | Result: 869336441946112
WORLD SIZE: 576
